mode: set
bioskuy/api/v1/payment/controller/controller_impl.go:17.77,19.2 1 1
bioskuy/api/v1/payment/controller/controller_impl.go:21.58,26.16 4 1
bioskuy/api/v1/payment/controller/controller_impl.go:26.16,29.3 2 1
bioskuy/api/v1/payment/controller/controller_impl.go:31.2,34.16 3 1
bioskuy/api/v1/payment/controller/controller_impl.go:34.16,36.3 1 0
bioskuy/api/v1/payment/controller/controller_impl.go:38.2,43.38 2 0
bioskuy/api/v1/payment/controller/controller_impl.go:46.66,53.16 5 1
bioskuy/api/v1/payment/controller/controller_impl.go:53.16,56.3 2 1
bioskuy/api/v1/payment/controller/controller_impl.go:56.8,61.3 3 1
bioskuy/api/v1/payment/controller/controller_impl.go:64.66,68.19 3 1
bioskuy/api/v1/payment/controller/controller_impl.go:68.19,71.6 2 0
bioskuy/api/v1/payment/controller/controller_impl.go:73.5,78.36 2 1
bioskuy/api/v1/payment/controller/controller_impl.go:81.70,86.63 3 1
bioskuy/api/v1/payment/controller/controller_impl.go:86.63,89.3 2 1
bioskuy/api/v1/payment/controller/controller_impl.go:91.2,92.13 2 1
bioskuy/api/v1/payment/controller/controller_impl.go:92.13,95.3 2 1
bioskuy/api/v1/payment/controller/controller_impl.go:97.5,97.59 1 1
bioskuy/api/v1/payment/repository/repository_impl.go:16.51,18.6 1 1
bioskuy/api/v1/payment/repository/repository_impl.go:20.134,25.23 3 1
bioskuy/api/v1/payment/repository/repository_impl.go:25.23,28.10 2 1
bioskuy/api/v1/payment/repository/repository_impl.go:30.9,30.28 1 1
bioskuy/api/v1/payment/repository/repository_impl.go:33.126,54.23 4 1
bioskuy/api/v1/payment/repository/repository_impl.go:54.23,57.10 2 1
bioskuy/api/v1/payment/repository/repository_impl.go:58.9,60.24 2 0
bioskuy/api/v1/payment/repository/repository_impl.go:60.24,69.27 2 0
bioskuy/api/v1/payment/repository/repository_impl.go:69.27,72.14 2 0
bioskuy/api/v1/payment/repository/repository_impl.go:74.13,74.40 1 0
bioskuy/api/v1/payment/repository/repository_impl.go:75.15,77.10 1 0
bioskuy/api/v1/payment/repository/repository_impl.go:80.116,99.23 3 1
bioskuy/api/v1/payment/repository/repository_impl.go:99.23,102.10 2 1
bioskuy/api/v1/payment/repository/repository_impl.go:103.9,107.25 3 1
bioskuy/api/v1/payment/repository/repository_impl.go:107.25,117.27 3 1
bioskuy/api/v1/payment/repository/repository_impl.go:117.27,120.14 2 1
bioskuy/api/v1/payment/repository/repository_impl.go:122.13,122.57 1 0
bioskuy/api/v1/payment/repository/repository_impl.go:125.9,125.41 1 0
bioskuy/api/v1/payment/repository/repository_impl.go:125.41,128.10 2 0
bioskuy/api/v1/payment/repository/repository_impl.go:130.9,130.29 1 0
bioskuy/api/v1/payment/repository/repository_impl.go:133.136,139.23 3 1
bioskuy/api/v1/payment/repository/repository_impl.go:139.23,142.10 2 1
bioskuy/api/v1/payment/repository/repository_impl.go:144.9,144.28 1 0
bioskuy/api/v1/payment/repository/repository_impl.go:147.113,151.23 3 1
bioskuy/api/v1/payment/repository/repository_impl.go:151.23,154.10 2 1
bioskuy/api/v1/payment/repository/repository_impl.go:156.9,156.19 1 0
bioskuy/api/v1/payment/route/route.go:18.104,28.2 8 0
bioskuy/api/v1/payment/route/route.go:28.2,30.3 2 0
bioskuy/api/v1/payment/route/route.go:30.3,35.4 4 0
bioskuy/api/v1/payment/service/service_impl.go:32.225,41.2 1 1
bioskuy/api/v1/payment/service/service_impl.go:43.152,51.16 6 1
bioskuy/api/v1/payment/service/service_impl.go:51.16,54.3 2 1
bioskuy/api/v1/payment/service/service_impl.go:56.2,57.16 2 1
bioskuy/api/v1/payment/service/service_impl.go:57.16,60.3 2 0
bioskuy/api/v1/payment/service/service_impl.go:61.2,64.16 3 1
bioskuy/api/v1/payment/service/service_impl.go:64.16,67.3 2 0
bioskuy/api/v1/payment/service/service_impl.go:69.2,80.16 5 1
bioskuy/api/v1/payment/service/service_impl.go:80.16,83.3 2 1
bioskuy/api/v1/payment/service/service_impl.go:85.2,108.29 11 1
bioskuy/api/v1/payment/service/service_impl.go:111.116,115.16 3 1
bioskuy/api/v1/payment/service/service_impl.go:115.16,118.3 2 0
bioskuy/api/v1/payment/service/service_impl.go:119.2,122.16 3 1
bioskuy/api/v1/payment/service/service_impl.go:122.16,125.3 2 1
bioskuy/api/v1/payment/service/service_impl.go:127.2,149.29 22 1
bioskuy/api/v1/payment/service/service_impl.go:152.106,156.16 3 1
bioskuy/api/v1/payment/service/service_impl.go:156.16,159.3 2 0
bioskuy/api/v1/payment/service/service_impl.go:160.2,163.16 3 1
bioskuy/api/v1/payment/service/service_impl.go:163.16,166.3 2 1
bioskuy/api/v1/payment/service/service_impl.go:168.2,168.33 1 1
bioskuy/api/v1/payment/service/service_impl.go:168.33,193.3 2 1
bioskuy/api/v1/payment/service/service_impl.go:195.2,195.30 1 1
bioskuy/api/v1/payment/service/service_impl.go:198.118,201.16 2 1
bioskuy/api/v1/payment/service/service_impl.go:201.16,203.3 1 0
bioskuy/api/v1/payment/service/service_impl.go:204.2,210.62 4 1
bioskuy/api/v1/payment/service/service_impl.go:210.62,214.17 3 1
bioskuy/api/v1/payment/service/service_impl.go:214.17,216.4 1 0
bioskuy/api/v1/payment/service/service_impl.go:218.3,223.17 5 0
bioskuy/api/v1/payment/service/service_impl.go:223.17,225.4 1 0
bioskuy/api/v1/payment/service/service_impl.go:227.7,227.62 1 1
bioskuy/api/v1/payment/service/service_impl.go:227.62,230.17 2 1
bioskuy/api/v1/payment/service/service_impl.go:230.17,232.4 1 0
bioskuy/api/v1/payment/service/service_impl.go:234.3,238.17 4 0
bioskuy/api/v1/payment/service/service_impl.go:238.17,240.4 1 0
bioskuy/api/v1/payment/service/service_impl.go:242.3,246.17 5 0
bioskuy/api/v1/payment/service/service_impl.go:246.17,248.4 1 0
bioskuy/api/v1/payment/service/service_impl.go:250.7,250.65 1 1
bioskuy/api/v1/payment/service/service_impl.go:250.65,253.17 2 0
bioskuy/api/v1/payment/service/service_impl.go:253.17,255.4 1 0
bioskuy/api/v1/payment/service/service_impl.go:257.3,261.17 4 0
bioskuy/api/v1/payment/service/service_impl.go:261.17,263.4 1 0
bioskuy/api/v1/payment/service/service_impl.go:265.3,269.17 5 0
bioskuy/api/v1/payment/service/service_impl.go:269.17,271.4 1 0
bioskuy/api/v1/payment/service/service_impl.go:273.7,273.65 1 1
bioskuy/api/v1/payment/service/service_impl.go:273.65,276.17 2 0
bioskuy/api/v1/payment/service/service_impl.go:276.17,278.4 1 0
bioskuy/api/v1/payment/service/service_impl.go:280.3,284.17 4 0
bioskuy/api/v1/payment/service/service_impl.go:284.17,286.4 1 0
bioskuy/api/v1/payment/service/service_impl.go:288.3,292.17 5 0
bioskuy/api/v1/payment/service/service_impl.go:292.17,294.4 1 0
