mode: set
bioskuy/api/v1/studio/controller/controller_impl.go:17.80,19.2 1 0
bioskuy/api/v1/studio/controller/controller_impl.go:21.65,27.16 4 0
bioskuy/api/v1/studio/controller/controller_impl.go:27.16,30.3 2 0
bioskuy/api/v1/studio/controller/controller_impl.go:32.2,33.16 2 0
bioskuy/api/v1/studio/controller/controller_impl.go:33.16,35.3 1 0
bioskuy/api/v1/studio/controller/controller_impl.go:37.2,42.38 2 0
bioskuy/api/v1/studio/controller/controller_impl.go:45.65,52.16 5 0
bioskuy/api/v1/studio/controller/controller_impl.go:52.16,55.3 2 0
bioskuy/api/v1/studio/controller/controller_impl.go:55.8,60.3 3 0
bioskuy/api/v1/studio/controller/controller_impl.go:63.65,67.19 3 0
bioskuy/api/v1/studio/controller/controller_impl.go:67.19,70.6 2 0
bioskuy/api/v1/studio/controller/controller_impl.go:72.5,77.36 2 0
bioskuy/api/v1/studio/controller/controller_impl.go:80.57,87.16 5 0
bioskuy/api/v1/studio/controller/controller_impl.go:87.16,90.3 2 0
bioskuy/api/v1/studio/controller/controller_impl.go:92.2,95.16 3 0
bioskuy/api/v1/studio/controller/controller_impl.go:95.16,98.3 2 0
bioskuy/api/v1/studio/controller/controller_impl.go:100.2,105.33 2 0
bioskuy/api/v1/studio/controller/controller_impl.go:108.57,114.16 5 0
bioskuy/api/v1/studio/controller/controller_impl.go:114.16,118.3 2 0
bioskuy/api/v1/studio/controller/controller_impl.go:118.8,123.3 3 0
bioskuy/api/v1/studio/service/service_impl.go:28.153,30.2 1 0
bioskuy/api/v1/studio/service/service_impl.go:32.130,36.19 3 0
bioskuy/api/v1/studio/service/service_impl.go:36.19,39.6 2 0
bioskuy/api/v1/studio/service/service_impl.go:41.5,41.32 1 0
bioskuy/api/v1/studio/service/service_impl.go:41.32,45.6 3 0
bioskuy/api/v1/studio/service/service_impl.go:47.5,48.21 2 0
bioskuy/api/v1/studio/service/service_impl.go:48.21,52.6 3 0
bioskuy/api/v1/studio/service/service_impl.go:54.5,55.19 2 0
bioskuy/api/v1/studio/service/service_impl.go:55.19,58.6 2 0
bioskuy/api/v1/studio/service/service_impl.go:59.5,67.19 4 0
bioskuy/api/v1/studio/service/service_impl.go:67.19,70.6 2 0
bioskuy/api/v1/studio/service/service_impl.go:72.5,72.40 1 0
bioskuy/api/v1/studio/service/service_impl.go:72.40,73.68 1 0
bioskuy/api/v1/studio/service/service_impl.go:73.68,75.49 2 0
bioskuy/api/v1/studio/service/service_impl.go:75.49,76.22 1 0
bioskuy/api/v1/studio/service/service_impl.go:78.13,87.27 4 0
bioskuy/api/v1/studio/service/service_impl.go:87.27,90.14 2 0
bioskuy/api/v1/studio/service/service_impl.go:94.5,98.31 4 0
bioskuy/api/v1/studio/service/service_impl.go:101.109,106.16 3 0
bioskuy/api/v1/studio/service/service_impl.go:106.16,109.3 2 0
bioskuy/api/v1/studio/service/service_impl.go:110.2,113.16 3 0
bioskuy/api/v1/studio/service/service_impl.go:113.16,116.3 2 0
bioskuy/api/v1/studio/service/service_impl.go:118.2,122.28 4 0
bioskuy/api/v1/studio/service/service_impl.go:125.99,129.16 3 0
bioskuy/api/v1/studio/service/service_impl.go:129.16,132.3 2 0
bioskuy/api/v1/studio/service/service_impl.go:133.2,136.16 3 0
bioskuy/api/v1/studio/service/service_impl.go:136.16,139.3 2 0
bioskuy/api/v1/studio/service/service_impl.go:141.2,141.32 1 0
bioskuy/api/v1/studio/service/service_impl.go:141.32,150.3 5 0
bioskuy/api/v1/studio/service/service_impl.go:152.2,152.29 1 0
bioskuy/api/v1/studio/service/service_impl.go:155.129,160.19 4 0
bioskuy/api/v1/studio/service/service_impl.go:160.19,163.3 2 0
bioskuy/api/v1/studio/service/service_impl.go:165.5,166.19 2 0
bioskuy/api/v1/studio/service/service_impl.go:166.19,169.3 2 0
bioskuy/api/v1/studio/service/service_impl.go:171.5,172.19 2 0
bioskuy/api/v1/studio/service/service_impl.go:172.19,175.3 2 0
bioskuy/api/v1/studio/service/service_impl.go:176.5,182.24 5 0
bioskuy/api/v1/studio/service/service_impl.go:182.24,184.3 1 0
bioskuy/api/v1/studio/service/service_impl.go:186.5,187.16 2 0
bioskuy/api/v1/studio/service/service_impl.go:187.16,190.3 2 0
bioskuy/api/v1/studio/service/service_impl.go:192.5,196.31 4 0
bioskuy/api/v1/studio/service/service_impl.go:199.86,201.19 2 0
bioskuy/api/v1/studio/service/service_impl.go:201.19,204.6 2 0
bioskuy/api/v1/studio/service/service_impl.go:205.5,208.19 3 0
bioskuy/api/v1/studio/service/service_impl.go:208.19,211.6 2 0
bioskuy/api/v1/studio/service/service_impl.go:213.5,214.19 2 0
bioskuy/api/v1/studio/service/service_impl.go:214.19,217.6 2 0
bioskuy/api/v1/studio/service/service_impl.go:219.5,220.19 2 0
bioskuy/api/v1/studio/service/service_impl.go:220.19,223.6 2 0
bioskuy/api/v1/studio/service/service_impl.go:225.5,225.15 1 0
bioskuy/api/v1/studio/route/route.go:17.103,28.2 7 0
bioskuy/api/v1/studio/route/route.go:28.2,30.3 2 0
bioskuy/api/v1/studio/route/route.go:30.3,36.4 5 0
bioskuy/api/v1/studio/repository/repository_impl.go:17.45,19.2 1 1
bioskuy/api/v1/studio/repository/repository_impl.go:21.126,25.16 3 1
bioskuy/api/v1/studio/repository/repository_impl.go:25.16,28.3 2 1
bioskuy/api/v1/studio/repository/repository_impl.go:30.2,30.20 1 1
bioskuy/api/v1/studio/repository/repository_impl.go:33.119,41.16 5 1
bioskuy/api/v1/studio/repository/repository_impl.go:41.16,44.3 2 1
bioskuy/api/v1/studio/repository/repository_impl.go:45.2,47.16 2 1
bioskuy/api/v1/studio/repository/repository_impl.go:47.16,49.17 2 1
bioskuy/api/v1/studio/repository/repository_impl.go:49.17,52.4 2 0
bioskuy/api/v1/studio/repository/repository_impl.go:54.3,54.21 1 1
bioskuy/api/v1/studio/repository/repository_impl.go:55.7,57.3 1 0
bioskuy/api/v1/studio/repository/repository_impl.go:60.109,66.16 4 1
bioskuy/api/v1/studio/repository/repository_impl.go:66.16,69.3 2 0
bioskuy/api/v1/studio/repository/repository_impl.go:70.2,72.18 2 1
bioskuy/api/v1/studio/repository/repository_impl.go:72.18,74.79 2 1
bioskuy/api/v1/studio/repository/repository_impl.go:74.79,76.4 1 0
bioskuy/api/v1/studio/repository/repository_impl.go:77.3,77.36 1 1
bioskuy/api/v1/studio/repository/repository_impl.go:79.2,79.21 1 1
bioskuy/api/v1/studio/repository/repository_impl.go:82.128,88.16 3 1
bioskuy/api/v1/studio/repository/repository_impl.go:88.16,91.3 2 1
bioskuy/api/v1/studio/repository/repository_impl.go:93.2,93.20 1 0
bioskuy/api/v1/studio/repository/repository_impl.go:96.100,101.16 3 1
bioskuy/api/v1/studio/repository/repository_impl.go:101.16,104.3 2 1
bioskuy/api/v1/studio/repository/repository_impl.go:106.2,106.12 1 1
