mode: set
bioskuy/api/v1/seat/service/service_impl.go:22.106,24.2 1 0
bioskuy/api/v1/seat/service/service_impl.go:26.105,31.16 3 1
bioskuy/api/v1/seat/service/service_impl.go:31.16,34.3 2 1
bioskuy/api/v1/seat/service/service_impl.go:35.2,38.16 3 1
bioskuy/api/v1/seat/service/service_impl.go:38.16,41.3 2 1
bioskuy/api/v1/seat/service/service_impl.go:43.2,48.26 5 1
bioskuy/api/v1/seat/service/service_impl.go:51.106,55.16 3 1
bioskuy/api/v1/seat/service/service_impl.go:55.16,58.3 2 1
bioskuy/api/v1/seat/service/service_impl.go:59.2,62.16 3 1
bioskuy/api/v1/seat/service/service_impl.go:62.16,65.3 2 1
bioskuy/api/v1/seat/service/service_impl.go:67.2,67.30 1 1
bioskuy/api/v1/seat/service/service_impl.go:67.30,77.3 6 1
bioskuy/api/v1/seat/service/service_impl.go:79.2,79.29 1 1
