mode: set
bioskuy/api/v1/payment/controller/controller_impl.go:17.77,19.2 1 1
bioskuy/api/v1/payment/controller/controller_impl.go:21.58,26.16 4 1
bioskuy/api/v1/payment/controller/controller_impl.go:26.16,29.3 2 1
bioskuy/api/v1/payment/controller/controller_impl.go:31.2,34.16 3 1
bioskuy/api/v1/payment/controller/controller_impl.go:34.16,36.3 1 0
bioskuy/api/v1/payment/controller/controller_impl.go:38.2,43.38 2 0
bioskuy/api/v1/payment/controller/controller_impl.go:46.66,53.16 5 1
bioskuy/api/v1/payment/controller/controller_impl.go:53.16,56.3 2 1
bioskuy/api/v1/payment/controller/controller_impl.go:56.8,61.3 3 1
bioskuy/api/v1/payment/controller/controller_impl.go:64.66,68.19 3 1
bioskuy/api/v1/payment/controller/controller_impl.go:68.19,71.6 2 0
bioskuy/api/v1/payment/controller/controller_impl.go:73.5,78.36 2 1
bioskuy/api/v1/payment/controller/controller_impl.go:81.70,86.63 3 1
bioskuy/api/v1/payment/controller/controller_impl.go:86.63,89.3 2 1
bioskuy/api/v1/payment/controller/controller_impl.go:91.2,92.13 2 1
bioskuy/api/v1/payment/controller/controller_impl.go:92.13,95.3 2 1
bioskuy/api/v1/payment/controller/controller_impl.go:97.5,97.59 1 1
