mode: set
bioskuy/api/v1/showtime/service/service_impl.go:28.200,36.2 1 0
bioskuy/api/v1/showtime/service/service_impl.go:38.145,47.16 7 0
bioskuy/api/v1/showtime/service/service_impl.go:47.16,50.3 2 0
bioskuy/api/v1/showtime/service/service_impl.go:52.2,53.16 2 0
bioskuy/api/v1/showtime/service/service_impl.go:53.16,56.3 2 0
bioskuy/api/v1/showtime/service/service_impl.go:57.2,60.16 3 0
bioskuy/api/v1/showtime/service/service_impl.go:60.16,63.3 2 0
bioskuy/api/v1/showtime/service/service_impl.go:65.2,66.16 2 0
bioskuy/api/v1/showtime/service/service_impl.go:66.16,69.3 2 0
bioskuy/api/v1/showtime/service/service_impl.go:71.2,85.16 6 0
bioskuy/api/v1/showtime/service/service_impl.go:85.16,88.3 2 0
bioskuy/api/v1/showtime/service/service_impl.go:90.2,91.16 2 0
bioskuy/api/v1/showtime/service/service_impl.go:91.16,94.3 2 0
bioskuy/api/v1/showtime/service/service_impl.go:96.2,101.30 5 0
bioskuy/api/v1/showtime/service/service_impl.go:104.119,108.16 3 0
bioskuy/api/v1/showtime/service/service_impl.go:108.16,111.3 2 0
bioskuy/api/v1/showtime/service/service_impl.go:112.2,115.16 3 0
bioskuy/api/v1/showtime/service/service_impl.go:115.16,118.3 2 0
bioskuy/api/v1/showtime/service/service_impl.go:120.2,130.30 10 0
bioskuy/api/v1/showtime/service/service_impl.go:133.109,137.16 3 0
bioskuy/api/v1/showtime/service/service_impl.go:137.16,140.3 2 0
bioskuy/api/v1/showtime/service/service_impl.go:141.2,144.16 3 0
bioskuy/api/v1/showtime/service/service_impl.go:144.16,147.3 2 0
bioskuy/api/v1/showtime/service/service_impl.go:149.2,149.33 1 0
bioskuy/api/v1/showtime/service/service_impl.go:149.33,162.3 2 0
bioskuy/api/v1/showtime/service/service_impl.go:164.2,164.31 1 0
bioskuy/api/v1/showtime/service/service_impl.go:167.92,171.16 3 0
bioskuy/api/v1/showtime/service/service_impl.go:171.16,174.3 2 0
bioskuy/api/v1/showtime/service/service_impl.go:175.2,178.16 3 0
bioskuy/api/v1/showtime/service/service_impl.go:178.16,181.3 2 0
bioskuy/api/v1/showtime/service/service_impl.go:183.2,186.16 3 0
bioskuy/api/v1/showtime/service/service_impl.go:186.16,189.3 2 0
bioskuy/api/v1/showtime/service/service_impl.go:191.2,191.12 1 0
bioskuy/api/v1/showtime/service/service_impl.go:28.200,36.2 1 1
bioskuy/api/v1/showtime/service/service_impl.go:38.145,47.16 7 1
bioskuy/api/v1/showtime/service/service_impl.go:47.16,50.3 2 0
bioskuy/api/v1/showtime/service/service_impl.go:52.2,53.16 2 1
bioskuy/api/v1/showtime/service/service_impl.go:53.16,56.3 2 1
bioskuy/api/v1/showtime/service/service_impl.go:57.2,60.16 3 0
bioskuy/api/v1/showtime/service/service_impl.go:60.16,63.3 2 0
bioskuy/api/v1/showtime/service/service_impl.go:65.2,66.16 2 0
bioskuy/api/v1/showtime/service/service_impl.go:66.16,69.3 2 0
bioskuy/api/v1/showtime/service/service_impl.go:71.2,85.16 6 0
bioskuy/api/v1/showtime/service/service_impl.go:85.16,88.3 2 0
bioskuy/api/v1/showtime/service/service_impl.go:90.2,91.16 2 0
bioskuy/api/v1/showtime/service/service_impl.go:91.16,94.3 2 0
bioskuy/api/v1/showtime/service/service_impl.go:96.2,101.30 5 0
bioskuy/api/v1/showtime/service/service_impl.go:104.119,108.16 3 0
bioskuy/api/v1/showtime/service/service_impl.go:108.16,111.3 2 0
bioskuy/api/v1/showtime/service/service_impl.go:112.2,115.16 3 0
bioskuy/api/v1/showtime/service/service_impl.go:115.16,118.3 2 0
bioskuy/api/v1/showtime/service/service_impl.go:120.2,130.30 10 0
bioskuy/api/v1/showtime/service/service_impl.go:133.109,137.16 3 0
bioskuy/api/v1/showtime/service/service_impl.go:137.16,140.3 2 0
bioskuy/api/v1/showtime/service/service_impl.go:141.2,144.16 3 0
bioskuy/api/v1/showtime/service/service_impl.go:144.16,147.3 2 0
bioskuy/api/v1/showtime/service/service_impl.go:149.2,149.33 1 0
bioskuy/api/v1/showtime/service/service_impl.go:149.33,162.3 2 0
bioskuy/api/v1/showtime/service/service_impl.go:164.2,164.31 1 0
bioskuy/api/v1/showtime/service/service_impl.go:167.92,171.16 3 0
bioskuy/api/v1/showtime/service/service_impl.go:171.16,174.3 2 0
bioskuy/api/v1/showtime/service/service_impl.go:175.2,178.16 3 0
bioskuy/api/v1/showtime/service/service_impl.go:178.16,181.3 2 0
bioskuy/api/v1/showtime/service/service_impl.go:183.2,186.16 3 0
bioskuy/api/v1/showtime/service/service_impl.go:186.16,189.3 2 0
bioskuy/api/v1/showtime/service/service_impl.go:191.2,191.12 1 0
