mode: set
bioskuy/api/v1/showtime/repository/repository_impl.go:18.49,20.2 1 0
bioskuy/api/v1/showtime/repository/repository_impl.go:22.134,30.16 5 0
bioskuy/api/v1/showtime/repository/repository_impl.go:30.16,33.3 2 0
bioskuy/api/v1/showtime/repository/repository_impl.go:35.2,35.22 1 0
bioskuy/api/v1/showtime/repository/repository_impl.go:38.123,48.16 4 0
bioskuy/api/v1/showtime/repository/repository_impl.go:48.16,51.3 2 0
bioskuy/api/v1/showtime/repository/repository_impl.go:52.2,54.16 2 0
bioskuy/api/v1/showtime/repository/repository_impl.go:54.16,60.17 2 0
bioskuy/api/v1/showtime/repository/repository_impl.go:60.17,63.4 2 0
bioskuy/api/v1/showtime/repository/repository_impl.go:65.3,65.23 1 0
bioskuy/api/v1/showtime/repository/repository_impl.go:66.7,68.3 1 0
bioskuy/api/v1/showtime/repository/repository_impl.go:71.113,82.16 4 0
bioskuy/api/v1/showtime/repository/repository_impl.go:82.16,85.3 2 0
bioskuy/api/v1/showtime/repository/repository_impl.go:86.2,88.18 2 0
bioskuy/api/v1/showtime/repository/repository_impl.go:88.18,94.23 2 0
bioskuy/api/v1/showtime/repository/repository_impl.go:94.23,96.4 1 0
bioskuy/api/v1/showtime/repository/repository_impl.go:97.3,97.42 1 0
bioskuy/api/v1/showtime/repository/repository_impl.go:99.2,99.23 1 0
bioskuy/api/v1/showtime/repository/repository_impl.go:102.102,107.16 3 0
bioskuy/api/v1/showtime/repository/repository_impl.go:107.16,110.3 2 0
bioskuy/api/v1/showtime/repository/repository_impl.go:112.2,112.12 1 0
bioskuy/api/v1/showtime/repository/repository_impl.go:115.164,127.19 3 0
bioskuy/api/v1/showtime/repository/repository_impl.go:127.19,130.6 2 0
bioskuy/api/v1/showtime/repository/repository_impl.go:131.5,133.20 2 0
bioskuy/api/v1/showtime/repository/repository_impl.go:133.20,135.6 1 0
bioskuy/api/v1/showtime/repository/repository_impl.go:137.5,137.15 1 0
bioskuy/api/v1/showtime/repository/repository_impl.go:18.49,20.2 1 1
bioskuy/api/v1/showtime/repository/repository_impl.go:22.134,30.16 5 1
bioskuy/api/v1/showtime/repository/repository_impl.go:30.16,33.3 2 1
bioskuy/api/v1/showtime/repository/repository_impl.go:35.2,35.22 1 1
bioskuy/api/v1/showtime/repository/repository_impl.go:38.123,48.16 4 1
bioskuy/api/v1/showtime/repository/repository_impl.go:48.16,51.3 2 1
bioskuy/api/v1/showtime/repository/repository_impl.go:52.2,54.16 2 1
bioskuy/api/v1/showtime/repository/repository_impl.go:54.16,60.17 2 1
bioskuy/api/v1/showtime/repository/repository_impl.go:60.17,63.4 2 1
bioskuy/api/v1/showtime/repository/repository_impl.go:65.3,65.23 1 1
bioskuy/api/v1/showtime/repository/repository_impl.go:66.7,68.3 1 1
bioskuy/api/v1/showtime/repository/repository_impl.go:71.113,82.16 4 1
bioskuy/api/v1/showtime/repository/repository_impl.go:82.16,85.3 2 1
bioskuy/api/v1/showtime/repository/repository_impl.go:86.2,88.18 2 1
bioskuy/api/v1/showtime/repository/repository_impl.go:88.18,94.23 2 1
bioskuy/api/v1/showtime/repository/repository_impl.go:94.23,96.4 1 0
bioskuy/api/v1/showtime/repository/repository_impl.go:97.3,97.42 1 1
bioskuy/api/v1/showtime/repository/repository_impl.go:99.2,99.23 1 1
bioskuy/api/v1/showtime/repository/repository_impl.go:102.102,107.16 3 1
bioskuy/api/v1/showtime/repository/repository_impl.go:107.16,110.3 2 1
bioskuy/api/v1/showtime/repository/repository_impl.go:112.2,112.12 1 1
bioskuy/api/v1/showtime/repository/repository_impl.go:115.164,127.19 3 1
bioskuy/api/v1/showtime/repository/repository_impl.go:127.19,130.6 2 1
bioskuy/api/v1/showtime/repository/repository_impl.go:131.5,133.20 2 0
bioskuy/api/v1/showtime/repository/repository_impl.go:133.20,135.6 1 0
bioskuy/api/v1/showtime/repository/repository_impl.go:137.5,137.15 1 0
