mode: set
bioskuy/api/v1/movies/mock/servicemock/movie_service_mock.go:15.97,18.2 2 0
bioskuy/api/v1/movies/mock/servicemock/movie_service_mock.go:20.82,23.2 2 0
bioskuy/api/v1/movies/mock/servicemock/movie_service_mock.go:25.77,28.2 2 0
bioskuy/api/v1/movies/mock/servicemock/movie_service_mock.go:30.82,33.2 2 0
bioskuy/api/v1/movies/mock/servicemock/movie_service_mock.go:35.76,38.2 2 0
bioskuy/api/v1/movies/mock/repomock/movie_repository_mock.go:15.94,18.2 2 0
bioskuy/api/v1/movies/mock/repomock/movie_repository_mock.go:20.80,23.2 2 0
bioskuy/api/v1/movies/mock/repomock/movie_repository_mock.go:25.75,28.2 2 0
bioskuy/api/v1/movies/mock/repomock/movie_repository_mock.go:30.80,33.2 2 0
bioskuy/api/v1/movies/mock/repomock/movie_repository_mock.go:35.74,38.2 2 0
bioskuy/api/v1/movies/controller/controller_impl.go:19.71,21.2 1 1
bioskuy/api/v1/movies/controller/controller_impl.go:23.63,25.28 2 1
bioskuy/api/v1/movies/controller/controller_impl.go:25.28,27.3 1 0
bioskuy/api/v1/movies/controller/controller_impl.go:28.2,29.28 2 1
bioskuy/api/v1/movies/controller/controller_impl.go:29.28,31.3 1 0
bioskuy/api/v1/movies/controller/controller_impl.go:33.2,34.16 2 1
bioskuy/api/v1/movies/controller/controller_impl.go:34.16,37.3 2 0
bioskuy/api/v1/movies/controller/controller_impl.go:39.2,47.33 2 0
bioskuy/api/v1/movies/controller/controller_impl.go:50.62,52.53 2 1
bioskuy/api/v1/movies/controller/controller_impl.go:52.53,55.3 2 1
bioskuy/api/v1/movies/controller/controller_impl.go:56.2,64.16 3 1
bioskuy/api/v1/movies/controller/controller_impl.go:64.16,67.3 2 1
bioskuy/api/v1/movies/controller/controller_impl.go:68.2,68.226 1 1
bioskuy/api/v1/movies/controller/controller_impl.go:71.59,73.16 2 1
bioskuy/api/v1/movies/controller/controller_impl.go:73.16,76.3 2 1
bioskuy/api/v1/movies/controller/controller_impl.go:77.2,78.16 2 1
bioskuy/api/v1/movies/controller/controller_impl.go:78.16,81.3 2 1
bioskuy/api/v1/movies/controller/controller_impl.go:82.2,82.179 1 1
bioskuy/api/v1/movies/controller/controller_impl.go:85.62,88.16 2 1
bioskuy/api/v1/movies/controller/controller_impl.go:88.16,91.3 2 1
bioskuy/api/v1/movies/controller/controller_impl.go:92.2,93.53 2 1
bioskuy/api/v1/movies/controller/controller_impl.go:93.53,96.3 2 1
bioskuy/api/v1/movies/controller/controller_impl.go:97.2,106.16 3 1
bioskuy/api/v1/movies/controller/controller_impl.go:106.16,109.3 2 1
bioskuy/api/v1/movies/controller/controller_impl.go:110.2,110.221 1 1
bioskuy/api/v1/movies/controller/controller_impl.go:113.62,115.16 2 1
bioskuy/api/v1/movies/controller/controller_impl.go:115.16,118.3 2 1
bioskuy/api/v1/movies/controller/controller_impl.go:119.2,120.16 2 1
bioskuy/api/v1/movies/controller/controller_impl.go:120.16,123.3 2 0
bioskuy/api/v1/movies/controller/controller_impl.go:124.2,124.221 1 0
bioskuy/api/v1/movies/mock/servicemock/movie_service_mock.go:15.97,18.2 2 1
bioskuy/api/v1/movies/mock/servicemock/movie_service_mock.go:20.82,23.2 2 1
bioskuy/api/v1/movies/mock/servicemock/movie_service_mock.go:25.77,28.2 2 1
bioskuy/api/v1/movies/mock/servicemock/movie_service_mock.go:30.82,33.2 2 1
bioskuy/api/v1/movies/mock/servicemock/movie_service_mock.go:35.76,38.2 2 1
bioskuy/api/v1/movies/route/route.go:16.102,24.2 6 0
bioskuy/api/v1/movies/route/route.go:24.2,26.3 2 0
bioskuy/api/v1/movies/route/route.go:26.3,32.4 5 0
bioskuy/api/v1/movies/repository/repository_impl.go:16.53,18.2 1 1
bioskuy/api/v1/movies/repository/repository_impl.go:20.94,26.16 4 1
bioskuy/api/v1/movies/repository/repository_impl.go:26.16,28.3 1 1
bioskuy/api/v1/movies/repository/repository_impl.go:29.2,33.16 4 1
bioskuy/api/v1/movies/repository/repository_impl.go:33.16,35.3 1 1
bioskuy/api/v1/movies/repository/repository_impl.go:37.2,37.18 1 1
bioskuy/api/v1/movies/repository/repository_impl.go:37.18,41.17 3 1
bioskuy/api/v1/movies/repository/repository_impl.go:41.17,43.4 1 1
bioskuy/api/v1/movies/repository/repository_impl.go:44.3,44.37 1 1
bioskuy/api/v1/movies/repository/repository_impl.go:47.2,53.30 2 1
bioskuy/api/v1/movies/repository/repository_impl.go:56.80,59.16 2 1
bioskuy/api/v1/movies/repository/repository_impl.go:59.16,61.3 1 1
bioskuy/api/v1/movies/repository/repository_impl.go:62.2,62.19 1 1
bioskuy/api/v1/movies/repository/repository_impl.go:65.75,69.16 3 1
bioskuy/api/v1/movies/repository/repository_impl.go:69.16,71.3 1 1
bioskuy/api/v1/movies/repository/repository_impl.go:72.2,72.19 1 1
bioskuy/api/v1/movies/repository/repository_impl.go:75.80,78.16 2 1
bioskuy/api/v1/movies/repository/repository_impl.go:78.16,80.3 1 1
bioskuy/api/v1/movies/repository/repository_impl.go:81.2,81.19 1 1
bioskuy/api/v1/movies/repository/repository_impl.go:84.74,88.16 3 1
bioskuy/api/v1/movies/repository/repository_impl.go:88.16,90.3 1 1
bioskuy/api/v1/movies/repository/repository_impl.go:91.2,91.19 1 1
bioskuy/api/v1/movies/mock/repomock/movie_repository_mock.go:15.94,18.2 2 1
bioskuy/api/v1/movies/mock/repomock/movie_repository_mock.go:20.80,23.2 2 1
bioskuy/api/v1/movies/mock/repomock/movie_repository_mock.go:25.75,28.2 2 1
bioskuy/api/v1/movies/mock/repomock/movie_repository_mock.go:30.80,33.2 2 1
bioskuy/api/v1/movies/mock/repomock/movie_repository_mock.go:35.74,38.2 2 1
bioskuy/api/v1/movies/service/service_impl.go:15.68,17.2 1 1
bioskuy/api/v1/movies/service/service_impl.go:18.97,20.2 1 1
bioskuy/api/v1/movies/service/service_impl.go:22.82,24.2 1 1
bioskuy/api/v1/movies/service/service_impl.go:26.77,28.2 1 1
bioskuy/api/v1/movies/service/service_impl.go:30.82,32.2 1 1
bioskuy/api/v1/movies/service/service_impl.go:34.76,36.2 1 1
