mode: set
bioskuy/api/v1/seat/repository/repository_impl.go:16.41,18.2 1 1
bioskuy/api/v1/seat/repository/repository_impl.go:20.119,24.16 3 1
bioskuy/api/v1/seat/repository/repository_impl.go:24.16,27.3 2 1
bioskuy/api/v1/seat/repository/repository_impl.go:29.2,29.18 1 1
bioskuy/api/v1/seat/repository/repository_impl.go:32.116,38.16 4 1
bioskuy/api/v1/seat/repository/repository_impl.go:38.16,41.3 2 1
bioskuy/api/v1/seat/repository/repository_impl.go:42.2,44.17 2 1
bioskuy/api/v1/seat/repository/repository_impl.go:44.17,46.17 2 1
bioskuy/api/v1/seat/repository/repository_impl.go:46.17,49.4 2 0
bioskuy/api/v1/seat/repository/repository_impl.go:51.3,51.19 1 1
bioskuy/api/v1/seat/repository/repository_impl.go:52.8,54.3 1 1
bioskuy/api/v1/seat/repository/repository_impl.go:57.131,63.16 4 1
bioskuy/api/v1/seat/repository/repository_impl.go:63.16,66.3 2 1
bioskuy/api/v1/seat/repository/repository_impl.go:67.2,69.16 2 1
bioskuy/api/v1/seat/repository/repository_impl.go:69.16,71.17 2 1
bioskuy/api/v1/seat/repository/repository_impl.go:71.17,74.4 2 0
bioskuy/api/v1/seat/repository/repository_impl.go:76.3,76.19 1 1
bioskuy/api/v1/seat/repository/repository_impl.go:77.7,79.3 1 0
bioskuy/api/v1/seat/repository/repository_impl.go:82.120,88.16 3 1
bioskuy/api/v1/seat/repository/repository_impl.go:88.16,91.3 2 1
bioskuy/api/v1/seat/repository/repository_impl.go:93.2,93.18 1 1
bioskuy/api/v1/seat/repository/repository_impl.go:96.116,102.16 4 1
bioskuy/api/v1/seat/repository/repository_impl.go:102.16,105.3 2 1
bioskuy/api/v1/seat/repository/repository_impl.go:106.2,108.18 2 1
bioskuy/api/v1/seat/repository/repository_impl.go:108.18,110.92 2 1
bioskuy/api/v1/seat/repository/repository_impl.go:110.92,112.4 1 0
bioskuy/api/v1/seat/repository/repository_impl.go:113.3,113.30 1 1
bioskuy/api/v1/seat/repository/repository_impl.go:115.2,115.19 1 1
bioskuy/api/v1/seat/repository/repository_impl.go:118.99,123.16 3 1
bioskuy/api/v1/seat/repository/repository_impl.go:123.16,126.3 2 1
bioskuy/api/v1/seat/repository/repository_impl.go:128.2,128.12 1 1
