mode: set
bioskuy/api/v1/studio/service/service_impl.go:28.153,30.2 1 0
bioskuy/api/v1/studio/service/service_impl.go:32.130,36.19 3 1
bioskuy/api/v1/studio/service/service_impl.go:36.19,39.6 2 0
bioskuy/api/v1/studio/service/service_impl.go:41.5,41.32 1 1
bioskuy/api/v1/studio/service/service_impl.go:41.32,45.6 3 0
bioskuy/api/v1/studio/service/service_impl.go:47.5,48.21 2 1
bioskuy/api/v1/studio/service/service_impl.go:48.21,52.6 3 0
bioskuy/api/v1/studio/service/service_impl.go:54.5,55.19 2 1
bioskuy/api/v1/studio/service/service_impl.go:55.19,58.6 2 0
bioskuy/api/v1/studio/service/service_impl.go:59.5,67.19 4 1
bioskuy/api/v1/studio/service/service_impl.go:67.19,70.6 2 1
bioskuy/api/v1/studio/service/service_impl.go:72.5,72.40 1 0
bioskuy/api/v1/studio/service/service_impl.go:72.40,73.68 1 0
bioskuy/api/v1/studio/service/service_impl.go:73.68,75.49 2 0
bioskuy/api/v1/studio/service/service_impl.go:75.49,76.22 1 0
bioskuy/api/v1/studio/service/service_impl.go:78.13,87.27 4 0
bioskuy/api/v1/studio/service/service_impl.go:87.27,90.14 2 0
bioskuy/api/v1/studio/service/service_impl.go:94.5,98.31 4 0
bioskuy/api/v1/studio/service/service_impl.go:101.109,106.16 3 1
bioskuy/api/v1/studio/service/service_impl.go:106.16,109.3 2 0
bioskuy/api/v1/studio/service/service_impl.go:110.2,113.16 3 1
bioskuy/api/v1/studio/service/service_impl.go:113.16,116.3 2 0
bioskuy/api/v1/studio/service/service_impl.go:118.2,122.28 4 1
bioskuy/api/v1/studio/service/service_impl.go:125.99,129.16 3 1
bioskuy/api/v1/studio/service/service_impl.go:129.16,132.3 2 0
bioskuy/api/v1/studio/service/service_impl.go:133.2,136.16 3 1
bioskuy/api/v1/studio/service/service_impl.go:136.16,139.3 2 0
bioskuy/api/v1/studio/service/service_impl.go:141.2,141.32 1 1
bioskuy/api/v1/studio/service/service_impl.go:141.32,150.3 5 1
bioskuy/api/v1/studio/service/service_impl.go:152.2,152.29 1 1
bioskuy/api/v1/studio/service/service_impl.go:155.129,160.19 4 1
bioskuy/api/v1/studio/service/service_impl.go:160.19,163.3 2 0
bioskuy/api/v1/studio/service/service_impl.go:165.5,166.19 2 1
bioskuy/api/v1/studio/service/service_impl.go:166.19,169.3 2 0
bioskuy/api/v1/studio/service/service_impl.go:171.5,172.19 2 1
bioskuy/api/v1/studio/service/service_impl.go:172.19,175.3 2 1
bioskuy/api/v1/studio/service/service_impl.go:176.5,182.24 5 0
bioskuy/api/v1/studio/service/service_impl.go:182.24,184.3 1 0
bioskuy/api/v1/studio/service/service_impl.go:186.5,187.16 2 0
bioskuy/api/v1/studio/service/service_impl.go:187.16,190.3 2 0
bioskuy/api/v1/studio/service/service_impl.go:192.5,196.31 4 0
bioskuy/api/v1/studio/service/service_impl.go:199.86,201.19 2 1
bioskuy/api/v1/studio/service/service_impl.go:201.19,204.6 2 0
bioskuy/api/v1/studio/service/service_impl.go:205.5,208.19 3 1
bioskuy/api/v1/studio/service/service_impl.go:208.19,211.6 2 0
bioskuy/api/v1/studio/service/service_impl.go:213.5,214.19 2 1
bioskuy/api/v1/studio/service/service_impl.go:214.19,217.6 2 0
bioskuy/api/v1/studio/service/service_impl.go:219.5,220.19 2 1
bioskuy/api/v1/studio/service/service_impl.go:220.19,223.6 2 0
bioskuy/api/v1/studio/service/service_impl.go:225.5,225.15 1 1
