mode: set
bioskuy/api/v1/seatbooking/service/service_impl.go:29.97,37.2 1 1
bioskuy/api/v1/seatbooking/service/service_impl.go:39.164,48.16 7 1
bioskuy/api/v1/seatbooking/service/service_impl.go:48.16,51.3 2 1
bioskuy/api/v1/seatbooking/service/service_impl.go:53.2,57.16 4 1
bioskuy/api/v1/seatbooking/service/service_impl.go:57.16,60.3 2 1
bioskuy/api/v1/seatbooking/service/service_impl.go:61.2,64.16 3 0
bioskuy/api/v1/seatbooking/service/service_impl.go:64.16,67.3 2 0
bioskuy/api/v1/seatbooking/service/service_impl.go:69.2,70.16 2 0
bioskuy/api/v1/seatbooking/service/service_impl.go:70.16,73.3 2 0
bioskuy/api/v1/seatbooking/service/service_impl.go:75.2,83.16 3 0
bioskuy/api/v1/seatbooking/service/service_impl.go:83.16,86.3 2 0
bioskuy/api/v1/seatbooking/service/service_impl.go:88.2,91.16 3 0
bioskuy/api/v1/seatbooking/service/service_impl.go:91.16,94.3 2 0
bioskuy/api/v1/seatbooking/service/service_impl.go:96.2,100.33 4 0
bioskuy/api/v1/seatbooking/service/service_impl.go:103.124,107.16 3 1
bioskuy/api/v1/seatbooking/service/service_impl.go:107.16,110.3 2 1
bioskuy/api/v1/seatbooking/service/service_impl.go:111.2,114.16 3 0
bioskuy/api/v1/seatbooking/service/service_impl.go:114.16,117.3 2 0
bioskuy/api/v1/seatbooking/service/service_impl.go:119.2,138.33 19 0
bioskuy/api/v1/seatbooking/service/service_impl.go:141.114,145.16 3 1
bioskuy/api/v1/seatbooking/service/service_impl.go:145.16,148.3 2 1
bioskuy/api/v1/seatbooking/service/service_impl.go:149.2,152.16 3 0
bioskuy/api/v1/seatbooking/service/service_impl.go:152.16,155.3 2 0
bioskuy/api/v1/seatbooking/service/service_impl.go:157.2,157.33 1 0
bioskuy/api/v1/seatbooking/service/service_impl.go:157.33,179.3 2 0
bioskuy/api/v1/seatbooking/service/service_impl.go:181.2,181.34 1 0
bioskuy/api/v1/seatbooking/service/service_impl.go:184.95,186.16 2 1
bioskuy/api/v1/seatbooking/service/service_impl.go:186.16,189.3 2 1
bioskuy/api/v1/seatbooking/service/service_impl.go:190.2,193.16 3 0
bioskuy/api/v1/seatbooking/service/service_impl.go:193.16,196.3 2 0
bioskuy/api/v1/seatbooking/service/service_impl.go:198.2,198.12 1 0
