mode: set
bioskuy/api/v1/seatbooking/repository/repository_impl.go:16.55,18.2 1 1
bioskuy/api/v1/seatbooking/repository/repository_impl.go:20.162,25.16 3 1
bioskuy/api/v1/seatbooking/repository/repository_impl.go:25.16,28.3 2 1
bioskuy/api/v1/seatbooking/repository/repository_impl.go:30.2,33.16 3 1
bioskuy/api/v1/seatbooking/repository/repository_impl.go:33.16,36.3 2 0
bioskuy/api/v1/seatbooking/repository/repository_impl.go:38.2,38.25 1 1
bioskuy/api/v1/seatbooking/repository/repository_impl.go:41.130,67.16 4 1
bioskuy/api/v1/seatbooking/repository/repository_impl.go:67.16,70.3 2 1
bioskuy/api/v1/seatbooking/repository/repository_impl.go:71.2,73.17 2 1
bioskuy/api/v1/seatbooking/repository/repository_impl.go:73.17,82.17 2 1
bioskuy/api/v1/seatbooking/repository/repository_impl.go:82.17,85.4 2 0
bioskuy/api/v1/seatbooking/repository/repository_impl.go:87.3,87.34 1 1
bioskuy/api/v1/seatbooking/repository/repository_impl.go:88.8,90.3 1 1
bioskuy/api/v1/seatbooking/repository/repository_impl.go:93.120,116.16 3 1
bioskuy/api/v1/seatbooking/repository/repository_impl.go:116.16,119.3 2 1
bioskuy/api/v1/seatbooking/repository/repository_impl.go:120.2,124.18 3 1
bioskuy/api/v1/seatbooking/repository/repository_impl.go:124.18,134.17 3 1
bioskuy/api/v1/seatbooking/repository/repository_impl.go:134.17,137.4 2 0
bioskuy/api/v1/seatbooking/repository/repository_impl.go:139.3,139.59 1 1
bioskuy/api/v1/seatbooking/repository/repository_impl.go:142.2,142.34 1 1
bioskuy/api/v1/seatbooking/repository/repository_impl.go:142.34,145.3 2 0
bioskuy/api/v1/seatbooking/repository/repository_impl.go:147.2,147.26 1 1
bioskuy/api/v1/seatbooking/repository/repository_impl.go:150.117,155.16 3 1
bioskuy/api/v1/seatbooking/repository/repository_impl.go:155.16,158.3 2 1
bioskuy/api/v1/seatbooking/repository/repository_impl.go:160.2,162.16 3 1
bioskuy/api/v1/seatbooking/repository/repository_impl.go:162.16,165.3 2 1
bioskuy/api/v1/seatbooking/repository/repository_impl.go:167.2,169.16 3 1
bioskuy/api/v1/seatbooking/repository/repository_impl.go:169.16,172.3 2 1
bioskuy/api/v1/seatbooking/repository/repository_impl.go:174.2,176.16 3 1
bioskuy/api/v1/seatbooking/repository/repository_impl.go:176.16,179.3 2 1
bioskuy/api/v1/seatbooking/repository/repository_impl.go:181.2,181.12 1 1
