mode: set
bioskuy/api/v1/genretomovie/mock/repomock/genre_to_movie_repository.go:16.147,19.2 2 0
bioskuy/api/v1/genretomovie/mock/repomock/genre_to_movie_repository.go:21.136,24.2 2 0
bioskuy/api/v1/genretomovie/mock/repomock/genre_to_movie_repository.go:26.126,29.2 2 0
bioskuy/api/v1/genretomovie/mock/repomock/genre_to_movie_repository.go:31.111,34.2 2 0
bioskuy/api/v1/genretomovie/controller/controller_impl.go:17.92,19.2 1 1
bioskuy/api/v1/genretomovie/controller/controller_impl.go:21.71,27.16 4 1
bioskuy/api/v1/genretomovie/controller/controller_impl.go:27.16,30.3 2 1
bioskuy/api/v1/genretomovie/controller/controller_impl.go:32.2,33.16 2 1
bioskuy/api/v1/genretomovie/controller/controller_impl.go:33.16,35.3 1 0
bioskuy/api/v1/genretomovie/controller/controller_impl.go:37.2,42.33 2 1
bioskuy/api/v1/genretomovie/controller/controller_impl.go:45.71,52.16 5 1
bioskuy/api/v1/genretomovie/controller/controller_impl.go:52.16,55.3 2 1
bioskuy/api/v1/genretomovie/controller/controller_impl.go:55.8,60.3 3 1
bioskuy/api/v1/genretomovie/controller/controller_impl.go:63.71,67.19 3 1
bioskuy/api/v1/genretomovie/controller/controller_impl.go:67.19,70.6 2 0
bioskuy/api/v1/genretomovie/controller/controller_impl.go:72.5,77.36 2 1
bioskuy/api/v1/genretomovie/controller/controller_impl.go:80.63,86.16 5 1
bioskuy/api/v1/genretomovie/controller/controller_impl.go:86.16,90.3 2 1
bioskuy/api/v1/genretomovie/controller/controller_impl.go:90.8,95.3 3 1
bioskuy/api/v1/genretomovie/mock/servicemock/genre_to_movie_mock.go:15.91,18.2 2 0
bioskuy/api/v1/genretomovie/mock/servicemock/genre_to_movie_mock.go:20.82,23.2 2 0
bioskuy/api/v1/genretomovie/mock/servicemock/genre_to_movie_mock.go:25.77,28.2 2 0
bioskuy/api/v1/genretomovie/mock/servicemock/genre_to_movie_mock.go:30.82,33.2 2 0
bioskuy/api/v1/genretomovie/mock/servicemock/genre_to_movie_mock.go:35.76,38.2 2 0
bioskuy/api/v1/genretomovie/route/route.go:14.109,19.2 5 0
bioskuy/api/v1/genretomovie/route/route.go:19.2,21.3 2 0
bioskuy/api/v1/genretomovie/route/route.go:21.3,26.4 4 0
bioskuy/api/v1/genretomovie/repository/repository_impl.go:16.57,18.2 1 1
bioskuy/api/v1/genretomovie/repository/repository_impl.go:20.151,24.16 3 1
bioskuy/api/v1/genretomovie/repository/repository_impl.go:24.16,27.3 2 1
bioskuy/api/v1/genretomovie/repository/repository_impl.go:29.2,29.26 1 1
bioskuy/api/v1/genretomovie/repository/repository_impl.go:32.132,38.16 4 1
bioskuy/api/v1/genretomovie/repository/repository_impl.go:38.16,41.3 2 1
bioskuy/api/v1/genretomovie/repository/repository_impl.go:42.2,44.17 2 1
bioskuy/api/v1/genretomovie/repository/repository_impl.go:44.17,46.17 2 1
bioskuy/api/v1/genretomovie/repository/repository_impl.go:46.17,49.4 2 0
bioskuy/api/v1/genretomovie/repository/repository_impl.go:51.3,51.27 1 1
bioskuy/api/v1/genretomovie/repository/repository_impl.go:52.8,54.3 1 1
bioskuy/api/v1/genretomovie/repository/repository_impl.go:57.122,63.16 4 1
bioskuy/api/v1/genretomovie/repository/repository_impl.go:63.16,66.3 2 1
bioskuy/api/v1/genretomovie/repository/repository_impl.go:67.2,69.18 2 1
bioskuy/api/v1/genretomovie/repository/repository_impl.go:69.18,71.99 2 1
bioskuy/api/v1/genretomovie/repository/repository_impl.go:71.99,73.4 1 0
bioskuy/api/v1/genretomovie/repository/repository_impl.go:74.3,74.54 1 1
bioskuy/api/v1/genretomovie/repository/repository_impl.go:76.2,76.27 1 1
bioskuy/api/v1/genretomovie/repository/repository_impl.go:79.107,84.16 3 1
bioskuy/api/v1/genretomovie/repository/repository_impl.go:84.16,87.3 2 1
bioskuy/api/v1/genretomovie/repository/repository_impl.go:89.2,89.12 1 1
bioskuy/api/v1/genretomovie/mock/repomock/genre_to_movie_repository.go:16.147,19.2 2 1
bioskuy/api/v1/genretomovie/mock/repomock/genre_to_movie_repository.go:21.136,24.2 2 1
bioskuy/api/v1/genretomovie/mock/repomock/genre_to_movie_repository.go:26.126,29.2 2 1
bioskuy/api/v1/genretomovie/mock/repomock/genre_to_movie_repository.go:31.111,34.2 2 1
bioskuy/api/v1/genretomovie/service/service_impl.go:22.131,28.2 1 1
bioskuy/api/v1/genretomovie/service/service_impl.go:30.152,34.16 3 1
bioskuy/api/v1/genretomovie/service/service_impl.go:34.16,37.3 2 0
bioskuy/api/v1/genretomovie/service/service_impl.go:39.2,40.16 2 1
bioskuy/api/v1/genretomovie/service/service_impl.go:40.16,43.3 2 1
bioskuy/api/v1/genretomovie/service/service_impl.go:44.2,53.16 4 1
bioskuy/api/v1/genretomovie/service/service_impl.go:53.16,56.3 2 1
bioskuy/api/v1/genretomovie/service/service_impl.go:58.2,62.34 4 1
bioskuy/api/v1/genretomovie/service/service_impl.go:65.125,70.16 3 1
bioskuy/api/v1/genretomovie/service/service_impl.go:70.16,73.3 2 0
bioskuy/api/v1/genretomovie/service/service_impl.go:74.2,77.16 3 1
bioskuy/api/v1/genretomovie/service/service_impl.go:77.16,80.3 2 1
bioskuy/api/v1/genretomovie/service/service_impl.go:82.2,86.34 4 1
bioskuy/api/v1/genretomovie/service/service_impl.go:89.115,93.16 3 1
bioskuy/api/v1/genretomovie/service/service_impl.go:93.16,96.3 2 0
bioskuy/api/v1/genretomovie/service/service_impl.go:97.2,100.16 3 1
bioskuy/api/v1/genretomovie/service/service_impl.go:100.16,103.3 2 1
bioskuy/api/v1/genretomovie/service/service_impl.go:105.2,105.38 1 1
bioskuy/api/v1/genretomovie/service/service_impl.go:105.38,114.3 5 1
bioskuy/api/v1/genretomovie/service/service_impl.go:116.2,116.35 1 1
bioskuy/api/v1/genretomovie/service/service_impl.go:119.95,123.16 3 1
bioskuy/api/v1/genretomovie/service/service_impl.go:123.16,126.3 2 0
bioskuy/api/v1/genretomovie/service/service_impl.go:127.2,130.16 3 1
bioskuy/api/v1/genretomovie/service/service_impl.go:130.16,133.3 2 1
bioskuy/api/v1/genretomovie/service/service_impl.go:135.2,138.16 3 1
bioskuy/api/v1/genretomovie/service/service_impl.go:138.16,141.3 2 1
bioskuy/api/v1/genretomovie/service/service_impl.go:143.2,143.12 1 1
