mode: set
bioskuy/api/v1/showtime/controller/controller_impl.go:17.77,19.2 1 1
bioskuy/api/v1/showtime/controller/controller_impl.go:21.59,26.16 4 1
bioskuy/api/v1/showtime/controller/controller_impl.go:26.16,29.3 2 0
bioskuy/api/v1/showtime/controller/controller_impl.go:31.2,32.16 2 1
bioskuy/api/v1/showtime/controller/controller_impl.go:32.16,34.3 1 1
bioskuy/api/v1/showtime/controller/controller_impl.go:36.2,41.38 2 1
bioskuy/api/v1/showtime/controller/controller_impl.go:44.67,51.16 5 1
bioskuy/api/v1/showtime/controller/controller_impl.go:51.16,54.3 2 1
bioskuy/api/v1/showtime/controller/controller_impl.go:54.8,59.3 3 1
bioskuy/api/v1/showtime/controller/controller_impl.go:62.67,66.19 3 1
bioskuy/api/v1/showtime/controller/controller_impl.go:66.19,69.6 2 0
bioskuy/api/v1/showtime/controller/controller_impl.go:71.5,76.36 2 1
bioskuy/api/v1/showtime/controller/controller_impl.go:79.59,85.16 5 1
bioskuy/api/v1/showtime/controller/controller_impl.go:85.16,89.3 2 1
bioskuy/api/v1/showtime/controller/controller_impl.go:89.8,94.3 3 1
