mode: set
bioskuy/api/v1/user/controller/controller_impl.go:18.72,20.2 1 0
bioskuy/api/v1/user/controller/controller_impl.go:22.60,25.2 1 0
bioskuy/api/v1/user/controller/controller_impl.go:27.63,33.16 4 0
bioskuy/api/v1/user/controller/controller_impl.go:33.16,36.3 2 0
bioskuy/api/v1/user/controller/controller_impl.go:38.2,45.16 3 0
bioskuy/api/v1/user/controller/controller_impl.go:45.16,48.3 2 0
bioskuy/api/v1/user/controller/controller_impl.go:50.2,55.38 2 0
bioskuy/api/v1/user/controller/controller_impl.go:58.56,64.16 5 0
bioskuy/api/v1/user/controller/controller_impl.go:64.16,67.3 2 0
bioskuy/api/v1/user/controller/controller_impl.go:69.2,72.33 3 0
bioskuy/api/v1/user/controller/controller_impl.go:75.56,79.16 3 0
bioskuy/api/v1/user/controller/controller_impl.go:79.16,82.3 2 0
bioskuy/api/v1/user/controller/controller_impl.go:84.2,89.34 2 0
bioskuy/api/v1/user/controller/controller_impl.go:92.55,99.16 5 0
bioskuy/api/v1/user/controller/controller_impl.go:99.16,102.3 2 0
bioskuy/api/v1/user/controller/controller_impl.go:104.2,107.16 3 0
bioskuy/api/v1/user/controller/controller_impl.go:107.16,110.3 2 0
bioskuy/api/v1/user/controller/controller_impl.go:112.2,117.33 2 0
bioskuy/api/v1/user/controller/controller_impl.go:120.55,126.16 5 0
bioskuy/api/v1/user/controller/controller_impl.go:126.16,130.3 2 0
bioskuy/api/v1/user/controller/controller_impl.go:130.8,135.3 3 0
bioskuy/api/v1/user/mock/authmock/auth_mock.go:15.84,18.2 2 0
bioskuy/api/v1/user/mock/authmock/auth_mock.go:20.78,23.2 2 0
bioskuy/api/v1/user/mock/configmock/config_mock.go:8.34,13.2 1 0
bioskuy/api/v1/user/mock/repositorymock/user_repository_mock.go:16.122,19.2 2 0
bioskuy/api/v1/user/mock/repositorymock/user_repository_mock.go:21.119,24.2 2 0
bioskuy/api/v1/user/mock/repositorymock/user_repository_mock.go:26.121,29.2 2 0
bioskuy/api/v1/user/mock/repositorymock/user_repository_mock.go:31.116,34.2 2 0
bioskuy/api/v1/user/mock/repositorymock/user_repository_mock.go:36.106,39.2 2 0
bioskuy/api/v1/user/mock/repositorymock/user_repository_mock.go:41.99,44.2 2 0
bioskuy/api/v1/user/repository/repository_impl.go:16.41,18.2 1 1
bioskuy/api/v1/user/repository/repository_impl.go:20.119,25.16 3 1
bioskuy/api/v1/user/repository/repository_impl.go:25.16,28.3 2 1
bioskuy/api/v1/user/repository/repository_impl.go:30.2,30.18 1 1
bioskuy/api/v1/user/repository/repository_impl.go:33.121,39.16 4 1
bioskuy/api/v1/user/repository/repository_impl.go:39.16,42.3 2 1
bioskuy/api/v1/user/repository/repository_impl.go:43.2,45.16 2 1
bioskuy/api/v1/user/repository/repository_impl.go:45.16,47.17 2 1
bioskuy/api/v1/user/repository/repository_impl.go:47.17,50.4 2 1
bioskuy/api/v1/user/repository/repository_impl.go:52.3,52.19 1 1
bioskuy/api/v1/user/repository/repository_impl.go:53.7,55.3 1 1
bioskuy/api/v1/user/repository/repository_impl.go:58.115,64.16 4 1
bioskuy/api/v1/user/repository/repository_impl.go:64.16,67.3 2 1
bioskuy/api/v1/user/repository/repository_impl.go:68.2,70.16 2 1
bioskuy/api/v1/user/repository/repository_impl.go:70.16,72.17 2 1
bioskuy/api/v1/user/repository/repository_impl.go:72.17,75.4 2 1
bioskuy/api/v1/user/repository/repository_impl.go:77.3,77.19 1 1
bioskuy/api/v1/user/repository/repository_impl.go:78.7,80.3 1 1
bioskuy/api/v1/user/repository/repository_impl.go:83.105,89.16 4 1
bioskuy/api/v1/user/repository/repository_impl.go:89.16,92.3 2 1
bioskuy/api/v1/user/repository/repository_impl.go:93.2,95.18 2 1
bioskuy/api/v1/user/repository/repository_impl.go:95.18,97.94 2 1
bioskuy/api/v1/user/repository/repository_impl.go:97.94,99.4 1 1
bioskuy/api/v1/user/repository/repository_impl.go:100.3,100.30 1 1
bioskuy/api/v1/user/repository/repository_impl.go:102.2,102.19 1 1
bioskuy/api/v1/user/repository/repository_impl.go:105.120,111.16 3 1
bioskuy/api/v1/user/repository/repository_impl.go:111.16,114.3 2 1
bioskuy/api/v1/user/repository/repository_impl.go:116.2,116.18 1 1
bioskuy/api/v1/user/repository/repository_impl.go:119.98,124.16 3 1
bioskuy/api/v1/user/repository/repository_impl.go:124.16,127.3 2 1
bioskuy/api/v1/user/repository/repository_impl.go:129.2,129.12 1 1
bioskuy/api/v1/user/service/service_impl.go:26.122,28.2 1 0
bioskuy/api/v1/user/service/service_impl.go:30.43,34.2 2 0
bioskuy/api/v1/user/service/service_impl.go:36.139,40.16 3 0
bioskuy/api/v1/user/service/service_impl.go:40.16,43.3 2 0
bioskuy/api/v1/user/service/service_impl.go:45.2,46.16 2 0
bioskuy/api/v1/user/service/service_impl.go:46.16,49.3 2 0
bioskuy/api/v1/user/service/service_impl.go:50.2,62.16 5 0
bioskuy/api/v1/user/service/service_impl.go:62.16,64.17 2 0
bioskuy/api/v1/user/service/service_impl.go:64.17,67.4 2 0
bioskuy/api/v1/user/service/service_impl.go:71.2,72.16 2 0
bioskuy/api/v1/user/service/service_impl.go:72.16,75.3 2 0
bioskuy/api/v1/user/service/service_impl.go:77.2,81.16 4 0
bioskuy/api/v1/user/service/service_impl.go:81.16,84.3 2 0
bioskuy/api/v1/user/service/service_impl.go:86.2,88.26 2 0
bioskuy/api/v1/user/service/service_impl.go:91.111,96.16 3 0
bioskuy/api/v1/user/service/service_impl.go:96.16,99.3 2 0
bioskuy/api/v1/user/service/service_impl.go:100.2,103.16 3 0
bioskuy/api/v1/user/service/service_impl.go:103.16,106.3 2 0
bioskuy/api/v1/user/service/service_impl.go:108.2,113.26 5 0
bioskuy/api/v1/user/service/service_impl.go:117.105,122.16 3 0
bioskuy/api/v1/user/service/service_impl.go:122.16,125.3 2 0
bioskuy/api/v1/user/service/service_impl.go:126.2,129.16 3 0
bioskuy/api/v1/user/service/service_impl.go:129.16,132.3 2 0
bioskuy/api/v1/user/service/service_impl.go:134.2,139.26 5 0
bioskuy/api/v1/user/service/service_impl.go:142.95,146.16 3 0
bioskuy/api/v1/user/service/service_impl.go:146.16,149.3 2 0
bioskuy/api/v1/user/service/service_impl.go:150.2,153.16 3 0
bioskuy/api/v1/user/service/service_impl.go:153.16,156.3 2 0
bioskuy/api/v1/user/service/service_impl.go:158.2,158.34 1 0
bioskuy/api/v1/user/service/service_impl.go:158.34,168.3 6 0
bioskuy/api/v1/user/service/service_impl.go:170.2,170.27 1 0
bioskuy/api/v1/user/service/service_impl.go:173.123,178.19 4 0
bioskuy/api/v1/user/service/service_impl.go:178.19,181.3 2 0
bioskuy/api/v1/user/service/service_impl.go:183.5,184.19 2 0
bioskuy/api/v1/user/service/service_impl.go:184.19,187.3 2 0
bioskuy/api/v1/user/service/service_impl.go:189.5,190.19 2 0
bioskuy/api/v1/user/service/service_impl.go:190.19,193.3 2 0
bioskuy/api/v1/user/service/service_impl.go:194.5,199.24 4 0
bioskuy/api/v1/user/service/service_impl.go:199.24,201.3 1 0
bioskuy/api/v1/user/service/service_impl.go:203.5,204.16 2 0
bioskuy/api/v1/user/service/service_impl.go:204.16,207.3 2 0
bioskuy/api/v1/user/service/service_impl.go:209.5,214.29 5 0
bioskuy/api/v1/user/service/service_impl.go:217.83,221.16 3 0
bioskuy/api/v1/user/service/service_impl.go:221.16,224.3 2 0
bioskuy/api/v1/user/service/service_impl.go:225.2,228.16 3 0
bioskuy/api/v1/user/service/service_impl.go:228.16,231.3 2 0
bioskuy/api/v1/user/service/service_impl.go:233.2,236.16 3 0
bioskuy/api/v1/user/service/service_impl.go:236.16,239.3 2 0
bioskuy/api/v1/user/service/service_impl.go:241.2,241.12 1 0
bioskuy/api/v1/user/route/route.go:16.101,25.2 6 0
bioskuy/api/v1/user/route/route.go:25.2,27.3 2 0
bioskuy/api/v1/user/route/route.go:27.3,34.4 6 0
