mode: set
bioskuy/api/v1/seat/mock/servicemock/seat_service_mock.go:15.106,18.2 2 0
bioskuy/api/v1/seat/mock/servicemock/seat_service_mock.go:20.107,23.2 2 0
bioskuy/api/v1/seat/mock/repomock/seat_repository_mock.go:16.119,19.2 2 0
bioskuy/api/v1/seat/mock/repomock/seat_repository_mock.go:21.116,24.2 2 0
bioskuy/api/v1/seat/mock/repomock/seat_repository_mock.go:26.117,29.2 2 0
bioskuy/api/v1/seat/mock/repomock/seat_repository_mock.go:31.99,34.2 2 0
bioskuy/api/v1/seat/controller/controller_impl.go:16.72,18.2 1 1
bioskuy/api/v1/seat/controller/controller_impl.go:20.63,27.16 5 1
bioskuy/api/v1/seat/controller/controller_impl.go:27.16,30.3 2 1
bioskuy/api/v1/seat/controller/controller_impl.go:30.8,35.3 3 1
bioskuy/api/v1/seat/controller/controller_impl.go:38.63,43.19 4 1
bioskuy/api/v1/seat/controller/controller_impl.go:43.19,46.6 2 0
bioskuy/api/v1/seat/controller/controller_impl.go:48.5,53.36 2 1
bioskuy/api/v1/seat/mock/servicemock/seat_service_mock.go:15.106,18.2 2 1
bioskuy/api/v1/seat/mock/servicemock/seat_service_mock.go:20.107,23.2 2 1
bioskuy/api/v1/seat/route/route.go:13.78,20.2 5 0
bioskuy/api/v1/seat/route/route.go:20.2,22.3 2 0
bioskuy/api/v1/seat/route/route.go:22.3,25.4 2 0
bioskuy/api/v1/seat/repository/repository_impl.go:17.51,19.2 1 1
bioskuy/api/v1/seat/repository/repository_impl.go:21.119,25.16 3 1
bioskuy/api/v1/seat/repository/repository_impl.go:25.16,28.3 2 1
bioskuy/api/v1/seat/repository/repository_impl.go:30.2,30.18 1 1
bioskuy/api/v1/seat/repository/repository_impl.go:33.116,39.16 4 1
bioskuy/api/v1/seat/repository/repository_impl.go:39.16,42.3 2 1
bioskuy/api/v1/seat/repository/repository_impl.go:43.2,45.17 2 1
bioskuy/api/v1/seat/repository/repository_impl.go:45.17,47.17 2 1
bioskuy/api/v1/seat/repository/repository_impl.go:47.17,50.4 2 0
bioskuy/api/v1/seat/repository/repository_impl.go:52.3,52.19 1 1
bioskuy/api/v1/seat/repository/repository_impl.go:53.8,55.3 1 1
bioskuy/api/v1/seat/repository/repository_impl.go:58.117,64.16 4 1
bioskuy/api/v1/seat/repository/repository_impl.go:64.16,67.3 2 1
bioskuy/api/v1/seat/repository/repository_impl.go:68.2,70.18 2 1
bioskuy/api/v1/seat/repository/repository_impl.go:70.18,72.92 2 1
bioskuy/api/v1/seat/repository/repository_impl.go:72.92,74.4 1 0
bioskuy/api/v1/seat/repository/repository_impl.go:75.3,75.30 1 1
bioskuy/api/v1/seat/repository/repository_impl.go:77.2,77.19 1 1
bioskuy/api/v1/seat/repository/repository_impl.go:80.99,85.16 3 1
bioskuy/api/v1/seat/repository/repository_impl.go:85.16,88.3 2 1
bioskuy/api/v1/seat/repository/repository_impl.go:90.2,90.12 1 1
bioskuy/api/v1/seat/mock/repomock/seat_repository_mock.go:16.119,19.2 2 0
bioskuy/api/v1/seat/mock/repomock/seat_repository_mock.go:21.116,24.2 2 1
bioskuy/api/v1/seat/mock/repomock/seat_repository_mock.go:26.117,29.2 2 1
bioskuy/api/v1/seat/mock/repomock/seat_repository_mock.go:31.99,34.2 2 0
bioskuy/api/v1/seat/service/service_impl.go:22.106,24.2 1 0
bioskuy/api/v1/seat/service/service_impl.go:26.105,31.16 3 1
bioskuy/api/v1/seat/service/service_impl.go:31.16,34.3 2 1
bioskuy/api/v1/seat/service/service_impl.go:35.2,38.16 3 1
bioskuy/api/v1/seat/service/service_impl.go:38.16,41.3 2 1
bioskuy/api/v1/seat/service/service_impl.go:43.2,48.26 5 1
bioskuy/api/v1/seat/service/service_impl.go:51.106,55.16 3 1
bioskuy/api/v1/seat/service/service_impl.go:55.16,58.3 2 1
bioskuy/api/v1/seat/service/service_impl.go:59.2,62.16 3 1
bioskuy/api/v1/seat/service/service_impl.go:62.16,65.3 2 1
bioskuy/api/v1/seat/service/service_impl.go:67.2,67.30 1 1
bioskuy/api/v1/seat/service/service_impl.go:67.30,77.3 6 1
bioskuy/api/v1/seat/service/service_impl.go:79.2,79.29 1 1
