mode: set
bioskuy/main.go:22.13,31.41 7 0
bioskuy/main.go:31.41,33.3 1 0
bioskuy/main.go:35.2,48.16 12 0
bioskuy/main.go:48.16,51.3 2 0
bioskuy/api/v1/genre/controller/controller_impl.go:19.71,21.2 1 1
bioskuy/api/v1/genre/controller/controller_impl.go:23.55,28.16 4 1
bioskuy/api/v1/genre/controller/controller_impl.go:28.16,31.3 2 0
bioskuy/api/v1/genre/controller/controller_impl.go:33.2,40.4 1 1
bioskuy/api/v1/genre/controller/controller_impl.go:43.62,45.53 2 1
bioskuy/api/v1/genre/controller/controller_impl.go:45.53,48.3 2 1
bioskuy/api/v1/genre/controller/controller_impl.go:49.2,53.16 3 1
bioskuy/api/v1/genre/controller/controller_impl.go:53.16,56.3 2 1
bioskuy/api/v1/genre/controller/controller_impl.go:57.2,57.96 1 1
bioskuy/api/v1/genre/controller/controller_impl.go:60.59,62.16 2 1
bioskuy/api/v1/genre/controller/controller_impl.go:62.16,65.3 2 1
bioskuy/api/v1/genre/controller/controller_impl.go:66.2,67.16 2 1
bioskuy/api/v1/genre/controller/controller_impl.go:67.16,70.3 2 1
bioskuy/api/v1/genre/controller/controller_impl.go:71.2,71.77 1 1
bioskuy/api/v1/genre/controller/controller_impl.go:74.62,76.16 2 1
bioskuy/api/v1/genre/controller/controller_impl.go:76.16,79.3 2 1
bioskuy/api/v1/genre/controller/controller_impl.go:81.2,82.53 2 1
bioskuy/api/v1/genre/controller/controller_impl.go:82.53,85.3 2 1
bioskuy/api/v1/genre/controller/controller_impl.go:87.2,93.16 3 1
bioskuy/api/v1/genre/controller/controller_impl.go:93.16,96.3 2 1
bioskuy/api/v1/genre/controller/controller_impl.go:97.2,97.91 1 1
bioskuy/api/v1/genre/controller/controller_impl.go:100.62,102.16 2 1
bioskuy/api/v1/genre/controller/controller_impl.go:102.16,105.3 2 1
bioskuy/api/v1/genre/controller/controller_impl.go:106.2,107.16 2 1
bioskuy/api/v1/genre/controller/controller_impl.go:107.16,110.3 2 1
bioskuy/api/v1/genre/controller/controller_impl.go:111.2,111.91 1 1
bioskuy/exception/ForbiddenError.go:7.40,9.2 1 0
bioskuy/exception/InternalServerError.go:7.45,9.2 1 0
bioskuy/exception/NotFoundError.go:7.39,9.2 1 0
bioskuy/exception/ValidationError.go:7.41,9.2 1 0
bioskuy/exception/exception_middleware.go:9.35,12.34 2 0
bioskuy/exception/exception_middleware.go:12.34,13.20 1 0
bioskuy/exception/exception_middleware.go:13.20,15.31 2 0
bioskuy/exception/exception_middleware.go:15.31,17.5 1 0
bioskuy/exception/exception_middleware.go:19.4,19.30 1 0
bioskuy/exception/exception_middleware.go:19.30,21.5 1 0
bioskuy/exception/exception_middleware.go:23.4,23.29 1 0
bioskuy/exception/exception_middleware.go:23.29,25.5 1 0
bioskuy/exception/exception_middleware.go:27.4,27.35 1 0
bioskuy/exception/exception_middleware.go:27.35,29.5 1 0
bioskuy/exception/exception_middleware.go:34.53,35.39 1 0
bioskuy/exception/exception_middleware.go:35.39,38.3 2 0
bioskuy/exception/exception_middleware.go:39.2,39.14 1 0
bioskuy/exception/exception_middleware.go:42.54,43.40 1 0
bioskuy/exception/exception_middleware.go:43.40,46.3 2 0
bioskuy/exception/exception_middleware.go:47.2,47.14 1 0
bioskuy/exception/exception_middleware.go:50.52,51.38 1 0
bioskuy/exception/exception_middleware.go:51.38,54.3 2 0
bioskuy/exception/exception_middleware.go:55.2,55.14 1 0
bioskuy/exception/exception_middleware.go:58.58,59.44 1 0
bioskuy/exception/exception_middleware.go:59.44,61.11 2 0
bioskuy/exception/exception_middleware.go:63.2,63.14 1 0
bioskuy/api/v1/genre/route/route.go:16.102,24.2 6 0
bioskuy/api/v1/genre/route/route.go:24.2,26.3 2 0
bioskuy/api/v1/genre/route/route.go:26.3,32.4 5 0
bioskuy/api/v1/genre/repository/repository_impl.go:18.53,22.2 1 1
bioskuy/api/v1/genre/repository/repository_impl.go:24.94,30.16 4 1
bioskuy/api/v1/genre/repository/repository_impl.go:30.16,32.3 1 1
bioskuy/api/v1/genre/repository/repository_impl.go:33.2,37.16 4 1
bioskuy/api/v1/genre/repository/repository_impl.go:37.16,39.3 1 1
bioskuy/api/v1/genre/repository/repository_impl.go:41.2,41.18 1 1
bioskuy/api/v1/genre/repository/repository_impl.go:41.18,45.17 3 1
bioskuy/api/v1/genre/repository/repository_impl.go:45.17,47.4 1 1
bioskuy/api/v1/genre/repository/repository_impl.go:48.3,48.37 1 1
bioskuy/api/v1/genre/repository/repository_impl.go:51.2,57.30 2 1
bioskuy/api/v1/genre/repository/repository_impl.go:60.80,68.16 4 1
bioskuy/api/v1/genre/repository/repository_impl.go:68.16,71.3 2 1
bioskuy/api/v1/genre/repository/repository_impl.go:72.2,72.19 1 1
bioskuy/api/v1/genre/repository/repository_impl.go:75.75,83.16 4 1
bioskuy/api/v1/genre/repository/repository_impl.go:83.16,84.27 1 1
bioskuy/api/v1/genre/repository/repository_impl.go:84.27,87.4 2 0
bioskuy/api/v1/genre/repository/repository_impl.go:88.3,88.29 1 1
bioskuy/api/v1/genre/repository/repository_impl.go:90.2,90.19 1 1
bioskuy/api/v1/genre/repository/repository_impl.go:93.80,98.16 2 1
bioskuy/api/v1/genre/repository/repository_impl.go:98.16,100.3 1 1
bioskuy/api/v1/genre/repository/repository_impl.go:101.2,101.19 1 1
bioskuy/api/v1/genre/repository/repository_impl.go:104.74,112.16 4 1
bioskuy/api/v1/genre/repository/repository_impl.go:112.16,115.3 2 1
bioskuy/api/v1/genre/repository/repository_impl.go:116.2,116.19 1 1
bioskuy/exception/ForbiddenError.go:7.40,9.2 1 0
bioskuy/exception/InternalServerError.go:7.45,9.2 1 0
bioskuy/exception/NotFoundError.go:7.39,9.2 1 0
bioskuy/exception/ValidationError.go:7.41,9.2 1 0
bioskuy/exception/exception_middleware.go:9.35,12.34 2 0
bioskuy/exception/exception_middleware.go:12.34,13.20 1 0
bioskuy/exception/exception_middleware.go:13.20,15.31 2 0
bioskuy/exception/exception_middleware.go:15.31,17.5 1 0
bioskuy/exception/exception_middleware.go:19.4,19.30 1 0
bioskuy/exception/exception_middleware.go:19.30,21.5 1 0
bioskuy/exception/exception_middleware.go:23.4,23.29 1 0
bioskuy/exception/exception_middleware.go:23.29,25.5 1 0
bioskuy/exception/exception_middleware.go:27.4,27.35 1 0
bioskuy/exception/exception_middleware.go:27.35,29.5 1 0
bioskuy/exception/exception_middleware.go:34.53,35.39 1 0
bioskuy/exception/exception_middleware.go:35.39,38.3 2 0
bioskuy/exception/exception_middleware.go:39.2,39.14 1 0
bioskuy/exception/exception_middleware.go:42.54,43.40 1 0
bioskuy/exception/exception_middleware.go:43.40,46.3 2 0
bioskuy/exception/exception_middleware.go:47.2,47.14 1 0
bioskuy/exception/exception_middleware.go:50.52,51.38 1 0
bioskuy/exception/exception_middleware.go:51.38,54.3 2 0
bioskuy/exception/exception_middleware.go:55.2,55.14 1 0
bioskuy/exception/exception_middleware.go:58.58,59.44 1 0
bioskuy/exception/exception_middleware.go:59.44,61.11 2 0
bioskuy/exception/exception_middleware.go:63.2,63.14 1 0
bioskuy/exception/ForbiddenError.go:7.40,9.2 1 0
bioskuy/exception/InternalServerError.go:7.45,9.2 1 0
bioskuy/exception/NotFoundError.go:7.39,9.2 1 0
bioskuy/exception/ValidationError.go:7.41,9.2 1 0
bioskuy/exception/exception_middleware.go:9.35,12.34 2 0
bioskuy/exception/exception_middleware.go:12.34,13.20 1 0
bioskuy/exception/exception_middleware.go:13.20,15.31 2 0
bioskuy/exception/exception_middleware.go:15.31,17.5 1 0
bioskuy/exception/exception_middleware.go:19.4,19.30 1 0
bioskuy/exception/exception_middleware.go:19.30,21.5 1 0
bioskuy/exception/exception_middleware.go:23.4,23.29 1 0
bioskuy/exception/exception_middleware.go:23.29,25.5 1 0
bioskuy/exception/exception_middleware.go:27.4,27.35 1 0
bioskuy/exception/exception_middleware.go:27.35,29.5 1 0
bioskuy/exception/exception_middleware.go:34.53,35.39 1 0
bioskuy/exception/exception_middleware.go:35.39,38.3 2 0
bioskuy/exception/exception_middleware.go:39.2,39.14 1 0
bioskuy/exception/exception_middleware.go:42.54,43.40 1 0
bioskuy/exception/exception_middleware.go:43.40,46.3 2 0
bioskuy/exception/exception_middleware.go:47.2,47.14 1 0
bioskuy/exception/exception_middleware.go:50.52,51.38 1 0
bioskuy/exception/exception_middleware.go:51.38,54.3 2 0
bioskuy/exception/exception_middleware.go:55.2,55.14 1 0
bioskuy/exception/exception_middleware.go:58.58,59.44 1 0
bioskuy/exception/exception_middleware.go:59.44,61.11 2 0
bioskuy/exception/exception_middleware.go:63.2,63.14 1 0
bioskuy/api/v1/genre/service/service_impl.go:15.68,17.2 1 1
bioskuy/api/v1/genre/service/service_impl.go:19.91,21.2 1 1
bioskuy/api/v1/genre/service/service_impl.go:23.82,25.2 1 1
bioskuy/api/v1/genre/service/service_impl.go:27.77,29.2 1 1
bioskuy/api/v1/genre/service/service_impl.go:31.82,33.2 1 1
bioskuy/api/v1/genre/service/service_impl.go:34.76,36.2 1 1
bioskuy/exception/ForbiddenError.go:7.40,9.2 1 0
bioskuy/exception/InternalServerError.go:7.45,9.2 1 0
bioskuy/exception/NotFoundError.go:7.39,9.2 1 0
bioskuy/exception/ValidationError.go:7.41,9.2 1 0
bioskuy/exception/exception_middleware.go:9.35,12.34 2 0
bioskuy/exception/exception_middleware.go:12.34,13.20 1 0
bioskuy/exception/exception_middleware.go:13.20,15.31 2 0
bioskuy/exception/exception_middleware.go:15.31,17.5 1 0
bioskuy/exception/exception_middleware.go:19.4,19.30 1 0
bioskuy/exception/exception_middleware.go:19.30,21.5 1 0
bioskuy/exception/exception_middleware.go:23.4,23.29 1 0
bioskuy/exception/exception_middleware.go:23.29,25.5 1 0
bioskuy/exception/exception_middleware.go:27.4,27.35 1 0
bioskuy/exception/exception_middleware.go:27.35,29.5 1 0
bioskuy/exception/exception_middleware.go:34.53,35.39 1 0
bioskuy/exception/exception_middleware.go:35.39,38.3 2 0
bioskuy/exception/exception_middleware.go:39.2,39.14 1 0
bioskuy/exception/exception_middleware.go:42.54,43.40 1 0
bioskuy/exception/exception_middleware.go:43.40,46.3 2 0
bioskuy/exception/exception_middleware.go:47.2,47.14 1 0
bioskuy/exception/exception_middleware.go:50.52,51.38 1 0
bioskuy/exception/exception_middleware.go:51.38,54.3 2 0
bioskuy/exception/exception_middleware.go:55.2,55.14 1 0
bioskuy/exception/exception_middleware.go:58.58,59.44 1 0
bioskuy/exception/exception_middleware.go:59.44,61.11 2 0
bioskuy/exception/exception_middleware.go:63.2,63.14 1 0
bioskuy/api/v1/genretomovie/controller/controller_impl.go:17.92,19.2 1 1
bioskuy/api/v1/genretomovie/controller/controller_impl.go:21.71,27.16 4 1
bioskuy/api/v1/genretomovie/controller/controller_impl.go:27.16,30.3 2 1
bioskuy/api/v1/genretomovie/controller/controller_impl.go:32.2,33.16 2 1
bioskuy/api/v1/genretomovie/controller/controller_impl.go:33.16,35.3 1 0
bioskuy/api/v1/genretomovie/controller/controller_impl.go:37.2,42.33 2 0
bioskuy/api/v1/genretomovie/controller/controller_impl.go:45.71,52.16 5 1
bioskuy/api/v1/genretomovie/controller/controller_impl.go:52.16,55.3 2 1
bioskuy/api/v1/genretomovie/controller/controller_impl.go:55.8,60.3 3 1
bioskuy/api/v1/genretomovie/controller/controller_impl.go:63.71,67.19 3 1
bioskuy/api/v1/genretomovie/controller/controller_impl.go:67.19,70.6 2 0
bioskuy/api/v1/genretomovie/controller/controller_impl.go:72.5,77.36 2 1
bioskuy/api/v1/genretomovie/controller/controller_impl.go:80.63,86.16 5 1
bioskuy/api/v1/genretomovie/controller/controller_impl.go:86.16,90.3 2 1
bioskuy/api/v1/genretomovie/controller/controller_impl.go:90.8,95.3 3 1
bioskuy/exception/ForbiddenError.go:7.40,9.2 1 0
bioskuy/exception/InternalServerError.go:7.45,9.2 1 1
bioskuy/exception/NotFoundError.go:7.39,9.2 1 1
bioskuy/exception/ValidationError.go:7.41,9.2 1 0
bioskuy/exception/exception_middleware.go:9.35,12.34 2 0
bioskuy/exception/exception_middleware.go:12.34,13.20 1 0
bioskuy/exception/exception_middleware.go:13.20,15.31 2 0
bioskuy/exception/exception_middleware.go:15.31,17.5 1 0
bioskuy/exception/exception_middleware.go:19.4,19.30 1 0
bioskuy/exception/exception_middleware.go:19.30,21.5 1 0
bioskuy/exception/exception_middleware.go:23.4,23.29 1 0
bioskuy/exception/exception_middleware.go:23.29,25.5 1 0
bioskuy/exception/exception_middleware.go:27.4,27.35 1 0
bioskuy/exception/exception_middleware.go:27.35,29.5 1 0
bioskuy/exception/exception_middleware.go:34.53,35.39 1 0
bioskuy/exception/exception_middleware.go:35.39,38.3 2 0
bioskuy/exception/exception_middleware.go:39.2,39.14 1 0
bioskuy/exception/exception_middleware.go:42.54,43.40 1 0
bioskuy/exception/exception_middleware.go:43.40,46.3 2 0
bioskuy/exception/exception_middleware.go:47.2,47.14 1 0
bioskuy/exception/exception_middleware.go:50.52,51.38 1 0
bioskuy/exception/exception_middleware.go:51.38,54.3 2 0
bioskuy/exception/exception_middleware.go:55.2,55.14 1 0
bioskuy/exception/exception_middleware.go:58.58,59.44 1 0
bioskuy/exception/exception_middleware.go:59.44,61.11 2 0
bioskuy/exception/exception_middleware.go:63.2,63.14 1 0
bioskuy/helper/config.go:25.41,27.19 2 0
bioskuy/helper/config.go:27.19,29.3 1 0
bioskuy/helper/config.go:31.2,43.3 1 0
bioskuy/helper/string_to_date.go:10.60,12.16 2 0
bioskuy/helper/string_to_date.go:12.16,15.3 2 0
bioskuy/helper/string_to_date.go:17.2,17.15 1 0
bioskuy/helper/tx.go:10.52,11.30 1 0
bioskuy/helper/tx.go:11.30,12.55 1 0
bioskuy/helper/tx.go:12.55,14.4 1 0
bioskuy/helper/tx.go:15.3,15.11 1 0
bioskuy/helper/tx.go:16.8,17.24 1 0
bioskuy/helper/tx.go:17.24,18.56 1 0
bioskuy/helper/tx.go:18.56,20.5 1 0
bioskuy/helper/tx.go:21.9,22.50 1 0
bioskuy/helper/tx.go:22.50,24.5 1 0
bioskuy/api/v1/genretomovie/route/route.go:16.109,24.2 6 0
bioskuy/api/v1/genretomovie/route/route.go:24.2,26.3 2 0
bioskuy/api/v1/genretomovie/route/route.go:26.3,31.4 4 0
bioskuy/api/v1/genretomovie/service/service_impl.go:22.131,28.2 1 1
bioskuy/api/v1/genretomovie/service/service_impl.go:30.158,34.16 3 1
bioskuy/api/v1/genretomovie/service/service_impl.go:34.16,37.3 2 1
bioskuy/api/v1/genretomovie/service/service_impl.go:39.2,40.16 2 1
bioskuy/api/v1/genretomovie/service/service_impl.go:40.16,43.3 2 0
bioskuy/api/v1/genretomovie/service/service_impl.go:44.2,53.16 4 1
bioskuy/api/v1/genretomovie/service/service_impl.go:53.16,56.3 2 1
bioskuy/api/v1/genretomovie/service/service_impl.go:58.2,62.34 4 1
bioskuy/api/v1/genretomovie/service/service_impl.go:65.125,69.16 3 1
bioskuy/api/v1/genretomovie/service/service_impl.go:69.16,72.3 2 0
bioskuy/api/v1/genretomovie/service/service_impl.go:73.2,76.16 3 1
bioskuy/api/v1/genretomovie/service/service_impl.go:76.16,79.3 2 1
bioskuy/api/v1/genretomovie/service/service_impl.go:81.2,91.34 10 1
bioskuy/api/v1/genretomovie/service/service_impl.go:94.115,98.16 3 1
bioskuy/api/v1/genretomovie/service/service_impl.go:98.16,101.3 2 0
bioskuy/api/v1/genretomovie/service/service_impl.go:102.2,105.16 3 1
bioskuy/api/v1/genretomovie/service/service_impl.go:105.16,108.3 2 1
bioskuy/api/v1/genretomovie/service/service_impl.go:110.2,110.33 1 1
bioskuy/api/v1/genretomovie/service/service_impl.go:110.33,123.3 2 1
bioskuy/api/v1/genretomovie/service/service_impl.go:125.2,125.35 1 1
bioskuy/api/v1/genretomovie/service/service_impl.go:128.95,132.16 3 1
bioskuy/api/v1/genretomovie/service/service_impl.go:132.16,135.3 2 0
bioskuy/api/v1/genretomovie/service/service_impl.go:136.2,139.16 3 1
bioskuy/api/v1/genretomovie/service/service_impl.go:139.16,142.3 2 1
bioskuy/api/v1/genretomovie/service/service_impl.go:144.2,147.16 3 1
bioskuy/api/v1/genretomovie/service/service_impl.go:147.16,150.3 2 1
bioskuy/api/v1/genretomovie/service/service_impl.go:152.2,152.12 1 1
bioskuy/exception/ForbiddenError.go:7.40,9.2 1 0
bioskuy/exception/InternalServerError.go:7.45,9.2 1 0
bioskuy/exception/NotFoundError.go:7.39,9.2 1 0
bioskuy/exception/ValidationError.go:7.41,9.2 1 0
bioskuy/exception/exception_middleware.go:9.35,12.34 2 0
bioskuy/exception/exception_middleware.go:12.34,13.20 1 0
bioskuy/exception/exception_middleware.go:13.20,15.31 2 0
bioskuy/exception/exception_middleware.go:15.31,17.5 1 0
bioskuy/exception/exception_middleware.go:19.4,19.30 1 0
bioskuy/exception/exception_middleware.go:19.30,21.5 1 0
bioskuy/exception/exception_middleware.go:23.4,23.29 1 0
bioskuy/exception/exception_middleware.go:23.29,25.5 1 0
bioskuy/exception/exception_middleware.go:27.4,27.35 1 0
bioskuy/exception/exception_middleware.go:27.35,29.5 1 0
bioskuy/exception/exception_middleware.go:34.53,35.39 1 0
bioskuy/exception/exception_middleware.go:35.39,38.3 2 0
bioskuy/exception/exception_middleware.go:39.2,39.14 1 0
bioskuy/exception/exception_middleware.go:42.54,43.40 1 0
bioskuy/exception/exception_middleware.go:43.40,46.3 2 0
bioskuy/exception/exception_middleware.go:47.2,47.14 1 0
bioskuy/exception/exception_middleware.go:50.52,51.38 1 0
bioskuy/exception/exception_middleware.go:51.38,54.3 2 0
bioskuy/exception/exception_middleware.go:55.2,55.14 1 0
bioskuy/exception/exception_middleware.go:58.58,59.44 1 0
bioskuy/exception/exception_middleware.go:59.44,61.11 2 0
bioskuy/exception/exception_middleware.go:63.2,63.14 1 0
bioskuy/helper/config.go:25.41,27.19 2 0
bioskuy/helper/config.go:27.19,29.3 1 0
bioskuy/helper/config.go:31.2,43.3 1 0
bioskuy/helper/string_to_date.go:10.60,12.16 2 0
bioskuy/helper/string_to_date.go:12.16,15.3 2 0
bioskuy/helper/string_to_date.go:17.2,17.15 1 0
bioskuy/helper/tx.go:10.52,11.30 1 1
bioskuy/helper/tx.go:11.30,12.55 1 0
bioskuy/helper/tx.go:12.55,14.4 1 0
bioskuy/helper/tx.go:15.3,15.11 1 0
bioskuy/helper/tx.go:16.8,17.24 1 1
bioskuy/helper/tx.go:17.24,18.56 1 1
bioskuy/helper/tx.go:18.56,20.5 1 0
bioskuy/helper/tx.go:21.9,22.50 1 1
bioskuy/helper/tx.go:22.50,24.5 1 0
bioskuy/api/v1/genretomovie/repository/repository_impl.go:16.57,18.2 1 1
bioskuy/api/v1/genretomovie/repository/repository_impl.go:20.151,24.16 3 1
bioskuy/api/v1/genretomovie/repository/repository_impl.go:24.16,27.3 2 1
bioskuy/api/v1/genretomovie/repository/repository_impl.go:29.2,29.26 1 1
bioskuy/api/v1/genretomovie/repository/repository_impl.go:32.131,42.16 4 1
bioskuy/api/v1/genretomovie/repository/repository_impl.go:42.16,45.3 2 1
bioskuy/api/v1/genretomovie/repository/repository_impl.go:46.2,48.16 2 0
bioskuy/api/v1/genretomovie/repository/repository_impl.go:48.16,51.17 2 0
bioskuy/api/v1/genretomovie/repository/repository_impl.go:51.17,54.4 2 0
bioskuy/api/v1/genretomovie/repository/repository_impl.go:56.3,56.27 1 0
bioskuy/api/v1/genretomovie/repository/repository_impl.go:57.8,59.3 1 0
bioskuy/api/v1/genretomovie/repository/repository_impl.go:62.121,71.16 4 1
bioskuy/api/v1/genretomovie/repository/repository_impl.go:71.16,74.3 2 1
bioskuy/api/v1/genretomovie/repository/repository_impl.go:75.2,77.18 2 0
bioskuy/api/v1/genretomovie/repository/repository_impl.go:77.18,80.156 2 0
bioskuy/api/v1/genretomovie/repository/repository_impl.go:80.156,82.4 1 0
bioskuy/api/v1/genretomovie/repository/repository_impl.go:83.3,83.54 1 0
bioskuy/api/v1/genretomovie/repository/repository_impl.go:85.2,85.27 1 0
bioskuy/api/v1/genretomovie/repository/repository_impl.go:88.107,93.16 3 1
bioskuy/api/v1/genretomovie/repository/repository_impl.go:93.16,96.3 2 1
bioskuy/api/v1/genretomovie/repository/repository_impl.go:98.2,98.12 1 1
bioskuy/exception/ForbiddenError.go:7.40,9.2 1 0
bioskuy/exception/InternalServerError.go:7.45,9.2 1 0
bioskuy/exception/NotFoundError.go:7.39,9.2 1 0
bioskuy/exception/ValidationError.go:7.41,9.2 1 0
bioskuy/exception/exception_middleware.go:9.35,12.34 2 0
bioskuy/exception/exception_middleware.go:12.34,13.20 1 0
bioskuy/exception/exception_middleware.go:13.20,15.31 2 0
bioskuy/exception/exception_middleware.go:15.31,17.5 1 0
bioskuy/exception/exception_middleware.go:19.4,19.30 1 0
bioskuy/exception/exception_middleware.go:19.30,21.5 1 0
bioskuy/exception/exception_middleware.go:23.4,23.29 1 0
bioskuy/exception/exception_middleware.go:23.29,25.5 1 0
bioskuy/exception/exception_middleware.go:27.4,27.35 1 0
bioskuy/exception/exception_middleware.go:27.35,29.5 1 0
bioskuy/exception/exception_middleware.go:34.53,35.39 1 0
bioskuy/exception/exception_middleware.go:35.39,38.3 2 0
bioskuy/exception/exception_middleware.go:39.2,39.14 1 0
bioskuy/exception/exception_middleware.go:42.54,43.40 1 0
bioskuy/exception/exception_middleware.go:43.40,46.3 2 0
bioskuy/exception/exception_middleware.go:47.2,47.14 1 0
bioskuy/exception/exception_middleware.go:50.52,51.38 1 0
bioskuy/exception/exception_middleware.go:51.38,54.3 2 0
bioskuy/exception/exception_middleware.go:55.2,55.14 1 0
bioskuy/exception/exception_middleware.go:58.58,59.44 1 0
bioskuy/exception/exception_middleware.go:59.44,61.11 2 0
bioskuy/exception/exception_middleware.go:63.2,63.14 1 0
bioskuy/api/v1/movies/controller/controller_impl.go:18.71,20.2 1 1
bioskuy/api/v1/movies/controller/controller_impl.go:22.63,24.28 2 1
bioskuy/api/v1/movies/controller/controller_impl.go:24.28,26.3 1 0
bioskuy/api/v1/movies/controller/controller_impl.go:27.2,28.28 2 1
bioskuy/api/v1/movies/controller/controller_impl.go:28.28,30.3 1 0
bioskuy/api/v1/movies/controller/controller_impl.go:32.2,33.16 2 1
bioskuy/api/v1/movies/controller/controller_impl.go:33.16,36.3 2 0
bioskuy/api/v1/movies/controller/controller_impl.go:38.2,46.33 2 0
bioskuy/api/v1/movies/controller/controller_impl.go:49.62,51.53 2 1
bioskuy/api/v1/movies/controller/controller_impl.go:51.53,54.3 2 1
bioskuy/api/v1/movies/controller/controller_impl.go:55.2,63.16 3 1
bioskuy/api/v1/movies/controller/controller_impl.go:63.16,66.3 2 1
bioskuy/api/v1/movies/controller/controller_impl.go:67.2,67.226 1 1
bioskuy/api/v1/movies/controller/controller_impl.go:70.59,74.16 3 1
bioskuy/api/v1/movies/controller/controller_impl.go:74.16,77.3 2 1
bioskuy/api/v1/movies/controller/controller_impl.go:78.2,78.179 1 1
bioskuy/api/v1/movies/controller/controller_impl.go:81.62,86.53 3 1
bioskuy/api/v1/movies/controller/controller_impl.go:86.53,89.3 2 1
bioskuy/api/v1/movies/controller/controller_impl.go:90.2,99.16 3 1
bioskuy/api/v1/movies/controller/controller_impl.go:99.16,102.3 2 1
bioskuy/api/v1/movies/controller/controller_impl.go:103.2,103.221 1 1
bioskuy/api/v1/movies/controller/controller_impl.go:106.62,110.16 3 1
bioskuy/api/v1/movies/controller/controller_impl.go:110.16,113.3 2 0
bioskuy/api/v1/movies/controller/controller_impl.go:114.2,114.221 1 0
bioskuy/api/v1/movies/repository/repository_impl.go:14.53,16.2 1 1
bioskuy/api/v1/movies/repository/repository_impl.go:18.94,24.16 4 1
bioskuy/api/v1/movies/repository/repository_impl.go:24.16,26.3 1 1
bioskuy/api/v1/movies/repository/repository_impl.go:27.2,31.16 4 1
bioskuy/api/v1/movies/repository/repository_impl.go:31.16,33.3 1 1
bioskuy/api/v1/movies/repository/repository_impl.go:35.2,35.18 1 1
bioskuy/api/v1/movies/repository/repository_impl.go:35.18,39.17 3 1
bioskuy/api/v1/movies/repository/repository_impl.go:39.17,41.4 1 1
bioskuy/api/v1/movies/repository/repository_impl.go:42.3,42.37 1 1
bioskuy/api/v1/movies/repository/repository_impl.go:45.2,51.30 2 1
bioskuy/api/v1/movies/repository/repository_impl.go:54.80,57.16 2 1
bioskuy/api/v1/movies/repository/repository_impl.go:57.16,59.3 1 1
bioskuy/api/v1/movies/repository/repository_impl.go:60.2,60.19 1 1
bioskuy/api/v1/movies/repository/repository_impl.go:63.71,67.16 3 1
bioskuy/api/v1/movies/repository/repository_impl.go:67.16,69.3 1 1
bioskuy/api/v1/movies/repository/repository_impl.go:70.2,70.19 1 1
bioskuy/api/v1/movies/repository/repository_impl.go:73.80,76.16 2 1
bioskuy/api/v1/movies/repository/repository_impl.go:76.16,78.3 1 1
bioskuy/api/v1/movies/repository/repository_impl.go:79.2,79.19 1 1
bioskuy/api/v1/movies/repository/repository_impl.go:82.71,86.16 3 1
bioskuy/api/v1/movies/repository/repository_impl.go:86.16,88.3 1 1
bioskuy/api/v1/movies/repository/repository_impl.go:89.2,89.19 1 1
bioskuy/api/v1/movies/route/route.go:16.102,24.2 6 0
bioskuy/api/v1/movies/route/route.go:24.2,26.3 2 0
bioskuy/api/v1/movies/route/route.go:26.3,32.4 5 0
bioskuy/api/v1/movies/service/service_impl.go:13.68,15.2 1 1
bioskuy/api/v1/movies/service/service_impl.go:16.97,18.2 1 1
bioskuy/api/v1/movies/service/service_impl.go:20.82,22.2 1 1
bioskuy/api/v1/movies/service/service_impl.go:24.74,26.2 1 1
bioskuy/api/v1/movies/service/service_impl.go:28.82,30.2 1 1
bioskuy/api/v1/movies/service/service_impl.go:32.73,34.2 1 1
bioskuy/api/v1/payment/controller/controller_impl.go:17.77,19.2 1 1
bioskuy/api/v1/payment/controller/controller_impl.go:21.58,26.16 4 1
bioskuy/api/v1/payment/controller/controller_impl.go:26.16,29.3 2 1
bioskuy/api/v1/payment/controller/controller_impl.go:31.2,34.16 3 1
bioskuy/api/v1/payment/controller/controller_impl.go:34.16,36.3 1 0
bioskuy/api/v1/payment/controller/controller_impl.go:38.2,43.38 2 0
bioskuy/api/v1/payment/controller/controller_impl.go:46.66,53.16 5 1
bioskuy/api/v1/payment/controller/controller_impl.go:53.16,56.3 2 1
bioskuy/api/v1/payment/controller/controller_impl.go:56.8,61.3 3 1
bioskuy/api/v1/payment/controller/controller_impl.go:64.66,68.19 3 1
bioskuy/api/v1/payment/controller/controller_impl.go:68.19,71.6 2 0
bioskuy/api/v1/payment/controller/controller_impl.go:73.5,78.36 2 1
bioskuy/api/v1/payment/controller/controller_impl.go:81.70,86.63 3 1
bioskuy/api/v1/payment/controller/controller_impl.go:86.63,89.3 2 1
bioskuy/api/v1/payment/controller/controller_impl.go:91.2,92.13 2 1
bioskuy/api/v1/payment/controller/controller_impl.go:92.13,95.3 2 1
bioskuy/api/v1/payment/controller/controller_impl.go:97.5,97.59 1 1
bioskuy/exception/ForbiddenError.go:7.40,9.2 1 0
bioskuy/exception/InternalServerError.go:7.45,9.2 1 0
bioskuy/exception/NotFoundError.go:7.39,9.2 1 1
bioskuy/exception/ValidationError.go:7.41,9.2 1 0
bioskuy/exception/exception_middleware.go:9.35,12.34 2 0
bioskuy/exception/exception_middleware.go:12.34,13.20 1 0
bioskuy/exception/exception_middleware.go:13.20,15.31 2 0
bioskuy/exception/exception_middleware.go:15.31,17.5 1 0
bioskuy/exception/exception_middleware.go:19.4,19.30 1 0
bioskuy/exception/exception_middleware.go:19.30,21.5 1 0
bioskuy/exception/exception_middleware.go:23.4,23.29 1 0
bioskuy/exception/exception_middleware.go:23.29,25.5 1 0
bioskuy/exception/exception_middleware.go:27.4,27.35 1 0
bioskuy/exception/exception_middleware.go:27.35,29.5 1 0
bioskuy/exception/exception_middleware.go:34.53,35.39 1 0
bioskuy/exception/exception_middleware.go:35.39,38.3 2 0
bioskuy/exception/exception_middleware.go:39.2,39.14 1 0
bioskuy/exception/exception_middleware.go:42.54,43.40 1 0
bioskuy/exception/exception_middleware.go:43.40,46.3 2 0
bioskuy/exception/exception_middleware.go:47.2,47.14 1 0
bioskuy/exception/exception_middleware.go:50.52,51.38 1 0
bioskuy/exception/exception_middleware.go:51.38,54.3 2 0
bioskuy/exception/exception_middleware.go:55.2,55.14 1 0
bioskuy/exception/exception_middleware.go:58.58,59.44 1 0
bioskuy/exception/exception_middleware.go:59.44,61.11 2 0
bioskuy/exception/exception_middleware.go:63.2,63.14 1 0
bioskuy/helper/config.go:25.41,27.19 2 0
bioskuy/helper/config.go:27.19,29.3 1 0
bioskuy/helper/config.go:31.2,43.3 1 0
bioskuy/helper/string_to_date.go:10.60,12.16 2 0
bioskuy/helper/string_to_date.go:12.16,15.3 2 0
bioskuy/helper/string_to_date.go:17.2,17.15 1 0
bioskuy/helper/tx.go:10.52,11.30 1 0
bioskuy/helper/tx.go:11.30,12.55 1 0
bioskuy/helper/tx.go:12.55,14.4 1 0
bioskuy/helper/tx.go:15.3,15.11 1 0
bioskuy/helper/tx.go:16.8,17.24 1 0
bioskuy/helper/tx.go:17.24,18.56 1 0
bioskuy/helper/tx.go:18.56,20.5 1 0
bioskuy/helper/tx.go:21.9,22.50 1 0
bioskuy/helper/tx.go:22.50,24.5 1 0
bioskuy/api/v1/payment/repository/repository_impl.go:16.51,18.6 1 1
bioskuy/api/v1/payment/repository/repository_impl.go:20.134,25.23 3 1
bioskuy/api/v1/payment/repository/repository_impl.go:25.23,28.10 2 1
bioskuy/api/v1/payment/repository/repository_impl.go:30.9,30.28 1 1
bioskuy/api/v1/payment/repository/repository_impl.go:33.126,54.23 4 1
bioskuy/api/v1/payment/repository/repository_impl.go:54.23,57.10 2 1
bioskuy/api/v1/payment/repository/repository_impl.go:58.9,60.24 2 0
bioskuy/api/v1/payment/repository/repository_impl.go:60.24,69.27 2 0
bioskuy/api/v1/payment/repository/repository_impl.go:69.27,72.14 2 0
bioskuy/api/v1/payment/repository/repository_impl.go:74.13,74.40 1 0
bioskuy/api/v1/payment/repository/repository_impl.go:75.15,77.10 1 0
bioskuy/api/v1/payment/repository/repository_impl.go:80.116,99.23 3 1
bioskuy/api/v1/payment/repository/repository_impl.go:99.23,102.10 2 1
bioskuy/api/v1/payment/repository/repository_impl.go:103.9,107.25 3 1
bioskuy/api/v1/payment/repository/repository_impl.go:107.25,117.27 3 1
bioskuy/api/v1/payment/repository/repository_impl.go:117.27,120.14 2 1
bioskuy/api/v1/payment/repository/repository_impl.go:122.13,122.57 1 0
bioskuy/api/v1/payment/repository/repository_impl.go:125.9,125.41 1 0
bioskuy/api/v1/payment/repository/repository_impl.go:125.41,128.10 2 0
bioskuy/api/v1/payment/repository/repository_impl.go:130.9,130.29 1 0
bioskuy/api/v1/payment/repository/repository_impl.go:133.136,139.23 3 1
bioskuy/api/v1/payment/repository/repository_impl.go:139.23,142.10 2 1
bioskuy/api/v1/payment/repository/repository_impl.go:144.9,144.28 1 0
bioskuy/api/v1/payment/repository/repository_impl.go:147.113,151.23 3 1
bioskuy/api/v1/payment/repository/repository_impl.go:151.23,154.10 2 1
bioskuy/api/v1/payment/repository/repository_impl.go:156.9,156.19 1 0
bioskuy/exception/ForbiddenError.go:7.40,9.2 1 0
bioskuy/exception/InternalServerError.go:7.45,9.2 1 0
bioskuy/exception/NotFoundError.go:7.39,9.2 1 0
bioskuy/exception/ValidationError.go:7.41,9.2 1 0
bioskuy/exception/exception_middleware.go:9.35,12.34 2 0
bioskuy/exception/exception_middleware.go:12.34,13.20 1 0
bioskuy/exception/exception_middleware.go:13.20,15.31 2 0
bioskuy/exception/exception_middleware.go:15.31,17.5 1 0
bioskuy/exception/exception_middleware.go:19.4,19.30 1 0
bioskuy/exception/exception_middleware.go:19.30,21.5 1 0
bioskuy/exception/exception_middleware.go:23.4,23.29 1 0
bioskuy/exception/exception_middleware.go:23.29,25.5 1 0
bioskuy/exception/exception_middleware.go:27.4,27.35 1 0
bioskuy/exception/exception_middleware.go:27.35,29.5 1 0
bioskuy/exception/exception_middleware.go:34.53,35.39 1 0
bioskuy/exception/exception_middleware.go:35.39,38.3 2 0
bioskuy/exception/exception_middleware.go:39.2,39.14 1 0
bioskuy/exception/exception_middleware.go:42.54,43.40 1 0
bioskuy/exception/exception_middleware.go:43.40,46.3 2 0
bioskuy/exception/exception_middleware.go:47.2,47.14 1 0
bioskuy/exception/exception_middleware.go:50.52,51.38 1 0
bioskuy/exception/exception_middleware.go:51.38,54.3 2 0
bioskuy/exception/exception_middleware.go:55.2,55.14 1 0
bioskuy/exception/exception_middleware.go:58.58,59.44 1 0
bioskuy/exception/exception_middleware.go:59.44,61.11 2 0
bioskuy/exception/exception_middleware.go:63.2,63.14 1 0
bioskuy/api/v1/payment/route/route.go:18.104,28.2 8 0
bioskuy/api/v1/payment/route/route.go:28.2,30.3 2 0
bioskuy/api/v1/payment/route/route.go:30.3,35.4 4 0
bioskuy/api/v1/seat/controller/controller_impl.go:16.72,18.2 1 1
bioskuy/api/v1/seat/controller/controller_impl.go:20.63,27.16 5 1
bioskuy/api/v1/seat/controller/controller_impl.go:27.16,30.3 2 1
bioskuy/api/v1/seat/controller/controller_impl.go:30.8,35.3 3 1
bioskuy/api/v1/seat/controller/controller_impl.go:38.63,43.19 4 1
bioskuy/api/v1/seat/controller/controller_impl.go:43.19,46.6 2 0
bioskuy/api/v1/seat/controller/controller_impl.go:48.5,53.36 2 1
bioskuy/exception/ForbiddenError.go:7.40,9.2 1 0
bioskuy/exception/InternalServerError.go:7.45,9.2 1 0
bioskuy/exception/NotFoundError.go:7.39,9.2 1 1
bioskuy/exception/ValidationError.go:7.41,9.2 1 0
bioskuy/exception/exception_middleware.go:9.35,12.34 2 0
bioskuy/exception/exception_middleware.go:12.34,13.20 1 0
bioskuy/exception/exception_middleware.go:13.20,15.31 2 0
bioskuy/exception/exception_middleware.go:15.31,17.5 1 0
bioskuy/exception/exception_middleware.go:19.4,19.30 1 0
bioskuy/exception/exception_middleware.go:19.30,21.5 1 0
bioskuy/exception/exception_middleware.go:23.4,23.29 1 0
bioskuy/exception/exception_middleware.go:23.29,25.5 1 0
bioskuy/exception/exception_middleware.go:27.4,27.35 1 0
bioskuy/exception/exception_middleware.go:27.35,29.5 1 0
bioskuy/exception/exception_middleware.go:34.53,35.39 1 0
bioskuy/exception/exception_middleware.go:35.39,38.3 2 0
bioskuy/exception/exception_middleware.go:39.2,39.14 1 0
bioskuy/exception/exception_middleware.go:42.54,43.40 1 0
bioskuy/exception/exception_middleware.go:43.40,46.3 2 0
bioskuy/exception/exception_middleware.go:47.2,47.14 1 0
bioskuy/exception/exception_middleware.go:50.52,51.38 1 0
bioskuy/exception/exception_middleware.go:51.38,54.3 2 0
bioskuy/exception/exception_middleware.go:55.2,55.14 1 0
bioskuy/exception/exception_middleware.go:58.58,59.44 1 0
bioskuy/exception/exception_middleware.go:59.44,61.11 2 0
bioskuy/exception/exception_middleware.go:63.2,63.14 1 0
bioskuy/helper/config.go:25.41,27.19 2 0
bioskuy/helper/config.go:27.19,29.3 1 0
bioskuy/helper/config.go:31.2,43.3 1 0
bioskuy/helper/string_to_date.go:10.60,12.16 2 0
bioskuy/helper/string_to_date.go:12.16,15.3 2 0
bioskuy/helper/string_to_date.go:17.2,17.15 1 0
bioskuy/helper/tx.go:10.52,11.30 1 0
bioskuy/helper/tx.go:11.30,12.55 1 0
bioskuy/helper/tx.go:12.55,14.4 1 0
bioskuy/helper/tx.go:15.3,15.11 1 0
bioskuy/helper/tx.go:16.8,17.24 1 0
bioskuy/helper/tx.go:17.24,18.56 1 0
bioskuy/helper/tx.go:18.56,20.5 1 0
bioskuy/helper/tx.go:21.9,22.50 1 0
bioskuy/helper/tx.go:22.50,24.5 1 0
bioskuy/api/v1/payment/service/service_impl.go:32.225,41.2 1 1
bioskuy/api/v1/payment/service/service_impl.go:43.152,51.16 6 1
bioskuy/api/v1/payment/service/service_impl.go:51.16,54.3 2 1
bioskuy/api/v1/payment/service/service_impl.go:56.2,57.16 2 1
bioskuy/api/v1/payment/service/service_impl.go:57.16,60.3 2 0
bioskuy/api/v1/payment/service/service_impl.go:61.2,64.16 3 1
bioskuy/api/v1/payment/service/service_impl.go:64.16,67.3 2 0
bioskuy/api/v1/payment/service/service_impl.go:69.2,80.16 5 1
bioskuy/api/v1/payment/service/service_impl.go:80.16,83.3 2 1
bioskuy/api/v1/payment/service/service_impl.go:85.2,108.29 11 1
bioskuy/api/v1/payment/service/service_impl.go:111.116,115.16 3 1
bioskuy/api/v1/payment/service/service_impl.go:115.16,118.3 2 0
bioskuy/api/v1/payment/service/service_impl.go:119.2,122.16 3 1
bioskuy/api/v1/payment/service/service_impl.go:122.16,125.3 2 1
bioskuy/api/v1/payment/service/service_impl.go:127.2,149.29 22 1
bioskuy/api/v1/payment/service/service_impl.go:152.106,156.16 3 1
bioskuy/api/v1/payment/service/service_impl.go:156.16,159.3 2 0
bioskuy/api/v1/payment/service/service_impl.go:160.2,163.16 3 1
bioskuy/api/v1/payment/service/service_impl.go:163.16,166.3 2 1
bioskuy/api/v1/payment/service/service_impl.go:168.2,168.33 1 1
bioskuy/api/v1/payment/service/service_impl.go:168.33,193.3 2 1
bioskuy/api/v1/payment/service/service_impl.go:195.2,195.30 1 1
bioskuy/api/v1/payment/service/service_impl.go:198.118,201.16 2 1
bioskuy/api/v1/payment/service/service_impl.go:201.16,203.3 1 0
bioskuy/api/v1/payment/service/service_impl.go:204.2,210.62 4 1
bioskuy/api/v1/payment/service/service_impl.go:210.62,214.17 3 1
bioskuy/api/v1/payment/service/service_impl.go:214.17,216.4 1 0
bioskuy/api/v1/payment/service/service_impl.go:218.3,223.17 5 0
bioskuy/api/v1/payment/service/service_impl.go:223.17,225.4 1 0
bioskuy/api/v1/payment/service/service_impl.go:227.7,227.62 1 1
bioskuy/api/v1/payment/service/service_impl.go:227.62,230.17 2 1
bioskuy/api/v1/payment/service/service_impl.go:230.17,232.4 1 0
bioskuy/api/v1/payment/service/service_impl.go:234.3,238.17 4 0
bioskuy/api/v1/payment/service/service_impl.go:238.17,240.4 1 0
bioskuy/api/v1/payment/service/service_impl.go:242.3,246.17 5 0
bioskuy/api/v1/payment/service/service_impl.go:246.17,248.4 1 0
bioskuy/api/v1/payment/service/service_impl.go:250.7,250.65 1 1
bioskuy/api/v1/payment/service/service_impl.go:250.65,253.17 2 0
bioskuy/api/v1/payment/service/service_impl.go:253.17,255.4 1 0
bioskuy/api/v1/payment/service/service_impl.go:257.3,261.17 4 0
bioskuy/api/v1/payment/service/service_impl.go:261.17,263.4 1 0
bioskuy/api/v1/payment/service/service_impl.go:265.3,269.17 5 0
bioskuy/api/v1/payment/service/service_impl.go:269.17,271.4 1 0
bioskuy/api/v1/payment/service/service_impl.go:273.7,273.65 1 1
bioskuy/api/v1/payment/service/service_impl.go:273.65,276.17 2 0
bioskuy/api/v1/payment/service/service_impl.go:276.17,278.4 1 0
bioskuy/api/v1/payment/service/service_impl.go:280.3,284.17 4 0
bioskuy/api/v1/payment/service/service_impl.go:284.17,286.4 1 0
bioskuy/api/v1/payment/service/service_impl.go:288.3,292.17 5 0
bioskuy/api/v1/payment/service/service_impl.go:292.17,294.4 1 0
bioskuy/exception/ForbiddenError.go:7.40,9.2 1 0
bioskuy/exception/InternalServerError.go:7.45,9.2 1 0
bioskuy/exception/NotFoundError.go:7.39,9.2 1 0
bioskuy/exception/ValidationError.go:7.41,9.2 1 0
bioskuy/exception/exception_middleware.go:9.35,12.34 2 0
bioskuy/exception/exception_middleware.go:12.34,13.20 1 0
bioskuy/exception/exception_middleware.go:13.20,15.31 2 0
bioskuy/exception/exception_middleware.go:15.31,17.5 1 0
bioskuy/exception/exception_middleware.go:19.4,19.30 1 0
bioskuy/exception/exception_middleware.go:19.30,21.5 1 0
bioskuy/exception/exception_middleware.go:23.4,23.29 1 0
bioskuy/exception/exception_middleware.go:23.29,25.5 1 0
bioskuy/exception/exception_middleware.go:27.4,27.35 1 0
bioskuy/exception/exception_middleware.go:27.35,29.5 1 0
bioskuy/exception/exception_middleware.go:34.53,35.39 1 0
bioskuy/exception/exception_middleware.go:35.39,38.3 2 0
bioskuy/exception/exception_middleware.go:39.2,39.14 1 0
bioskuy/exception/exception_middleware.go:42.54,43.40 1 0
bioskuy/exception/exception_middleware.go:43.40,46.3 2 0
bioskuy/exception/exception_middleware.go:47.2,47.14 1 0
bioskuy/exception/exception_middleware.go:50.52,51.38 1 0
bioskuy/exception/exception_middleware.go:51.38,54.3 2 0
bioskuy/exception/exception_middleware.go:55.2,55.14 1 0
bioskuy/exception/exception_middleware.go:58.58,59.44 1 0
bioskuy/exception/exception_middleware.go:59.44,61.11 2 0
bioskuy/exception/exception_middleware.go:63.2,63.14 1 0
bioskuy/helper/config.go:25.41,27.19 2 0
bioskuy/helper/config.go:27.19,29.3 1 0
bioskuy/helper/config.go:31.2,43.3 1 0
bioskuy/helper/string_to_date.go:10.60,12.16 2 0
bioskuy/helper/string_to_date.go:12.16,15.3 2 0
bioskuy/helper/string_to_date.go:17.2,17.15 1 0
bioskuy/helper/tx.go:10.52,11.30 1 1
bioskuy/helper/tx.go:11.30,12.55 1 1
bioskuy/helper/tx.go:12.55,14.4 1 1
bioskuy/helper/tx.go:15.3,15.11 1 1
bioskuy/helper/tx.go:16.8,17.24 1 1
bioskuy/helper/tx.go:17.24,18.56 1 1
bioskuy/helper/tx.go:18.56,20.5 1 0
bioskuy/helper/tx.go:21.9,22.50 1 1
bioskuy/helper/tx.go:22.50,24.5 1 0
bioskuy/api/v1/seat/route/route.go:13.78,20.2 5 0
bioskuy/api/v1/seat/route/route.go:20.2,22.3 2 0
bioskuy/api/v1/seat/route/route.go:22.3,25.4 2 0
bioskuy/api/v1/seat/repository/repository_impl.go:16.41,18.2 1 1
bioskuy/api/v1/seat/repository/repository_impl.go:20.119,24.16 3 1
bioskuy/api/v1/seat/repository/repository_impl.go:24.16,27.3 2 1
bioskuy/api/v1/seat/repository/repository_impl.go:29.2,29.18 1 1
bioskuy/api/v1/seat/repository/repository_impl.go:32.116,38.16 4 1
bioskuy/api/v1/seat/repository/repository_impl.go:38.16,41.3 2 1
bioskuy/api/v1/seat/repository/repository_impl.go:42.2,44.17 2 1
bioskuy/api/v1/seat/repository/repository_impl.go:44.17,46.17 2 1
bioskuy/api/v1/seat/repository/repository_impl.go:46.17,49.4 2 0
bioskuy/api/v1/seat/repository/repository_impl.go:51.3,51.19 1 1
bioskuy/api/v1/seat/repository/repository_impl.go:52.8,54.3 1 1
bioskuy/api/v1/seat/repository/repository_impl.go:57.131,63.16 4 1
bioskuy/api/v1/seat/repository/repository_impl.go:63.16,66.3 2 1
bioskuy/api/v1/seat/repository/repository_impl.go:67.2,69.16 2 1
bioskuy/api/v1/seat/repository/repository_impl.go:69.16,71.17 2 1
bioskuy/api/v1/seat/repository/repository_impl.go:71.17,74.4 2 0
bioskuy/api/v1/seat/repository/repository_impl.go:76.3,76.19 1 1
bioskuy/api/v1/seat/repository/repository_impl.go:77.7,79.3 1 0
bioskuy/api/v1/seat/repository/repository_impl.go:82.120,88.16 3 1
bioskuy/api/v1/seat/repository/repository_impl.go:88.16,91.3 2 1
bioskuy/api/v1/seat/repository/repository_impl.go:93.2,93.18 1 1
bioskuy/api/v1/seat/repository/repository_impl.go:96.116,102.16 4 1
bioskuy/api/v1/seat/repository/repository_impl.go:102.16,105.3 2 1
bioskuy/api/v1/seat/repository/repository_impl.go:106.2,108.18 2 1
bioskuy/api/v1/seat/repository/repository_impl.go:108.18,110.92 2 1
bioskuy/api/v1/seat/repository/repository_impl.go:110.92,112.4 1 0
bioskuy/api/v1/seat/repository/repository_impl.go:113.3,113.30 1 1
bioskuy/api/v1/seat/repository/repository_impl.go:115.2,115.19 1 1
bioskuy/api/v1/seat/repository/repository_impl.go:118.99,123.16 3 1
bioskuy/api/v1/seat/repository/repository_impl.go:123.16,126.3 2 1
bioskuy/api/v1/seat/repository/repository_impl.go:128.2,128.12 1 1
bioskuy/exception/ForbiddenError.go:7.40,9.2 1 0
bioskuy/exception/InternalServerError.go:7.45,9.2 1 0
bioskuy/exception/NotFoundError.go:7.39,9.2 1 0
bioskuy/exception/ValidationError.go:7.41,9.2 1 0
bioskuy/exception/exception_middleware.go:9.35,12.34 2 0
bioskuy/exception/exception_middleware.go:12.34,13.20 1 0
bioskuy/exception/exception_middleware.go:13.20,15.31 2 0
bioskuy/exception/exception_middleware.go:15.31,17.5 1 0
bioskuy/exception/exception_middleware.go:19.4,19.30 1 0
bioskuy/exception/exception_middleware.go:19.30,21.5 1 0
bioskuy/exception/exception_middleware.go:23.4,23.29 1 0
bioskuy/exception/exception_middleware.go:23.29,25.5 1 0
bioskuy/exception/exception_middleware.go:27.4,27.35 1 0
bioskuy/exception/exception_middleware.go:27.35,29.5 1 0
bioskuy/exception/exception_middleware.go:34.53,35.39 1 0
bioskuy/exception/exception_middleware.go:35.39,38.3 2 0
bioskuy/exception/exception_middleware.go:39.2,39.14 1 0
bioskuy/exception/exception_middleware.go:42.54,43.40 1 0
bioskuy/exception/exception_middleware.go:43.40,46.3 2 0
bioskuy/exception/exception_middleware.go:47.2,47.14 1 0
bioskuy/exception/exception_middleware.go:50.52,51.38 1 0
bioskuy/exception/exception_middleware.go:51.38,54.3 2 0
bioskuy/exception/exception_middleware.go:55.2,55.14 1 0
bioskuy/exception/exception_middleware.go:58.58,59.44 1 0
bioskuy/exception/exception_middleware.go:59.44,61.11 2 0
bioskuy/exception/exception_middleware.go:63.2,63.14 1 0
bioskuy/api/v1/seat/service/service_impl.go:22.106,24.2 1 0
bioskuy/api/v1/seat/service/service_impl.go:26.105,31.16 3 1
bioskuy/api/v1/seat/service/service_impl.go:31.16,34.3 2 1
bioskuy/api/v1/seat/service/service_impl.go:35.2,38.16 3 1
bioskuy/api/v1/seat/service/service_impl.go:38.16,41.3 2 1
bioskuy/api/v1/seat/service/service_impl.go:43.2,48.26 5 1
bioskuy/api/v1/seat/service/service_impl.go:51.106,55.16 3 1
bioskuy/api/v1/seat/service/service_impl.go:55.16,58.3 2 1
bioskuy/api/v1/seat/service/service_impl.go:59.2,62.16 3 1
bioskuy/api/v1/seat/service/service_impl.go:62.16,65.3 2 1
bioskuy/api/v1/seat/service/service_impl.go:67.2,67.30 1 1
bioskuy/api/v1/seat/service/service_impl.go:67.30,77.3 6 1
bioskuy/api/v1/seat/service/service_impl.go:79.2,79.29 1 1
bioskuy/exception/ForbiddenError.go:7.40,9.2 1 0
bioskuy/exception/InternalServerError.go:7.45,9.2 1 0
bioskuy/exception/NotFoundError.go:7.39,9.2 1 1
bioskuy/exception/ValidationError.go:7.41,9.2 1 0
bioskuy/exception/exception_middleware.go:9.35,12.34 2 0
bioskuy/exception/exception_middleware.go:12.34,13.20 1 0
bioskuy/exception/exception_middleware.go:13.20,15.31 2 0
bioskuy/exception/exception_middleware.go:15.31,17.5 1 0
bioskuy/exception/exception_middleware.go:19.4,19.30 1 0
bioskuy/exception/exception_middleware.go:19.30,21.5 1 0
bioskuy/exception/exception_middleware.go:23.4,23.29 1 0
bioskuy/exception/exception_middleware.go:23.29,25.5 1 0
bioskuy/exception/exception_middleware.go:27.4,27.35 1 0
bioskuy/exception/exception_middleware.go:27.35,29.5 1 0
bioskuy/exception/exception_middleware.go:34.53,35.39 1 0
bioskuy/exception/exception_middleware.go:35.39,38.3 2 0
bioskuy/exception/exception_middleware.go:39.2,39.14 1 0
bioskuy/exception/exception_middleware.go:42.54,43.40 1 0
bioskuy/exception/exception_middleware.go:43.40,46.3 2 0
bioskuy/exception/exception_middleware.go:47.2,47.14 1 0
bioskuy/exception/exception_middleware.go:50.52,51.38 1 0
bioskuy/exception/exception_middleware.go:51.38,54.3 2 0
bioskuy/exception/exception_middleware.go:55.2,55.14 1 0
bioskuy/exception/exception_middleware.go:58.58,59.44 1 0
bioskuy/exception/exception_middleware.go:59.44,61.11 2 0
bioskuy/exception/exception_middleware.go:63.2,63.14 1 0
bioskuy/helper/config.go:25.41,27.19 2 0
bioskuy/helper/config.go:27.19,29.3 1 0
bioskuy/helper/config.go:31.2,43.3 1 0
bioskuy/helper/string_to_date.go:10.60,12.16 2 0
bioskuy/helper/string_to_date.go:12.16,15.3 2 0
bioskuy/helper/string_to_date.go:17.2,17.15 1 0
bioskuy/helper/tx.go:10.52,11.30 1 1
bioskuy/helper/tx.go:11.30,12.55 1 0
bioskuy/helper/tx.go:12.55,14.4 1 0
bioskuy/helper/tx.go:15.3,15.11 1 0
bioskuy/helper/tx.go:16.8,17.24 1 1
bioskuy/helper/tx.go:17.24,18.56 1 1
bioskuy/helper/tx.go:18.56,20.5 1 0
bioskuy/helper/tx.go:21.9,22.50 1 1
bioskuy/helper/tx.go:22.50,24.5 1 0
bioskuy/api/v1/seatbooking/controller/controller_impl.go:17.86,19.2 1 1
bioskuy/api/v1/seatbooking/controller/controller_impl.go:21.63,26.16 4 1
bioskuy/api/v1/seatbooking/controller/controller_impl.go:26.16,29.3 2 0
bioskuy/api/v1/seatbooking/controller/controller_impl.go:31.2,34.16 3 1
bioskuy/api/v1/seatbooking/controller/controller_impl.go:34.16,36.3 1 0
bioskuy/api/v1/seatbooking/controller/controller_impl.go:38.2,43.38 2 0
bioskuy/api/v1/seatbooking/controller/controller_impl.go:46.71,53.16 5 1
bioskuy/api/v1/seatbooking/controller/controller_impl.go:53.16,56.3 2 1
bioskuy/api/v1/seatbooking/controller/controller_impl.go:56.8,61.3 3 1
bioskuy/api/v1/seatbooking/controller/controller_impl.go:64.70,68.16 3 1
bioskuy/api/v1/seatbooking/controller/controller_impl.go:68.16,71.3 2 0
bioskuy/api/v1/seatbooking/controller/controller_impl.go:73.2,78.33 2 1
bioskuy/api/v1/seatbooking/controller/controller_impl.go:81.62,87.16 5 1
bioskuy/api/v1/seatbooking/controller/controller_impl.go:87.16,91.3 2 1
bioskuy/api/v1/seatbooking/controller/controller_impl.go:91.8,96.3 3 1
bioskuy/api/v1/showtime/repository/repository_impl.go:18.49,20.2 1 0
bioskuy/api/v1/showtime/repository/repository_impl.go:22.134,30.16 5 0
bioskuy/api/v1/showtime/repository/repository_impl.go:30.16,33.3 2 0
bioskuy/api/v1/showtime/repository/repository_impl.go:35.2,35.22 1 0
bioskuy/api/v1/showtime/repository/repository_impl.go:38.123,48.16 4 0
bioskuy/api/v1/showtime/repository/repository_impl.go:48.16,51.3 2 0
bioskuy/api/v1/showtime/repository/repository_impl.go:52.2,54.16 2 0
bioskuy/api/v1/showtime/repository/repository_impl.go:54.16,60.17 2 0
bioskuy/api/v1/showtime/repository/repository_impl.go:60.17,63.4 2 0
bioskuy/api/v1/showtime/repository/repository_impl.go:65.3,65.23 1 0
bioskuy/api/v1/showtime/repository/repository_impl.go:66.7,68.3 1 0
bioskuy/api/v1/showtime/repository/repository_impl.go:71.113,82.16 4 0
bioskuy/api/v1/showtime/repository/repository_impl.go:82.16,85.3 2 0
bioskuy/api/v1/showtime/repository/repository_impl.go:86.2,88.18 2 0
bioskuy/api/v1/showtime/repository/repository_impl.go:88.18,94.23 2 0
bioskuy/api/v1/showtime/repository/repository_impl.go:94.23,96.4 1 0
bioskuy/api/v1/showtime/repository/repository_impl.go:97.3,97.42 1 0
bioskuy/api/v1/showtime/repository/repository_impl.go:99.2,99.23 1 0
bioskuy/api/v1/showtime/repository/repository_impl.go:102.102,107.16 3 0
bioskuy/api/v1/showtime/repository/repository_impl.go:107.16,110.3 2 0
bioskuy/api/v1/showtime/repository/repository_impl.go:112.2,112.12 1 0
bioskuy/api/v1/showtime/repository/repository_impl.go:115.164,127.19 3 0
bioskuy/api/v1/showtime/repository/repository_impl.go:127.19,130.6 2 0
bioskuy/api/v1/showtime/repository/repository_impl.go:131.5,133.20 2 0
bioskuy/api/v1/showtime/repository/repository_impl.go:133.20,135.6 1 0
bioskuy/api/v1/showtime/repository/repository_impl.go:137.5,137.15 1 0
bioskuy/exception/ForbiddenError.go:7.40,9.2 1 0
bioskuy/exception/InternalServerError.go:7.45,9.2 1 1
bioskuy/exception/NotFoundError.go:7.39,9.2 1 1
bioskuy/exception/ValidationError.go:7.41,9.2 1 0
bioskuy/exception/exception_middleware.go:9.35,12.34 2 0
bioskuy/exception/exception_middleware.go:12.34,13.20 1 0
bioskuy/exception/exception_middleware.go:13.20,15.31 2 0
bioskuy/exception/exception_middleware.go:15.31,17.5 1 0
bioskuy/exception/exception_middleware.go:19.4,19.30 1 0
bioskuy/exception/exception_middleware.go:19.30,21.5 1 0
bioskuy/exception/exception_middleware.go:23.4,23.29 1 0
bioskuy/exception/exception_middleware.go:23.29,25.5 1 0
bioskuy/exception/exception_middleware.go:27.4,27.35 1 0
bioskuy/exception/exception_middleware.go:27.35,29.5 1 0
bioskuy/exception/exception_middleware.go:34.53,35.39 1 0
bioskuy/exception/exception_middleware.go:35.39,38.3 2 0
bioskuy/exception/exception_middleware.go:39.2,39.14 1 0
bioskuy/exception/exception_middleware.go:42.54,43.40 1 0
bioskuy/exception/exception_middleware.go:43.40,46.3 2 0
bioskuy/exception/exception_middleware.go:47.2,47.14 1 0
bioskuy/exception/exception_middleware.go:50.52,51.38 1 0
bioskuy/exception/exception_middleware.go:51.38,54.3 2 0
bioskuy/exception/exception_middleware.go:55.2,55.14 1 0
bioskuy/exception/exception_middleware.go:58.58,59.44 1 0
bioskuy/exception/exception_middleware.go:59.44,61.11 2 0
bioskuy/exception/exception_middleware.go:63.2,63.14 1 0
bioskuy/helper/config.go:25.41,27.19 2 0
bioskuy/helper/config.go:27.19,29.3 1 0
bioskuy/helper/config.go:31.2,43.3 1 0
bioskuy/helper/string_to_date.go:10.60,12.16 2 0
bioskuy/helper/string_to_date.go:12.16,15.3 2 0
bioskuy/helper/string_to_date.go:17.2,17.15 1 0
bioskuy/helper/tx.go:10.52,11.30 1 0
bioskuy/helper/tx.go:11.30,12.55 1 0
bioskuy/helper/tx.go:12.55,14.4 1 0
bioskuy/helper/tx.go:15.3,15.11 1 0
bioskuy/helper/tx.go:16.8,17.24 1 0
bioskuy/helper/tx.go:17.24,18.56 1 0
bioskuy/helper/tx.go:18.56,20.5 1 0
bioskuy/helper/tx.go:21.9,22.50 1 0
bioskuy/helper/tx.go:22.50,24.5 1 0
bioskuy/api/v1/seatbooking/repository/repository_impl.go:16.55,18.2 1 1
bioskuy/api/v1/seatbooking/repository/repository_impl.go:20.146,25.16 3 1
bioskuy/api/v1/seatbooking/repository/repository_impl.go:25.16,28.3 2 1
bioskuy/api/v1/seatbooking/repository/repository_impl.go:30.2,33.16 3 0
bioskuy/api/v1/seatbooking/repository/repository_impl.go:33.16,36.3 2 0
bioskuy/api/v1/seatbooking/repository/repository_impl.go:38.2,38.25 1 0
bioskuy/api/v1/seatbooking/repository/repository_impl.go:41.130,67.16 4 1
bioskuy/api/v1/seatbooking/repository/repository_impl.go:67.16,70.3 2 1
bioskuy/api/v1/seatbooking/repository/repository_impl.go:71.2,73.17 2 1
bioskuy/api/v1/seatbooking/repository/repository_impl.go:73.17,82.17 2 1
bioskuy/api/v1/seatbooking/repository/repository_impl.go:82.17,85.4 2 0
bioskuy/api/v1/seatbooking/repository/repository_impl.go:87.3,87.34 1 1
bioskuy/api/v1/seatbooking/repository/repository_impl.go:88.8,90.3 1 1
bioskuy/api/v1/seatbooking/repository/repository_impl.go:93.120,116.16 3 1
bioskuy/api/v1/seatbooking/repository/repository_impl.go:116.16,119.3 2 1
bioskuy/api/v1/seatbooking/repository/repository_impl.go:120.2,124.18 3 1
bioskuy/api/v1/seatbooking/repository/repository_impl.go:124.18,134.17 3 1
bioskuy/api/v1/seatbooking/repository/repository_impl.go:134.17,137.4 2 0
bioskuy/api/v1/seatbooking/repository/repository_impl.go:139.3,139.59 1 1
bioskuy/api/v1/seatbooking/repository/repository_impl.go:142.2,142.34 1 1
bioskuy/api/v1/seatbooking/repository/repository_impl.go:142.34,145.3 2 0
bioskuy/api/v1/seatbooking/repository/repository_impl.go:147.2,147.26 1 1
bioskuy/api/v1/seatbooking/repository/repository_impl.go:150.117,155.16 3 1
bioskuy/api/v1/seatbooking/repository/repository_impl.go:155.16,158.3 2 1
bioskuy/api/v1/seatbooking/repository/repository_impl.go:160.2,162.16 3 1
bioskuy/api/v1/seatbooking/repository/repository_impl.go:162.16,165.3 2 1
bioskuy/api/v1/seatbooking/repository/repository_impl.go:167.2,169.16 3 1
bioskuy/api/v1/seatbooking/repository/repository_impl.go:169.16,172.3 2 1
bioskuy/api/v1/seatbooking/repository/repository_impl.go:174.2,176.16 3 1
bioskuy/api/v1/seatbooking/repository/repository_impl.go:176.16,179.3 2 1
bioskuy/api/v1/seatbooking/repository/repository_impl.go:181.2,181.12 1 1
bioskuy/api/v1/seatbooking/repository/repository_impl.go:184.150,209.16 3 0
bioskuy/api/v1/seatbooking/repository/repository_impl.go:209.16,211.3 1 0
bioskuy/api/v1/seatbooking/repository/repository_impl.go:212.2,216.18 3 0
bioskuy/api/v1/seatbooking/repository/repository_impl.go:216.18,226.17 3 0
bioskuy/api/v1/seatbooking/repository/repository_impl.go:226.17,228.4 1 0
bioskuy/api/v1/seatbooking/repository/repository_impl.go:230.3,230.59 1 0
bioskuy/api/v1/seatbooking/repository/repository_impl.go:233.2,233.34 1 0
bioskuy/api/v1/seatbooking/repository/repository_impl.go:233.34,235.3 1 0
bioskuy/api/v1/seatbooking/repository/repository_impl.go:237.2,237.26 1 0
bioskuy/api/v1/seatbooking/repository/repository_impl.go:240.148,246.16 3 0
bioskuy/api/v1/seatbooking/repository/repository_impl.go:246.16,249.3 2 0
bioskuy/api/v1/seatbooking/repository/repository_impl.go:251.2,251.25 1 0
bioskuy/exception/ForbiddenError.go:7.40,9.2 1 0
bioskuy/exception/InternalServerError.go:7.45,9.2 1 0
bioskuy/exception/NotFoundError.go:7.39,9.2 1 0
bioskuy/exception/ValidationError.go:7.41,9.2 1 0
bioskuy/exception/exception_middleware.go:9.35,12.34 2 0
bioskuy/exception/exception_middleware.go:12.34,13.20 1 0
bioskuy/exception/exception_middleware.go:13.20,15.31 2 0
bioskuy/exception/exception_middleware.go:15.31,17.5 1 0
bioskuy/exception/exception_middleware.go:19.4,19.30 1 0
bioskuy/exception/exception_middleware.go:19.30,21.5 1 0
bioskuy/exception/exception_middleware.go:23.4,23.29 1 0
bioskuy/exception/exception_middleware.go:23.29,25.5 1 0
bioskuy/exception/exception_middleware.go:27.4,27.35 1 0
bioskuy/exception/exception_middleware.go:27.35,29.5 1 0
bioskuy/exception/exception_middleware.go:34.53,35.39 1 0
bioskuy/exception/exception_middleware.go:35.39,38.3 2 0
bioskuy/exception/exception_middleware.go:39.2,39.14 1 0
bioskuy/exception/exception_middleware.go:42.54,43.40 1 0
bioskuy/exception/exception_middleware.go:43.40,46.3 2 0
bioskuy/exception/exception_middleware.go:47.2,47.14 1 0
bioskuy/exception/exception_middleware.go:50.52,51.38 1 0
bioskuy/exception/exception_middleware.go:51.38,54.3 2 0
bioskuy/exception/exception_middleware.go:55.2,55.14 1 0
bioskuy/exception/exception_middleware.go:58.58,59.44 1 0
bioskuy/exception/exception_middleware.go:59.44,61.11 2 0
bioskuy/exception/exception_middleware.go:63.2,63.14 1 0
bioskuy/api/v1/seatbooking/route/route.go:16.108,25.2 7 0
bioskuy/api/v1/seatbooking/route/route.go:25.2,27.3 2 0
bioskuy/api/v1/seatbooking/route/route.go:27.3,32.4 4 0
bioskuy/api/v1/seatbooking/service/service_impl.go:29.97,37.2 1 1
bioskuy/api/v1/seatbooking/service/service_impl.go:39.164,47.16 6 1
bioskuy/api/v1/seatbooking/service/service_impl.go:47.16,50.3 2 1
bioskuy/api/v1/seatbooking/service/service_impl.go:52.2,56.16 4 1
bioskuy/api/v1/seatbooking/service/service_impl.go:56.16,59.3 2 1
bioskuy/api/v1/seatbooking/service/service_impl.go:60.2,63.16 3 0
bioskuy/api/v1/seatbooking/service/service_impl.go:63.16,66.3 2 0
bioskuy/api/v1/seatbooking/service/service_impl.go:68.2,69.16 2 0
bioskuy/api/v1/seatbooking/service/service_impl.go:69.16,72.3 2 0
bioskuy/api/v1/seatbooking/service/service_impl.go:74.2,82.16 3 0
bioskuy/api/v1/seatbooking/service/service_impl.go:82.16,85.3 2 0
bioskuy/api/v1/seatbooking/service/service_impl.go:87.2,90.16 3 0
bioskuy/api/v1/seatbooking/service/service_impl.go:90.16,93.3 2 0
bioskuy/api/v1/seatbooking/service/service_impl.go:95.2,99.33 4 0
bioskuy/api/v1/seatbooking/service/service_impl.go:102.124,106.16 3 1
bioskuy/api/v1/seatbooking/service/service_impl.go:106.16,109.3 2 1
bioskuy/api/v1/seatbooking/service/service_impl.go:110.2,113.16 3 0
bioskuy/api/v1/seatbooking/service/service_impl.go:113.16,116.3 2 0
bioskuy/api/v1/seatbooking/service/service_impl.go:118.2,138.33 19 0
bioskuy/api/v1/seatbooking/service/service_impl.go:141.114,145.16 3 1
bioskuy/api/v1/seatbooking/service/service_impl.go:145.16,148.3 2 1
bioskuy/api/v1/seatbooking/service/service_impl.go:149.2,152.16 3 0
bioskuy/api/v1/seatbooking/service/service_impl.go:152.16,155.3 2 0
bioskuy/api/v1/seatbooking/service/service_impl.go:157.2,157.33 1 0
bioskuy/api/v1/seatbooking/service/service_impl.go:157.33,179.3 2 0
bioskuy/api/v1/seatbooking/service/service_impl.go:181.2,181.34 1 0
bioskuy/api/v1/seatbooking/service/service_impl.go:184.95,186.16 2 1
bioskuy/api/v1/seatbooking/service/service_impl.go:186.16,189.3 2 1
bioskuy/api/v1/seatbooking/service/service_impl.go:190.2,193.16 3 0
bioskuy/api/v1/seatbooking/service/service_impl.go:193.16,196.3 2 0
bioskuy/api/v1/seatbooking/service/service_impl.go:198.2,198.12 1 0
bioskuy/api/v1/showtime/repository/repository_impl.go:18.49,20.2 1 0
bioskuy/api/v1/showtime/repository/repository_impl.go:22.134,30.16 5 0
bioskuy/api/v1/showtime/repository/repository_impl.go:30.16,33.3 2 0
bioskuy/api/v1/showtime/repository/repository_impl.go:35.2,35.22 1 0
bioskuy/api/v1/showtime/repository/repository_impl.go:38.123,48.16 4 0
bioskuy/api/v1/showtime/repository/repository_impl.go:48.16,51.3 2 0
bioskuy/api/v1/showtime/repository/repository_impl.go:52.2,54.16 2 0
bioskuy/api/v1/showtime/repository/repository_impl.go:54.16,60.17 2 0
bioskuy/api/v1/showtime/repository/repository_impl.go:60.17,63.4 2 0
bioskuy/api/v1/showtime/repository/repository_impl.go:65.3,65.23 1 0
bioskuy/api/v1/showtime/repository/repository_impl.go:66.7,68.3 1 0
bioskuy/api/v1/showtime/repository/repository_impl.go:71.113,82.16 4 0
bioskuy/api/v1/showtime/repository/repository_impl.go:82.16,85.3 2 0
bioskuy/api/v1/showtime/repository/repository_impl.go:86.2,88.18 2 0
bioskuy/api/v1/showtime/repository/repository_impl.go:88.18,94.23 2 0
bioskuy/api/v1/showtime/repository/repository_impl.go:94.23,96.4 1 0
bioskuy/api/v1/showtime/repository/repository_impl.go:97.3,97.42 1 0
bioskuy/api/v1/showtime/repository/repository_impl.go:99.2,99.23 1 0
bioskuy/api/v1/showtime/repository/repository_impl.go:102.102,107.16 3 0
bioskuy/api/v1/showtime/repository/repository_impl.go:107.16,110.3 2 0
bioskuy/api/v1/showtime/repository/repository_impl.go:112.2,112.12 1 0
bioskuy/api/v1/showtime/repository/repository_impl.go:115.164,127.19 3 0
bioskuy/api/v1/showtime/repository/repository_impl.go:127.19,130.6 2 0
bioskuy/api/v1/showtime/repository/repository_impl.go:131.5,133.20 2 0
bioskuy/api/v1/showtime/repository/repository_impl.go:133.20,135.6 1 0
bioskuy/api/v1/showtime/repository/repository_impl.go:137.5,137.15 1 0
bioskuy/exception/ForbiddenError.go:7.40,9.2 1 0
bioskuy/exception/InternalServerError.go:7.45,9.2 1 0
bioskuy/exception/NotFoundError.go:7.39,9.2 1 0
bioskuy/exception/ValidationError.go:7.41,9.2 1 0
bioskuy/exception/exception_middleware.go:9.35,12.34 2 0
bioskuy/exception/exception_middleware.go:12.34,13.20 1 0
bioskuy/exception/exception_middleware.go:13.20,15.31 2 0
bioskuy/exception/exception_middleware.go:15.31,17.5 1 0
bioskuy/exception/exception_middleware.go:19.4,19.30 1 0
bioskuy/exception/exception_middleware.go:19.30,21.5 1 0
bioskuy/exception/exception_middleware.go:23.4,23.29 1 0
bioskuy/exception/exception_middleware.go:23.29,25.5 1 0
bioskuy/exception/exception_middleware.go:27.4,27.35 1 0
bioskuy/exception/exception_middleware.go:27.35,29.5 1 0
bioskuy/exception/exception_middleware.go:34.53,35.39 1 0
bioskuy/exception/exception_middleware.go:35.39,38.3 2 0
bioskuy/exception/exception_middleware.go:39.2,39.14 1 0
bioskuy/exception/exception_middleware.go:42.54,43.40 1 0
bioskuy/exception/exception_middleware.go:43.40,46.3 2 0
bioskuy/exception/exception_middleware.go:47.2,47.14 1 0
bioskuy/exception/exception_middleware.go:50.52,51.38 1 0
bioskuy/exception/exception_middleware.go:51.38,54.3 2 0
bioskuy/exception/exception_middleware.go:55.2,55.14 1 0
bioskuy/exception/exception_middleware.go:58.58,59.44 1 0
bioskuy/exception/exception_middleware.go:59.44,61.11 2 0
bioskuy/exception/exception_middleware.go:63.2,63.14 1 0
bioskuy/helper/config.go:25.41,27.19 2 0
bioskuy/helper/config.go:27.19,29.3 1 0
bioskuy/helper/config.go:31.2,43.3 1 0
bioskuy/helper/string_to_date.go:10.60,12.16 2 0
bioskuy/helper/string_to_date.go:12.16,15.3 2 0
bioskuy/helper/string_to_date.go:17.2,17.15 1 0
bioskuy/helper/tx.go:10.52,11.30 1 1
bioskuy/helper/tx.go:11.30,12.55 1 0
bioskuy/helper/tx.go:12.55,14.4 1 0
bioskuy/helper/tx.go:15.3,15.11 1 0
bioskuy/helper/tx.go:16.8,17.24 1 1
bioskuy/helper/tx.go:17.24,18.56 1 1
bioskuy/helper/tx.go:18.56,20.5 1 1
bioskuy/helper/tx.go:21.9,22.50 1 1
bioskuy/helper/tx.go:22.50,24.5 1 1
bioskuy/api/v1/showtime/controller/controller_impl.go:17.77,19.2 1 1
bioskuy/api/v1/showtime/controller/controller_impl.go:21.59,26.16 4 1
bioskuy/api/v1/showtime/controller/controller_impl.go:26.16,29.3 2 0
bioskuy/api/v1/showtime/controller/controller_impl.go:31.2,32.16 2 1
bioskuy/api/v1/showtime/controller/controller_impl.go:32.16,34.3 1 1
bioskuy/api/v1/showtime/controller/controller_impl.go:36.2,41.38 2 1
bioskuy/api/v1/showtime/controller/controller_impl.go:44.67,51.16 5 1
bioskuy/api/v1/showtime/controller/controller_impl.go:51.16,54.3 2 1
bioskuy/api/v1/showtime/controller/controller_impl.go:54.8,59.3 3 1
bioskuy/api/v1/showtime/controller/controller_impl.go:62.67,66.19 3 1
bioskuy/api/v1/showtime/controller/controller_impl.go:66.19,69.6 2 0
bioskuy/api/v1/showtime/controller/controller_impl.go:71.5,76.36 2 1
bioskuy/api/v1/showtime/controller/controller_impl.go:79.59,85.16 5 1
bioskuy/api/v1/showtime/controller/controller_impl.go:85.16,89.3 2 1
bioskuy/api/v1/showtime/controller/controller_impl.go:89.8,94.3 3 1
bioskuy/api/v1/showtime/repository/repository_impl.go:18.49,20.2 1 0
bioskuy/api/v1/showtime/repository/repository_impl.go:22.134,30.16 5 0
bioskuy/api/v1/showtime/repository/repository_impl.go:30.16,33.3 2 0
bioskuy/api/v1/showtime/repository/repository_impl.go:35.2,35.22 1 0
bioskuy/api/v1/showtime/repository/repository_impl.go:38.123,48.16 4 0
bioskuy/api/v1/showtime/repository/repository_impl.go:48.16,51.3 2 0
bioskuy/api/v1/showtime/repository/repository_impl.go:52.2,54.16 2 0
bioskuy/api/v1/showtime/repository/repository_impl.go:54.16,60.17 2 0
bioskuy/api/v1/showtime/repository/repository_impl.go:60.17,63.4 2 0
bioskuy/api/v1/showtime/repository/repository_impl.go:65.3,65.23 1 0
bioskuy/api/v1/showtime/repository/repository_impl.go:66.7,68.3 1 0
bioskuy/api/v1/showtime/repository/repository_impl.go:71.113,82.16 4 0
bioskuy/api/v1/showtime/repository/repository_impl.go:82.16,85.3 2 0
bioskuy/api/v1/showtime/repository/repository_impl.go:86.2,88.18 2 0
bioskuy/api/v1/showtime/repository/repository_impl.go:88.18,94.23 2 0
bioskuy/api/v1/showtime/repository/repository_impl.go:94.23,96.4 1 0
bioskuy/api/v1/showtime/repository/repository_impl.go:97.3,97.42 1 0
bioskuy/api/v1/showtime/repository/repository_impl.go:99.2,99.23 1 0
bioskuy/api/v1/showtime/repository/repository_impl.go:102.102,107.16 3 0
bioskuy/api/v1/showtime/repository/repository_impl.go:107.16,110.3 2 0
bioskuy/api/v1/showtime/repository/repository_impl.go:112.2,112.12 1 0
bioskuy/api/v1/showtime/repository/repository_impl.go:115.164,127.19 3 0
bioskuy/api/v1/showtime/repository/repository_impl.go:127.19,130.6 2 0
bioskuy/api/v1/showtime/repository/repository_impl.go:131.5,133.20 2 0
bioskuy/api/v1/showtime/repository/repository_impl.go:133.20,135.6 1 0
bioskuy/api/v1/showtime/repository/repository_impl.go:137.5,137.15 1 0
bioskuy/exception/ForbiddenError.go:7.40,9.2 1 0
bioskuy/exception/InternalServerError.go:7.45,9.2 1 1
bioskuy/exception/NotFoundError.go:7.39,9.2 1 1
bioskuy/exception/ValidationError.go:7.41,9.2 1 0
bioskuy/exception/exception_middleware.go:9.35,12.34 2 0
bioskuy/exception/exception_middleware.go:12.34,13.20 1 0
bioskuy/exception/exception_middleware.go:13.20,15.31 2 0
bioskuy/exception/exception_middleware.go:15.31,17.5 1 0
bioskuy/exception/exception_middleware.go:19.4,19.30 1 0
bioskuy/exception/exception_middleware.go:19.30,21.5 1 0
bioskuy/exception/exception_middleware.go:23.4,23.29 1 0
bioskuy/exception/exception_middleware.go:23.29,25.5 1 0
bioskuy/exception/exception_middleware.go:27.4,27.35 1 0
bioskuy/exception/exception_middleware.go:27.35,29.5 1 0
bioskuy/exception/exception_middleware.go:34.53,35.39 1 0
bioskuy/exception/exception_middleware.go:35.39,38.3 2 0
bioskuy/exception/exception_middleware.go:39.2,39.14 1 0
bioskuy/exception/exception_middleware.go:42.54,43.40 1 0
bioskuy/exception/exception_middleware.go:43.40,46.3 2 0
bioskuy/exception/exception_middleware.go:47.2,47.14 1 0
bioskuy/exception/exception_middleware.go:50.52,51.38 1 0
bioskuy/exception/exception_middleware.go:51.38,54.3 2 0
bioskuy/exception/exception_middleware.go:55.2,55.14 1 0
bioskuy/exception/exception_middleware.go:58.58,59.44 1 0
bioskuy/exception/exception_middleware.go:59.44,61.11 2 0
bioskuy/exception/exception_middleware.go:63.2,63.14 1 0
bioskuy/helper/config.go:25.41,27.19 2 0
bioskuy/helper/config.go:27.19,29.3 1 0
bioskuy/helper/config.go:31.2,43.3 1 0
bioskuy/helper/string_to_date.go:10.60,12.16 2 1
bioskuy/helper/string_to_date.go:12.16,15.3 2 0
bioskuy/helper/string_to_date.go:17.2,17.15 1 1
bioskuy/helper/tx.go:10.52,11.30 1 0
bioskuy/helper/tx.go:11.30,12.55 1 0
bioskuy/helper/tx.go:12.55,14.4 1 0
bioskuy/helper/tx.go:15.3,15.11 1 0
bioskuy/helper/tx.go:16.8,17.24 1 0
bioskuy/helper/tx.go:17.24,18.56 1 0
bioskuy/helper/tx.go:18.56,20.5 1 0
bioskuy/helper/tx.go:21.9,22.50 1 0
bioskuy/helper/tx.go:22.50,24.5 1 0
bioskuy/api/v1/showtime/repository/repository_impl.go:18.49,20.2 1 0
bioskuy/api/v1/showtime/repository/repository_impl.go:22.134,30.16 5 0
bioskuy/api/v1/showtime/repository/repository_impl.go:30.16,33.3 2 0
bioskuy/api/v1/showtime/repository/repository_impl.go:35.2,35.22 1 0
bioskuy/api/v1/showtime/repository/repository_impl.go:38.123,48.16 4 0
bioskuy/api/v1/showtime/repository/repository_impl.go:48.16,51.3 2 0
bioskuy/api/v1/showtime/repository/repository_impl.go:52.2,54.16 2 0
bioskuy/api/v1/showtime/repository/repository_impl.go:54.16,60.17 2 0
bioskuy/api/v1/showtime/repository/repository_impl.go:60.17,63.4 2 0
bioskuy/api/v1/showtime/repository/repository_impl.go:65.3,65.23 1 0
bioskuy/api/v1/showtime/repository/repository_impl.go:66.7,68.3 1 0
bioskuy/api/v1/showtime/repository/repository_impl.go:71.113,82.16 4 0
bioskuy/api/v1/showtime/repository/repository_impl.go:82.16,85.3 2 0
bioskuy/api/v1/showtime/repository/repository_impl.go:86.2,88.18 2 0
bioskuy/api/v1/showtime/repository/repository_impl.go:88.18,94.23 2 0
bioskuy/api/v1/showtime/repository/repository_impl.go:94.23,96.4 1 0
bioskuy/api/v1/showtime/repository/repository_impl.go:97.3,97.42 1 0
bioskuy/api/v1/showtime/repository/repository_impl.go:99.2,99.23 1 0
bioskuy/api/v1/showtime/repository/repository_impl.go:102.102,107.16 3 0
bioskuy/api/v1/showtime/repository/repository_impl.go:107.16,110.3 2 0
bioskuy/api/v1/showtime/repository/repository_impl.go:112.2,112.12 1 0
bioskuy/api/v1/showtime/repository/repository_impl.go:115.164,127.19 3 0
bioskuy/api/v1/showtime/repository/repository_impl.go:127.19,130.6 2 0
bioskuy/api/v1/showtime/repository/repository_impl.go:131.5,133.20 2 0
bioskuy/api/v1/showtime/repository/repository_impl.go:133.20,135.6 1 0
bioskuy/api/v1/showtime/repository/repository_impl.go:137.5,137.15 1 0
bioskuy/api/v1/showtime/route/route.go:18.105,28.2 8 0
bioskuy/api/v1/showtime/route/route.go:28.2,30.3 2 0
bioskuy/api/v1/showtime/route/route.go:30.3,35.4 4 0
bioskuy/api/v1/showtime/repository/repository_impl.go:18.49,20.2 1 1
bioskuy/api/v1/showtime/repository/repository_impl.go:22.134,30.16 5 1
bioskuy/api/v1/showtime/repository/repository_impl.go:30.16,33.3 2 1
bioskuy/api/v1/showtime/repository/repository_impl.go:35.2,35.22 1 1
bioskuy/api/v1/showtime/repository/repository_impl.go:38.123,48.16 4 1
bioskuy/api/v1/showtime/repository/repository_impl.go:48.16,51.3 2 1
bioskuy/api/v1/showtime/repository/repository_impl.go:52.2,54.16 2 1
bioskuy/api/v1/showtime/repository/repository_impl.go:54.16,60.17 2 1
bioskuy/api/v1/showtime/repository/repository_impl.go:60.17,63.4 2 1
bioskuy/api/v1/showtime/repository/repository_impl.go:65.3,65.23 1 1
bioskuy/api/v1/showtime/repository/repository_impl.go:66.7,68.3 1 1
bioskuy/api/v1/showtime/repository/repository_impl.go:71.113,82.16 4 1
bioskuy/api/v1/showtime/repository/repository_impl.go:82.16,85.3 2 1
bioskuy/api/v1/showtime/repository/repository_impl.go:86.2,88.18 2 1
bioskuy/api/v1/showtime/repository/repository_impl.go:88.18,94.23 2 1
bioskuy/api/v1/showtime/repository/repository_impl.go:94.23,96.4 1 0
bioskuy/api/v1/showtime/repository/repository_impl.go:97.3,97.42 1 1
bioskuy/api/v1/showtime/repository/repository_impl.go:99.2,99.23 1 1
bioskuy/api/v1/showtime/repository/repository_impl.go:102.102,107.16 3 1
bioskuy/api/v1/showtime/repository/repository_impl.go:107.16,110.3 2 1
bioskuy/api/v1/showtime/repository/repository_impl.go:112.2,112.12 1 1
bioskuy/api/v1/showtime/repository/repository_impl.go:115.164,127.19 3 1
bioskuy/api/v1/showtime/repository/repository_impl.go:127.19,130.6 2 1
bioskuy/api/v1/showtime/repository/repository_impl.go:131.5,133.20 2 0
bioskuy/api/v1/showtime/repository/repository_impl.go:133.20,135.6 1 0
bioskuy/api/v1/showtime/repository/repository_impl.go:137.5,137.15 1 0
bioskuy/exception/ForbiddenError.go:7.40,9.2 1 0
bioskuy/exception/InternalServerError.go:7.45,9.2 1 0
bioskuy/exception/NotFoundError.go:7.39,9.2 1 0
bioskuy/exception/ValidationError.go:7.41,9.2 1 0
bioskuy/exception/exception_middleware.go:9.35,12.34 2 0
bioskuy/exception/exception_middleware.go:12.34,13.20 1 0
bioskuy/exception/exception_middleware.go:13.20,15.31 2 0
bioskuy/exception/exception_middleware.go:15.31,17.5 1 0
bioskuy/exception/exception_middleware.go:19.4,19.30 1 0
bioskuy/exception/exception_middleware.go:19.30,21.5 1 0
bioskuy/exception/exception_middleware.go:23.4,23.29 1 0
bioskuy/exception/exception_middleware.go:23.29,25.5 1 0
bioskuy/exception/exception_middleware.go:27.4,27.35 1 0
bioskuy/exception/exception_middleware.go:27.35,29.5 1 0
bioskuy/exception/exception_middleware.go:34.53,35.39 1 0
bioskuy/exception/exception_middleware.go:35.39,38.3 2 0
bioskuy/exception/exception_middleware.go:39.2,39.14 1 0
bioskuy/exception/exception_middleware.go:42.54,43.40 1 0
bioskuy/exception/exception_middleware.go:43.40,46.3 2 0
bioskuy/exception/exception_middleware.go:47.2,47.14 1 0
bioskuy/exception/exception_middleware.go:50.52,51.38 1 0
bioskuy/exception/exception_middleware.go:51.38,54.3 2 0
bioskuy/exception/exception_middleware.go:55.2,55.14 1 0
bioskuy/exception/exception_middleware.go:58.58,59.44 1 0
bioskuy/exception/exception_middleware.go:59.44,61.11 2 0
bioskuy/exception/exception_middleware.go:63.2,63.14 1 0
bioskuy/api/v1/showtime/repository/repository_impl.go:18.49,20.2 1 0
bioskuy/api/v1/showtime/repository/repository_impl.go:22.134,30.16 5 0
bioskuy/api/v1/showtime/repository/repository_impl.go:30.16,33.3 2 0
bioskuy/api/v1/showtime/repository/repository_impl.go:35.2,35.22 1 0
bioskuy/api/v1/showtime/repository/repository_impl.go:38.123,48.16 4 0
bioskuy/api/v1/showtime/repository/repository_impl.go:48.16,51.3 2 0
bioskuy/api/v1/showtime/repository/repository_impl.go:52.2,54.16 2 0
bioskuy/api/v1/showtime/repository/repository_impl.go:54.16,60.17 2 0
bioskuy/api/v1/showtime/repository/repository_impl.go:60.17,63.4 2 0
bioskuy/api/v1/showtime/repository/repository_impl.go:65.3,65.23 1 0
bioskuy/api/v1/showtime/repository/repository_impl.go:66.7,68.3 1 0
bioskuy/api/v1/showtime/repository/repository_impl.go:71.113,82.16 4 0
bioskuy/api/v1/showtime/repository/repository_impl.go:82.16,85.3 2 0
bioskuy/api/v1/showtime/repository/repository_impl.go:86.2,88.18 2 0
bioskuy/api/v1/showtime/repository/repository_impl.go:88.18,94.23 2 0
bioskuy/api/v1/showtime/repository/repository_impl.go:94.23,96.4 1 0
bioskuy/api/v1/showtime/repository/repository_impl.go:97.3,97.42 1 0
bioskuy/api/v1/showtime/repository/repository_impl.go:99.2,99.23 1 0
bioskuy/api/v1/showtime/repository/repository_impl.go:102.102,107.16 3 0
bioskuy/api/v1/showtime/repository/repository_impl.go:107.16,110.3 2 0
bioskuy/api/v1/showtime/repository/repository_impl.go:112.2,112.12 1 0
bioskuy/api/v1/showtime/repository/repository_impl.go:115.164,127.19 3 0
bioskuy/api/v1/showtime/repository/repository_impl.go:127.19,130.6 2 0
bioskuy/api/v1/showtime/repository/repository_impl.go:131.5,133.20 2 0
bioskuy/api/v1/showtime/repository/repository_impl.go:133.20,135.6 1 0
bioskuy/api/v1/showtime/repository/repository_impl.go:137.5,137.15 1 0
bioskuy/api/v1/showtime/service/service_impl.go:28.200,36.2 1 0
bioskuy/api/v1/showtime/service/service_impl.go:38.145,47.16 7 1
bioskuy/api/v1/showtime/service/service_impl.go:47.16,50.3 2 0
bioskuy/api/v1/showtime/service/service_impl.go:52.2,53.16 2 1
bioskuy/api/v1/showtime/service/service_impl.go:53.16,56.3 2 1
bioskuy/api/v1/showtime/service/service_impl.go:57.2,60.16 3 1
bioskuy/api/v1/showtime/service/service_impl.go:60.16,63.3 2 1
bioskuy/api/v1/showtime/service/service_impl.go:65.2,66.16 2 1
bioskuy/api/v1/showtime/service/service_impl.go:66.16,69.3 2 0
bioskuy/api/v1/showtime/service/service_impl.go:71.2,85.16 6 1
bioskuy/api/v1/showtime/service/service_impl.go:85.16,88.3 2 0
bioskuy/api/v1/showtime/service/service_impl.go:90.2,91.16 2 1
bioskuy/api/v1/showtime/service/service_impl.go:91.16,94.3 2 0
bioskuy/api/v1/showtime/service/service_impl.go:96.2,101.30 5 1
bioskuy/api/v1/showtime/service/service_impl.go:104.119,108.16 3 1
bioskuy/api/v1/showtime/service/service_impl.go:108.16,111.3 2 0
bioskuy/api/v1/showtime/service/service_impl.go:112.2,115.16 3 1
bioskuy/api/v1/showtime/service/service_impl.go:115.16,118.3 2 1
bioskuy/api/v1/showtime/service/service_impl.go:120.2,130.30 10 1
bioskuy/api/v1/showtime/service/service_impl.go:133.109,137.16 3 1
bioskuy/api/v1/showtime/service/service_impl.go:137.16,140.3 2 1
bioskuy/api/v1/showtime/service/service_impl.go:141.2,144.16 3 1
bioskuy/api/v1/showtime/service/service_impl.go:144.16,147.3 2 0
bioskuy/api/v1/showtime/service/service_impl.go:149.2,149.33 1 1
bioskuy/api/v1/showtime/service/service_impl.go:149.33,162.3 2 1
bioskuy/api/v1/showtime/service/service_impl.go:164.2,164.31 1 1
bioskuy/api/v1/showtime/service/service_impl.go:167.92,171.16 3 1
bioskuy/api/v1/showtime/service/service_impl.go:171.16,174.3 2 0
bioskuy/api/v1/showtime/service/service_impl.go:175.2,178.16 3 1
bioskuy/api/v1/showtime/service/service_impl.go:178.16,181.3 2 1
bioskuy/api/v1/showtime/service/service_impl.go:183.2,186.16 3 1
bioskuy/api/v1/showtime/service/service_impl.go:186.16,189.3 2 1
bioskuy/api/v1/showtime/service/service_impl.go:191.2,191.12 1 1
bioskuy/exception/ForbiddenError.go:7.40,9.2 1 0
bioskuy/exception/InternalServerError.go:7.45,9.2 1 1
bioskuy/exception/NotFoundError.go:7.39,9.2 1 1
bioskuy/exception/ValidationError.go:7.41,9.2 1 0
bioskuy/exception/exception_middleware.go:9.35,12.34 2 0
bioskuy/exception/exception_middleware.go:12.34,13.20 1 0
bioskuy/exception/exception_middleware.go:13.20,15.31 2 0
bioskuy/exception/exception_middleware.go:15.31,17.5 1 0
bioskuy/exception/exception_middleware.go:19.4,19.30 1 0
bioskuy/exception/exception_middleware.go:19.30,21.5 1 0
bioskuy/exception/exception_middleware.go:23.4,23.29 1 0
bioskuy/exception/exception_middleware.go:23.29,25.5 1 0
bioskuy/exception/exception_middleware.go:27.4,27.35 1 0
bioskuy/exception/exception_middleware.go:27.35,29.5 1 0
bioskuy/exception/exception_middleware.go:34.53,35.39 1 0
bioskuy/exception/exception_middleware.go:35.39,38.3 2 0
bioskuy/exception/exception_middleware.go:39.2,39.14 1 0
bioskuy/exception/exception_middleware.go:42.54,43.40 1 0
bioskuy/exception/exception_middleware.go:43.40,46.3 2 0
bioskuy/exception/exception_middleware.go:47.2,47.14 1 0
bioskuy/exception/exception_middleware.go:50.52,51.38 1 0
bioskuy/exception/exception_middleware.go:51.38,54.3 2 0
bioskuy/exception/exception_middleware.go:55.2,55.14 1 0
bioskuy/exception/exception_middleware.go:58.58,59.44 1 0
bioskuy/exception/exception_middleware.go:59.44,61.11 2 0
bioskuy/exception/exception_middleware.go:63.2,63.14 1 0
bioskuy/helper/config.go:25.41,27.19 2 0
bioskuy/helper/config.go:27.19,29.3 1 0
bioskuy/helper/config.go:31.2,43.3 1 0
bioskuy/helper/string_to_date.go:10.60,12.16 2 1
bioskuy/helper/string_to_date.go:12.16,15.3 2 1
bioskuy/helper/string_to_date.go:17.2,17.15 1 1
bioskuy/helper/tx.go:10.52,11.30 1 1
bioskuy/helper/tx.go:11.30,12.55 1 0
bioskuy/helper/tx.go:12.55,14.4 1 0
bioskuy/helper/tx.go:15.3,15.11 1 0
bioskuy/helper/tx.go:16.8,17.24 1 1
bioskuy/helper/tx.go:17.24,18.56 1 1
bioskuy/helper/tx.go:18.56,20.5 1 0
bioskuy/helper/tx.go:21.9,22.50 1 1
bioskuy/helper/tx.go:22.50,24.5 1 1
bioskuy/api/v1/studio/controller/controller_impl.go:17.80,19.2 1 1
bioskuy/api/v1/studio/controller/controller_impl.go:21.65,27.16 4 1
bioskuy/api/v1/studio/controller/controller_impl.go:27.16,30.3 2 1
bioskuy/api/v1/studio/controller/controller_impl.go:32.2,33.16 2 1
bioskuy/api/v1/studio/controller/controller_impl.go:33.16,35.3 1 0
bioskuy/api/v1/studio/controller/controller_impl.go:37.2,42.38 2 0
bioskuy/api/v1/studio/controller/controller_impl.go:45.65,52.16 5 1
bioskuy/api/v1/studio/controller/controller_impl.go:52.16,55.3 2 1
bioskuy/api/v1/studio/controller/controller_impl.go:55.8,60.3 3 1
bioskuy/api/v1/studio/controller/controller_impl.go:63.65,67.19 3 1
bioskuy/api/v1/studio/controller/controller_impl.go:67.19,70.6 2 0
bioskuy/api/v1/studio/controller/controller_impl.go:72.5,77.36 2 1
bioskuy/api/v1/studio/controller/controller_impl.go:80.57,87.16 5 1
bioskuy/api/v1/studio/controller/controller_impl.go:87.16,90.3 2 1
bioskuy/api/v1/studio/controller/controller_impl.go:92.2,95.16 3 1
bioskuy/api/v1/studio/controller/controller_impl.go:95.16,98.3 2 1
bioskuy/api/v1/studio/controller/controller_impl.go:100.2,105.33 2 1
bioskuy/api/v1/studio/controller/controller_impl.go:108.57,114.16 5 1
bioskuy/api/v1/studio/controller/controller_impl.go:114.16,118.3 2 1
bioskuy/api/v1/studio/controller/controller_impl.go:118.8,123.3 3 1
bioskuy/api/v1/studio/service/service_impl.go:28.153,30.2 1 0
bioskuy/api/v1/studio/service/service_impl.go:32.130,36.19 3 0
bioskuy/api/v1/studio/service/service_impl.go:36.19,39.6 2 0
bioskuy/api/v1/studio/service/service_impl.go:41.5,41.32 1 0
bioskuy/api/v1/studio/service/service_impl.go:41.32,45.6 3 0
bioskuy/api/v1/studio/service/service_impl.go:47.5,48.21 2 0
bioskuy/api/v1/studio/service/service_impl.go:48.21,52.6 3 0
bioskuy/api/v1/studio/service/service_impl.go:54.5,55.19 2 0
bioskuy/api/v1/studio/service/service_impl.go:55.19,58.6 2 0
bioskuy/api/v1/studio/service/service_impl.go:59.5,67.19 4 0
bioskuy/api/v1/studio/service/service_impl.go:67.19,70.6 2 0
bioskuy/api/v1/studio/service/service_impl.go:72.5,72.40 1 0
bioskuy/api/v1/studio/service/service_impl.go:72.40,73.68 1 0
bioskuy/api/v1/studio/service/service_impl.go:73.68,75.49 2 0
bioskuy/api/v1/studio/service/service_impl.go:75.49,76.22 1 0
bioskuy/api/v1/studio/service/service_impl.go:78.13,87.27 4 0
bioskuy/api/v1/studio/service/service_impl.go:87.27,90.14 2 0
bioskuy/api/v1/studio/service/service_impl.go:94.5,98.31 4 0
bioskuy/api/v1/studio/service/service_impl.go:101.109,106.16 3 0
bioskuy/api/v1/studio/service/service_impl.go:106.16,109.3 2 0
bioskuy/api/v1/studio/service/service_impl.go:110.2,113.16 3 0
bioskuy/api/v1/studio/service/service_impl.go:113.16,116.3 2 0
bioskuy/api/v1/studio/service/service_impl.go:118.2,122.28 4 0
bioskuy/api/v1/studio/service/service_impl.go:125.99,129.16 3 0
bioskuy/api/v1/studio/service/service_impl.go:129.16,132.3 2 0
bioskuy/api/v1/studio/service/service_impl.go:133.2,136.16 3 0
bioskuy/api/v1/studio/service/service_impl.go:136.16,139.3 2 0
bioskuy/api/v1/studio/service/service_impl.go:141.2,141.32 1 0
bioskuy/api/v1/studio/service/service_impl.go:141.32,150.3 5 0
bioskuy/api/v1/studio/service/service_impl.go:152.2,152.29 1 0
bioskuy/api/v1/studio/service/service_impl.go:155.129,160.19 4 0
bioskuy/api/v1/studio/service/service_impl.go:160.19,163.3 2 0
bioskuy/api/v1/studio/service/service_impl.go:165.5,166.19 2 0
bioskuy/api/v1/studio/service/service_impl.go:166.19,169.3 2 0
[...]
bioskuy/api/v1/studio/service/service_impl.go:48.21,52.6 3 0
bioskuy/api/v1/studio/service/service_impl.go:54.5,55.19 2 0
bioskuy/api/v1/studio/service/service_impl.go:55.19,58.6 2 0
bioskuy/api/v1/studio/service/service_impl.go:59.5,67.19 4 0
bioskuy/api/v1/studio/service/service_impl.go:67.19,70.6 2 0
bioskuy/api/v1/studio/service/service_impl.go:72.5,72.40 1 0
bioskuy/api/v1/studio/service/service_impl.go:72.40,73.68 1 0
bioskuy/api/v1/studio/service/service_impl.go:73.68,75.49 2 0
bioskuy/api/v1/studio/service/service_impl.go:75.49,76.22 1 0
bioskuy/api/v1/studio/service/service_impl.go:78.13,87.27 4 0
bioskuy/api/v1/studio/service/service_impl.go:87.27,90.14 2 0
bioskuy/api/v1/studio/service/service_impl.go:94.5,98.31 4 0
bioskuy/api/v1/studio/service/service_impl.go:101.109,106.16 3 0
bioskuy/api/v1/studio/service/service_impl.go:106.16,109.3 2 0
bioskuy/api/v1/studio/service/service_impl.go:110.2,113.16 3 0
bioskuy/api/v1/studio/service/service_impl.go:113.16,116.3 2 0
bioskuy/api/v1/studio/service/service_impl.go:118.2,122.28 4 0
bioskuy/api/v1/studio/service/service_impl.go:125.99,129.16 3 0
bioskuy/api/v1/studio/service/service_impl.go:129.16,132.3 2 0
bioskuy/api/v1/studio/service/service_impl.go:133.2,136.16 3 0
bioskuy/api/v1/studio/service/service_impl.go:136.16,139.3 2 0
bioskuy/api/v1/studio/service/service_impl.go:141.2,141.32 1 0
bioskuy/api/v1/studio/service/service_impl.go:141.32,150.3 5 0
bioskuy/api/v1/studio/service/service_impl.go:152.2,152.29 1 0
bioskuy/api/v1/studio/service/service_impl.go:155.129,160.19 4 0
bioskuy/api/v1/studio/service/service_impl.go:160.19,163.3 2 0
bioskuy/api/v1/studio/service/service_impl.go:165.5,166.19 2 0
bioskuy/api/v1/studio/service/service_impl.go:166.19,169.3 2 0
bioskuy/api/v1/studio/service/service_impl.go:171.5,172.19 2 0
bioskuy/api/v1/studio/service/service_impl.go:172.19,175.3 2 0
bioskuy/api/v1/studio/service/service_impl.go:176.5,182.24 5 0
bioskuy/api/v1/studio/service/service_impl.go:182.24,184.3 1 0
bioskuy/api/v1/studio/service/service_impl.go:186.5,187.16 2 0
bioskuy/api/v1/studio/service/service_impl.go:187.16,190.3 2 0
bioskuy/api/v1/studio/service/service_impl.go:192.5,196.31 4 0
bioskuy/api/v1/studio/service/service_impl.go:199.86,201.19 2 0
bioskuy/api/v1/studio/service/service_impl.go:201.19,204.6 2 0
bioskuy/api/v1/studio/service/service_impl.go:205.5,208.19 3 0
bioskuy/api/v1/studio/service/service_impl.go:208.19,211.6 2 0
bioskuy/api/v1/studio/service/service_impl.go:213.5,214.19 2 0
bioskuy/api/v1/studio/service/service_impl.go:214.19,217.6 2 0
bioskuy/api/v1/studio/service/service_impl.go:219.5,220.19 2 0
bioskuy/api/v1/studio/service/service_impl.go:220.19,223.6 2 0
bioskuy/api/v1/studio/service/service_impl.go:225.5,225.15 1 0
bioskuy/api/v1/studio/service/service_impl.go:28.153,30.2 1 1
bioskuy/api/v1/studio/service/service_impl.go:32.130,36.19 3 1
bioskuy/api/v1/studio/service/service_impl.go:36.19,39.6 2 1
bioskuy/api/v1/studio/service/service_impl.go:41.5,41.32 1 1
bioskuy/api/v1/studio/service/service_impl.go:41.32,45.6 3 0
bioskuy/api/v1/studio/service/service_impl.go:47.5,48.21 2 1
bioskuy/api/v1/studio/service/service_impl.go:48.21,52.6 3 0
bioskuy/api/v1/studio/service/service_impl.go:54.5,55.19 2 1
bioskuy/api/v1/studio/service/service_impl.go:55.19,58.6 2 0
bioskuy/api/v1/studio/service/service_impl.go:59.5,67.19 4 1
bioskuy/api/v1/studio/service/service_impl.go:67.19,70.6 2 1
bioskuy/api/v1/studio/service/service_impl.go:72.5,72.40 1 1
bioskuy/api/v1/studio/service/service_impl.go:72.40,73.68 1 1
bioskuy/api/v1/studio/service/service_impl.go:73.68,75.49 2 1
bioskuy/api/v1/studio/service/service_impl.go:75.49,76.22 1 0
bioskuy/api/v1/studio/service/service_impl.go:78.13,87.27 4 1
bioskuy/api/v1/studio/service/service_impl.go:87.27,90.14 2 0
bioskuy/api/v1/studio/service/service_impl.go:94.5,98.31 4 1
bioskuy/api/v1/studio/service/service_impl.go:101.109,106.16 3 1
bioskuy/api/v1/studio/service/service_impl.go:106.16,109.3 2 1
bioskuy/api/v1/studio/service/service_impl.go:110.2,113.16 3 1
bioskuy/api/v1/studio/service/service_impl.go:113.16,116.3 2 1
bioskuy/api/v1/studio/service/service_impl.go:118.2,122.28 4 1
bioskuy/api/v1/studio/service/service_impl.go:125.99,129.16 3 1
bioskuy/api/v1/studio/service/service_impl.go:129.16,132.3 2 0
bioskuy/api/v1/studio/service/service_impl.go:133.2,136.16 3 1
bioskuy/api/v1/studio/service/service_impl.go:136.16,139.3 2 0
bioskuy/api/v1/studio/service/service_impl.go:141.2,141.32 1 1
bioskuy/api/v1/studio/service/service_impl.go:141.32,150.3 5 1
bioskuy/api/v1/studio/service/service_impl.go:152.2,152.29 1 1
bioskuy/api/v1/studio/service/service_impl.go:155.129,160.19 4 1
bioskuy/api/v1/studio/service/service_impl.go:160.19,163.3 2 0
bioskuy/api/v1/studio/service/service_impl.go:165.5,166.19 2 1
bioskuy/api/v1/studio/service/service_impl.go:166.19,169.3 2 1
bioskuy/api/v1/studio/service/service_impl.go:171.5,172.19 2 1
bioskuy/api/v1/studio/service/service_impl.go:172.19,175.3 2 1
bioskuy/api/v1/studio/service/service_impl.go:176.5,182.24 5 0
bioskuy/api/v1/studio/service/service_impl.go:182.24,184.3 1 0
bioskuy/api/v1/studio/service/service_impl.go:186.5,187.16 2 0
bioskuy/api/v1/studio/service/service_impl.go:187.16,190.3 2 0
bioskuy/api/v1/studio/service/service_impl.go:192.5,196.31 4 0
bioskuy/api/v1/studio/service/service_impl.go:199.86,201.19 2 1
bioskuy/api/v1/studio/service/service_impl.go:201.19,204.6 2 0
bioskuy/api/v1/studio/service/service_impl.go:205.5,208.19 3 1
bioskuy/api/v1/studio/service/service_impl.go:208.19,211.6 2 1
bioskuy/api/v1/studio/service/service_impl.go:213.5,214.19 2 1
bioskuy/api/v1/studio/service/service_impl.go:214.19,217.6 2 1
bioskuy/api/v1/studio/service/service_impl.go:219.5,220.19 2 1
bioskuy/api/v1/studio/service/service_impl.go:220.19,223.6 2 1
bioskuy/api/v1/studio/service/service_impl.go:225.5,225.15 1 1
bioskuy/exception/ForbiddenError.go:7.40,9.2 1 0
bioskuy/exception/InternalServerError.go:7.45,9.2 1 1
bioskuy/exception/NotFoundError.go:7.39,9.2 1 1
bioskuy/exception/ValidationError.go:7.41,9.2 1 0
bioskuy/exception/exception_middleware.go:9.35,12.34 2 0
bioskuy/exception/exception_middleware.go:12.34,13.20 1 0
bioskuy/exception/exception_middleware.go:13.20,15.31 2 0
bioskuy/exception/exception_middleware.go:15.31,17.5 1 0
bioskuy/exception/exception_middleware.go:19.4,19.30 1 0
bioskuy/exception/exception_middleware.go:19.30,21.5 1 0
bioskuy/exception/exception_middleware.go:23.4,23.29 1 0
bioskuy/exception/exception_middleware.go:23.29,25.5 1 0
bioskuy/exception/exception_middleware.go:27.4,27.35 1 0
bioskuy/exception/exception_middleware.go:27.35,29.5 1 0
bioskuy/exception/exception_middleware.go:34.53,35.39 1 0
bioskuy/exception/exception_middleware.go:35.39,38.3 2 0
bioskuy/exception/exception_middleware.go:39.2,39.14 1 0
bioskuy/exception/exception_middleware.go:42.54,43.40 1 0
bioskuy/exception/exception_middleware.go:43.40,46.3 2 0
bioskuy/exception/exception_middleware.go:47.2,47.14 1 0
bioskuy/exception/exception_middleware.go:50.52,51.38 1 0
bioskuy/exception/exception_middleware.go:51.38,54.3 2 0
bioskuy/exception/exception_middleware.go:55.2,55.14 1 0
bioskuy/exception/exception_middleware.go:58.58,59.44 1 0
bioskuy/exception/exception_middleware.go:59.44,61.11 2 0
bioskuy/exception/exception_middleware.go:63.2,63.14 1 0
bioskuy/helper/config.go:25.41,27.19 2 0
bioskuy/helper/config.go:27.19,29.3 1 0
bioskuy/helper/config.go:31.2,43.3 1 0
bioskuy/helper/string_to_date.go:10.60,12.16 2 0
bioskuy/helper/string_to_date.go:12.16,15.3 2 0
bioskuy/helper/string_to_date.go:17.2,17.15 1 0
bioskuy/helper/tx.go:10.52,11.30 1 1
bioskuy/helper/tx.go:11.30,12.55 1 1
bioskuy/helper/tx.go:12.55,14.4 1 0
bioskuy/helper/tx.go:15.3,15.11 1 1
bioskuy/helper/tx.go:16.8,17.24 1 1
bioskuy/helper/tx.go:17.24,18.56 1 1
bioskuy/helper/tx.go:18.56,20.5 1 0
bioskuy/helper/tx.go:21.9,22.50 1 1
bioskuy/helper/tx.go:22.50,24.5 1 0
bioskuy/api/v1/user/controller/controller_impl.go:18.72,20.2 1 0
bioskuy/api/v1/user/controller/controller_impl.go:22.60,25.2 1 0
bioskuy/api/v1/user/controller/controller_impl.go:27.63,33.16 4 0
bioskuy/api/v1/user/controller/controller_impl.go:33.16,36.3 2 0
bioskuy/api/v1/user/controller/controller_impl.go:38.2,45.16 3 0
bioskuy/api/v1/user/controller/controller_impl.go:45.16,48.3 2 0
bioskuy/api/v1/user/controller/controller_impl.go:50.2,55.38 2 0
bioskuy/api/v1/user/controller/controller_impl.go:58.56,64.16 5 0
bioskuy/api/v1/user/controller/controller_impl.go:64.16,67.3 2 0
bioskuy/api/v1/user/controller/controller_impl.go:69.2,72.33 3 0
bioskuy/api/v1/user/controller/controller_impl.go:75.56,79.16 3 0
bioskuy/api/v1/user/controller/controller_impl.go:79.16,82.3 2 0
bioskuy/api/v1/user/controller/controller_impl.go:84.2,89.34 2 0
bioskuy/api/v1/user/controller/controller_impl.go:92.55,99.16 5 0
bioskuy/api/v1/user/controller/controller_impl.go:99.16,102.3 2 0
bioskuy/api/v1/user/controller/controller_impl.go:104.2,107.16 3 0
bioskuy/api/v1/user/controller/controller_impl.go:107.16,110.3 2 0
bioskuy/api/v1/user/controller/controller_impl.go:112.2,117.33 2 0
bioskuy/api/v1/user/controller/controller_impl.go:120.55,126.16 5 0
bioskuy/api/v1/user/controller/controller_impl.go:126.16,130.3 2 0
bioskuy/api/v1/user/controller/controller_impl.go:130.8,135.3 3 0
bioskuy/api/v1/user/route/route.go:16.101,25.2 6 0
bioskuy/api/v1/user/route/route.go:25.2,27.3 2 0
bioskuy/api/v1/user/route/route.go:27.3,34.4 6 0
bioskuy/app/db.go:12.51,17.16 3 0
bioskuy/app/db.go:17.16,18.13 1 0
bioskuy/app/db.go:21.2,26.11 5 0
bioskuy/api/v1/user/repository/repository_impl.go:16.41,18.2 1 1
bioskuy/api/v1/user/repository/repository_impl.go:20.119,25.16 3 1
bioskuy/api/v1/user/repository/repository_impl.go:25.16,28.3 2 1
bioskuy/api/v1/user/repository/repository_impl.go:30.2,30.18 1 0
bioskuy/api/v1/user/repository/repository_impl.go:33.121,39.16 4 1
bioskuy/api/v1/user/repository/repository_impl.go:39.16,42.3 2 1
bioskuy/api/v1/user/repository/repository_impl.go:43.2,45.16 2 1
bioskuy/api/v1/user/repository/repository_impl.go:45.16,47.17 2 1
bioskuy/api/v1/user/repository/repository_impl.go:47.17,50.4 2 1
bioskuy/api/v1/user/repository/repository_impl.go:52.3,52.19 1 1
bioskuy/api/v1/user/repository/repository_impl.go:53.7,55.3 1 1
bioskuy/api/v1/user/repository/repository_impl.go:58.115,64.16 4 1
bioskuy/api/v1/user/repository/repository_impl.go:64.16,67.3 2 1
bioskuy/api/v1/user/repository/repository_impl.go:68.2,70.16 2 1
bioskuy/api/v1/user/repository/repository_impl.go:70.16,72.17 2 1
bioskuy/api/v1/user/repository/repository_impl.go:72.17,75.4 2 1
bioskuy/api/v1/user/repository/repository_impl.go:77.3,77.19 1 1
bioskuy/api/v1/user/repository/repository_impl.go:78.7,80.3 1 1
bioskuy/api/v1/user/repository/repository_impl.go:83.105,89.16 4 1
bioskuy/api/v1/user/repository/repository_impl.go:89.16,92.3 2 1
bioskuy/api/v1/user/repository/repository_impl.go:93.2,95.18 2 1
bioskuy/api/v1/user/repository/repository_impl.go:95.18,97.94 2 1
bioskuy/api/v1/user/repository/repository_impl.go:97.94,99.4 1 1
bioskuy/api/v1/user/repository/repository_impl.go:100.3,100.30 1 1
bioskuy/api/v1/user/repository/repository_impl.go:102.2,102.19 1 1
bioskuy/api/v1/user/repository/repository_impl.go:105.125,111.16 3 0
bioskuy/api/v1/user/repository/repository_impl.go:111.16,114.3 2 0
bioskuy/api/v1/user/repository/repository_impl.go:116.2,116.18 1 0
bioskuy/api/v1/user/repository/repository_impl.go:119.120,125.16 3 1
bioskuy/api/v1/user/repository/repository_impl.go:125.16,128.3 2 1
bioskuy/api/v1/user/repository/repository_impl.go:130.2,130.18 1 1
bioskuy/api/v1/user/repository/repository_impl.go:133.98,138.16 3 1
bioskuy/api/v1/user/repository/repository_impl.go:138.16,141.3 2 1
bioskuy/api/v1/user/repository/repository_impl.go:143.2,143.12 1 1
bioskuy/exception/ForbiddenError.go:7.40,9.2 1 0
bioskuy/exception/InternalServerError.go:7.45,9.2 1 0
bioskuy/exception/NotFoundError.go:7.39,9.2 1 0
bioskuy/exception/ValidationError.go:7.41,9.2 1 0
bioskuy/exception/exception_middleware.go:9.35,12.34 2 0
bioskuy/exception/exception_middleware.go:12.34,13.20 1 0
bioskuy/exception/exception_middleware.go:13.20,15.31 2 0
bioskuy/exception/exception_middleware.go:15.31,17.5 1 0
bioskuy/exception/exception_middleware.go:19.4,19.30 1 0
bioskuy/exception/exception_middleware.go:19.30,21.5 1 0
bioskuy/exception/exception_middleware.go:23.4,23.29 1 0
bioskuy/exception/exception_middleware.go:23.29,25.5 1 0
bioskuy/exception/exception_middleware.go:27.4,27.35 1 0
bioskuy/exception/exception_middleware.go:27.35,29.5 1 0
bioskuy/exception/exception_middleware.go:34.53,35.39 1 0
bioskuy/exception/exception_middleware.go:35.39,38.3 2 0
bioskuy/exception/exception_middleware.go:39.2,39.14 1 0
bioskuy/exception/exception_middleware.go:42.54,43.40 1 0
bioskuy/exception/exception_middleware.go:43.40,46.3 2 0
bioskuy/exception/exception_middleware.go:47.2,47.14 1 0
bioskuy/exception/exception_middleware.go:50.52,51.38 1 0
bioskuy/exception/exception_middleware.go:51.38,54.3 2 0
bioskuy/exception/exception_middleware.go:55.2,55.14 1 0
bioskuy/exception/exception_middleware.go:58.58,59.44 1 0
bioskuy/exception/exception_middleware.go:59.44,61.11 2 0
bioskuy/exception/exception_middleware.go:63.2,63.14 1 0
bioskuy/api/v1/user/service/service_impl.go:25.122,27.2 1 0
bioskuy/api/v1/user/service/service_impl.go:29.44,33.2 2 0
bioskuy/api/v1/user/service/service_impl.go:35.139,39.16 3 0
bioskuy/api/v1/user/service/service_impl.go:39.16,42.3 2 0
bioskuy/api/v1/user/service/service_impl.go:44.2,45.16 2 0
bioskuy/api/v1/user/service/service_impl.go:45.16,48.3 2 0
bioskuy/api/v1/user/service/service_impl.go:49.2,60.16 5 0
bioskuy/api/v1/user/service/service_impl.go:60.16,62.17 2 0
bioskuy/api/v1/user/service/service_impl.go:62.17,65.4 2 0
bioskuy/api/v1/user/service/service_impl.go:69.2,72.16 3 0
bioskuy/api/v1/user/service/service_impl.go:72.16,75.3 2 0
bioskuy/api/v1/user/service/service_impl.go:77.2,81.16 4 0
bioskuy/api/v1/user/service/service_impl.go:81.16,84.3 2 0
bioskuy/api/v1/user/service/service_impl.go:86.2,88.26 2 0
bioskuy/api/v1/user/service/service_impl.go:91.112,96.16 3 0
bioskuy/api/v1/user/service/service_impl.go:96.16,99.3 2 0
bioskuy/api/v1/user/service/service_impl.go:100.2,103.16 3 0
bioskuy/api/v1/user/service/service_impl.go:103.16,106.3 2 0
bioskuy/api/v1/user/service/service_impl.go:108.2,113.26 5 0
bioskuy/api/v1/user/service/service_impl.go:116.106,121.16 3 0
bioskuy/api/v1/user/service/service_impl.go:121.16,124.3 2 0
bioskuy/api/v1/user/service/service_impl.go:125.2,128.16 3 0
bioskuy/api/v1/user/service/service_impl.go:128.16,131.3 2 0
bioskuy/api/v1/user/service/service_impl.go:133.2,138.26 5 0
bioskuy/api/v1/user/service/service_impl.go:141.96,145.16 3 0
bioskuy/api/v1/user/service/service_impl.go:145.16,148.3 2 0
bioskuy/api/v1/user/service/service_impl.go:149.2,152.16 3 0
bioskuy/api/v1/user/service/service_impl.go:152.16,155.3 2 0
bioskuy/api/v1/user/service/service_impl.go:157.2,157.34 1 0
bioskuy/api/v1/user/service/service_impl.go:157.34,167.3 6 0
bioskuy/api/v1/user/service/service_impl.go:169.2,169.27 1 0
bioskuy/api/v1/user/service/service_impl.go:172.124,177.16 4 0
bioskuy/api/v1/user/service/service_impl.go:177.16,180.3 2 0
bioskuy/api/v1/user/service/service_impl.go:182.2,183.16 2 0
bioskuy/api/v1/user/service/service_impl.go:183.16,186.3 2 0
bioskuy/api/v1/user/service/service_impl.go:188.2,189.16 2 0
bioskuy/api/v1/user/service/service_impl.go:189.16,192.3 2 0
bioskuy/api/v1/user/service/service_impl.go:193.2,198.24 4 0
bioskuy/api/v1/user/service/service_impl.go:198.24,200.3 1 0
bioskuy/api/v1/user/service/service_impl.go:202.2,203.16 2 0
bioskuy/api/v1/user/service/service_impl.go:203.16,206.3 2 0
bioskuy/api/v1/user/service/service_impl.go:208.2,213.26 5 0
bioskuy/api/v1/user/service/service_impl.go:216.84,220.16 3 0
bioskuy/api/v1/user/service/service_impl.go:220.16,223.3 2 0
bioskuy/api/v1/user/service/service_impl.go:224.2,227.16 3 0
bioskuy/api/v1/user/service/service_impl.go:227.16,230.3 2 0
bioskuy/api/v1/user/service/service_impl.go:232.2,235.16 3 0
bioskuy/api/v1/user/service/service_impl.go:235.16,238.3 2 0
bioskuy/api/v1/user/service/service_impl.go:240.2,240.12 1 0
bioskuy/auth/auth_Imp.go:18.49,22.2 1 0
bioskuy/auth/auth_Imp.go:24.86,38.16 10 0
bioskuy/auth/auth_Imp.go:38.16,39.13 1 0
bioskuy/auth/auth_Imp.go:42.2,42.25 1 0
bioskuy/auth/auth_Imp.go:45.80,46.84 1 0
bioskuy/auth/auth_Imp.go:46.84,47.58 1 0
bioskuy/auth/auth_Imp.go:47.58,49.4 1 0
bioskuy/auth/auth_Imp.go:50.3,50.38 1 0
bioskuy/auth/auth_Imp.go:53.2,53.16 1 0
bioskuy/auth/auth_Imp.go:53.16,55.3 1 0
bioskuy/auth/auth_Imp.go:57.2,57.67 1 0
bioskuy/auth/auth_Imp.go:57.67,59.3 1 0
bioskuy/auth/auth_Imp.go:61.2,61.41 1 0
bioskuy/auth/google_oauth.go:22.13,24.16 2 0
bioskuy/auth/google_oauth.go:24.16,26.3 1 0
bioskuy/auth/google_oauth.go:28.2,34.3 1 0
bioskuy/auth/google_oauth.go:37.45,39.2 1 0
bioskuy/auth/google_oauth.go:41.92,43.16 2 0
bioskuy/auth/google_oauth.go:43.16,46.3 2 0
bioskuy/auth/google_oauth.go:48.2,49.16 2 0
bioskuy/auth/google_oauth.go:49.16,52.3 2 0
bioskuy/auth/google_oauth.go:54.2,55.16 2 0
bioskuy/auth/google_oauth.go:55.16,58.3 2 0
bioskuy/auth/google_oauth.go:60.2,60.29 1 0
bioskuy/exception/ForbiddenError.go:7.40,9.2 1 0
bioskuy/exception/InternalServerError.go:7.45,9.2 1 0
bioskuy/exception/NotFoundError.go:7.39,9.2 1 0
bioskuy/exception/ValidationError.go:7.41,9.2 1 0
bioskuy/exception/exception_middleware.go:9.35,12.34 2 0
bioskuy/exception/exception_middleware.go:12.34,13.20 1 0
bioskuy/exception/exception_middleware.go:13.20,15.31 2 0
bioskuy/exception/exception_middleware.go:15.31,17.5 1 0
bioskuy/exception/exception_middleware.go:19.4,19.30 1 0
bioskuy/exception/exception_middleware.go:19.30,21.5 1 0
bioskuy/exception/exception_middleware.go:23.4,23.29 1 0
bioskuy/exception/exception_middleware.go:23.29,25.5 1 0
bioskuy/exception/exception_middleware.go:27.4,27.35 1 0
bioskuy/exception/exception_middleware.go:27.35,29.5 1 0
bioskuy/exception/exception_middleware.go:34.53,35.39 1 0
bioskuy/exception/exception_middleware.go:35.39,38.3 2 0
bioskuy/exception/exception_middleware.go:39.2,39.14 1 0
bioskuy/exception/exception_middleware.go:42.54,43.40 1 0
bioskuy/exception/exception_middleware.go:43.40,46.3 2 0
bioskuy/exception/exception_middleware.go:47.2,47.14 1 0
bioskuy/exception/exception_middleware.go:50.52,51.38 1 0
bioskuy/exception/exception_middleware.go:51.38,54.3 2 0
bioskuy/exception/exception_middleware.go:55.2,55.14 1 0
bioskuy/exception/exception_middleware.go:58.58,59.44 1 0
bioskuy/exception/exception_middleware.go:59.44,61.11 2 0
bioskuy/exception/exception_middleware.go:63.2,63.14 1 0
bioskuy/middleware/middleware.go:11.84,12.30 1 0
bioskuy/middleware/middleware.go:12.30,15.46 2 0
bioskuy/middleware/middleware.go:15.46,19.4 3 0
bioskuy/middleware/middleware.go:21.3,23.27 3 0
bioskuy/middleware/middleware.go:23.27,25.4 1 0
bioskuy/middleware/middleware.go:27.3,28.17 2 0
bioskuy/middleware/middleware.go:28.17,32.4 3 0
bioskuy/middleware/middleware.go:34.3,35.43 2 0
bioskuy/middleware/middleware.go:35.43,39.4 3 0
bioskuy/middleware/middleware.go:41.3,46.11 5 0
bioskuy/middleware/middleware.go:50.49,51.26 1 0
bioskuy/middleware/middleware.go:51.26,52.16 1 0
bioskuy/middleware/middleware.go:52.16,54.4 1 0
bioskuy/middleware/middleware.go:56.2,56.14 1 0
bioskuy/helper/config.go:25.41,27.19 2 0
bioskuy/helper/config.go:27.19,29.3 1 0
bioskuy/helper/config.go:31.2,43.3 1 0
bioskuy/helper/string_to_date.go:10.60,12.16 2 0
bioskuy/helper/string_to_date.go:12.16,15.3 2 0
bioskuy/helper/string_to_date.go:17.2,17.15 1 0
bioskuy/helper/tx.go:10.52,11.30 1 0
bioskuy/helper/tx.go:11.30,12.55 1 0
bioskuy/helper/tx.go:12.55,14.4 1 0
bioskuy/helper/tx.go:15.3,15.11 1 0
bioskuy/helper/tx.go:16.8,17.24 1 0
bioskuy/helper/tx.go:17.24,18.56 1 0
bioskuy/helper/tx.go:18.56,20.5 1 0
bioskuy/helper/tx.go:21.9,22.50 1 0
bioskuy/helper/tx.go:22.50,24.5 1 0
